
Initial statistics: 3 variables; iteration 0; function evaluation 0; phase 1
Function value 5.0052844e+05; maximum gradient component mag 1.3422e+07
Var    Value     Gradient |Var    Value     Gradient |Var    Value     Gradient
  1  0.10071  1.34218e+07 |  2  0.04881 -9.17191e+06 |  3 -0.34887 -8.31117e+06

 - final statistics:
3 variables; iteration 18; function evaluation 32
Function value 5.9189e+03; maximum gradient component mag 4.8147e-01
Exit code = 1;  converg criter 1.0000e+01
Var    Value     Gradient |Var    Value     Gradient |Var    Value     Gradient
  1  0.09926  4.81475e-01 |  2  0.02327 -3.73300e-01 |  3 -0.26873 -2.39394e-01

Initial statistics: 15 variables; iteration 0; function evaluation 0; phase 2
Function value 5.9188879e+03; maximum gradient component mag 9.4333e+03
Var    Value     Gradient |Var    Value     Gradient |Var    Value     Gradient
  1  0.05362  5.65307e+02 |  2  0.00272  7.11898e+02 |  3  0.09246  9.74109e+02
  4 -0.03944  2.01994e+02 |  5 -0.29919  6.83674e+01 |  6 -0.02423  9.43329e+03
  7  0.04770  2.61959e+03 |  8  0.00899  2.29998e+02 |  9 -0.25856  4.62105e+01
 10  0.09926  4.81475e-01 | 11  0.02327 -3.73300e-01 | 12 -0.26873 -2.39394e-01
 13 -0.45634 -8.90550e+00 | 14 -0.52962  1.32343e+01 | 15 -0.22222  7.93223e+00

 - final statistics:
15 variables; iteration 19; function evaluation 26
Function value 5.8905e+03; maximum gradient component mag -2.7235e+00
Exit code = 1;  converg criter 1.0000e+01
Var    Value     Gradient |Var    Value     Gradient |Var    Value     Gradient
  1  0.00833  1.22986e+00 |  2 -0.00544  1.23582e+00 |  3  0.10657  1.93523e+00
  4 -0.16564  6.69769e-01 |  5 -0.24294  2.23258e-01 |  6 -0.02436  2.10324e+00
  7  0.04645  4.89926e-01 |  8  0.00234  1.46577e+00 |  9 -0.19945  3.11787e-01
 10  0.09906 -2.72347e+00 | 11  0.02291 -1.71342e+00 | 12 -0.26750  1.32084e+00
 13 -0.42385  6.39050e-03 | 14 -0.58293 -2.56196e-02 | 15 -0.35006 -3.67908e-02

Initial statistics: 16 variables; iteration 0; function evaluation 0; phase 3
Function value 5.8904873e+03; maximum gradient component mag -6.3231e+01
Var    Value     Gradient |Var    Value     Gradient |Var    Value     Gradient
  1  0.32686 -6.32313e+01 |  2  0.00833  1.22986e+00 |  3 -0.00544  1.23582e+00
  4  0.10657  1.93523e+00 |  5 -0.16564  6.69769e-01 |  6 -0.24294  2.23258e-01
  7 -0.02436  2.10324e+00 |  8  0.04645  4.89926e-01 |  9  0.00234  1.46577e+00
 10 -0.19945  3.11787e-01 | 11  0.09906 -2.72347e+00 | 12  0.02291 -1.71342e+00
 13 -0.26750  1.32084e+00 | 14 -0.42385  6.39050e-03 | 15 -0.58293 -2.56196e-02
 16 -0.35006 -3.67908e-02 |

Intermediate statistics: 16 variables; iteration 20; function evaluation 29; phase 3
Function value 5.8717642e+03; maximum gradient component mag 1.3729e+03
Var    Value     Gradient |Var    Value     Gradient |Var    Value     Gradient
  1  0.86808 -1.29561e+01 |  2  0.00787  2.23797e+01 |  3 -0.00629  1.46103e+02
  4  0.10685  1.35769e+02 |  5 -0.16181  8.03394e+00 |  6 -0.24876  3.22145e+00
  7 -0.02430  1.37292e+03 |  8  0.04651  2.84593e+02 |  9  0.00130  1.50836e+01
 10 -0.19956  6.16327e+00 | 11  0.09954 -1.27395e+03 | 12  0.02381 -4.67821e+02
 13 -0.25859  6.63295e+02 | 14 -0.43517 -2.32903e+00 | 15 -0.58882 -4.74725e-01
 16 -0.35449 -4.43882e-01 |

 - final statistics:
16 variables; iteration 26; function evaluation 35
Function value 5.8710e+03; maximum gradient component mag -7.4452e-01
Exit code = 1;  converg criter 1.0000e+00
Var    Value     Gradient |Var    Value     Gradient |Var    Value     Gradient
  1  0.99962 -2.32445e-02 |  2  0.00789  1.46790e-02 |  3 -0.00653  4.77878e-02
  4  0.10707  5.98223e-02 |  5 -0.16093  2.36350e-04 |  6 -0.24925  2.30576e-03
  7 -0.02426  6.60080e-01 |  8  0.04633  2.06260e-01 |  9  0.00030 -5.63629e-03
 10 -0.19860 -5.21272e-03 | 11  0.09962 -7.44520e-01 | 12  0.02373 -3.15213e-02
 13 -0.25858  1.44746e-01 | 14 -0.42564 -2.62619e-03 | 15 -0.58711  2.26292e-03
 16 -0.35043 -1.42760e-03 |

Initial statistics: 26 variables; iteration 0; function evaluation 0; phase 4
Function value 5.8709683e+03; maximum gradient component mag -6.2375e+02
Var    Value     Gradient |Var    Value     Gradient |Var    Value     Gradient
  1  0.99962 -2.32445e-02 |  2  0.00789  1.46790e-02 |  3 -0.00653  4.77878e-02
  4  0.10707  5.98223e-02 |  5 -0.16093  2.36350e-04 |  6 -0.24925  2.30576e-03
  7 -0.02426  6.60080e-01 |  8  0.04633  2.06260e-01 |  9  0.00030 -5.63629e-03
 10 -0.19860 -5.21272e-03 | 11  0.09962 -7.44520e-01 | 12  0.02373 -3.15213e-02
 13 -0.25858  1.44746e-01 | 14 -0.42564 -2.62619e-03 | 15 -0.58711  2.26292e-03
 16 -0.35043 -1.42760e-03 | 17  0.24673  1.69679e+02 | 18  0.10346 -3.82218e+01
 19 -0.16357 -6.23746e+02 | 20  0.17184 -6.31311e+01 | 21 -0.97739 -2.66738e+01
 22  0.39102  1.48773e+01 | 23  0.30857  2.59914e+00 | 24  0.11510 -2.02594e+01
 25  0.10412 -8.64089e+01 | 26  0.04084 -5.48941e+00 |

Intermediate statistics: 26 variables; iteration 20; function evaluation 26; phase 4
Function value 5.8662586e+03; maximum gradient component mag -8.9010e+03
Var    Value     Gradient |Var    Value     Gradient |Var    Value     Gradient
  1  1.00008 -3.04042e-02 |  2  0.01020 -1.36168e+02 |  3 -0.00516 -9.26950e+02
  4  0.10518 -8.76748e+02 |  5 -0.16076 -3.20076e+01 |  6 -0.24822 -1.77874e+01
  7 -0.02414 -8.90096e+03 |  8  0.04572 -1.79407e+03 |  9 -0.00096 -3.94815e+01
 10 -0.19522 -1.08372e+01 | 11  0.10026  7.26185e+03 | 12  0.02452  3.20228e+03
 13 -0.25879 -3.82781e+03 | 14 -0.42599 -2.17609e-01 | 15 -0.58774 -6.33827e-01
 16 -0.35050 -3.37765e-02 | 17  0.24175 -3.21022e+02 | 18  0.10603 -1.87606e+02
 19 -0.15317 -7.00866e+02 | 20  0.17420 -2.89154e+01 | 21 -0.95319  1.51737e+01
 22  0.35822  3.04054e+00 | 23  0.28900 -2.01740e+00 | 24  0.11726 -8.20436e+00
 25  0.11966 -2.98679e+01 | 26  0.04153 -1.14737e+01 |

 - final statistics:
26 variables; iteration 35; function evaluation 45
Function value 5.8624e+03; maximum gradient component mag -2.7646e-01
Exit code = 1;  converg criter 1.0000e+00
Var    Value     Gradient |Var    Value     Gradient |Var    Value     Gradient
  1  0.99983  7.79554e-04 |  2  0.01035  5.31788e-03 |  3 -0.00400  2.81088e-02
  4  0.10468  2.71020e-02 |  5 -0.16420  2.34533e-03 |  6 -0.24746  1.26170e-03
  7 -0.02417  2.29866e-01 |  8  0.04606  3.79029e-02 |  9 -0.00107  5.55098e-03
 10 -0.19440  2.99901e-03 | 11  0.10049 -2.76460e-01 | 12  0.02487 -1.26230e-01
 13 -0.25767  1.49402e-01 | 14 -0.42577 -2.36845e-04 | 15 -0.58737  1.77250e-04
 16 -0.35045  2.00576e-04 | 17  0.23794  1.46709e-02 | 18  0.11248  1.55582e-03
 19 -0.14672  1.89681e-02 | 20  0.17624  1.59728e-04 | 21 -0.95753 -2.22607e-04
 22  0.31097 -1.34154e-03 | 23  0.29537 -4.78609e-04 | 24  0.11787  4.90623e-04
 25  0.12798 -1.27457e-03 | 26  0.04687 -2.52619e-04 |

Initial statistics: 312 variables; iteration 0; function evaluation 0; phase 5
Function value 5.8624295e+03; maximum gradient component mag -3.2479e+02
Var    Value     Gradient |Var    Value     Gradient |Var    Value     Gradient
  1  0.99983  7.79554e-04 |  2  0.01035  5.31788e-03 |  3 -0.00400  2.81088e-02
  4  0.10468  2.71020e-02 |  5 -0.16420  2.34533e-03 |  6 -0.24746  1.26170e-03
  7 -0.02417  2.29866e-01 |  8  0.04606  3.79029e-02 |  9 -0.00107  5.55098e-03
 10 -0.19440  2.99901e-03 | 11  0.10049 -2.76460e-01 | 12  0.02487 -1.26230e-01
 13 -0.25767  1.49402e-01 | 14  0.00000  1.70197e+01 | 15  0.00000  1.79718e+01
 16  0.00000  1.89816e+01 | 17  0.00000  2.00774e+01 | 18  0.00000  2.12827e+01
 19  0.00000  2.25947e+01 | 20  0.00000  2.39912e+01 | 21  0.00000  2.54515e+01
 22  0.00000  2.69468e+01 | 23  0.00000  2.85064e+01 | 24  0.00000  3.01534e+01
 25  0.00000  3.20764e+01 | 26  0.00000  3.41499e+01 | 27  0.00000  3.63566e+01
 28  0.00000  3.88620e+01 | 29  0.00000  4.16705e+01 | 30  0.00000  4.47085e+01
 31  0.00000  4.79409e+01 | 32  0.00000  5.13832e+01 | 33  0.00000  5.49828e+01
 34  0.00000  5.87550e+01 | 35  0.00000  6.15371e+01 | 36  0.00000  6.45378e+01
 37  0.00000  6.63919e+01 | 38  0.00000  6.63073e+01 | 39  0.00000  6.25299e+01
 40  0.00000  5.78129e+01 | 41  0.00000  7.86157e+01 | 42  0.00000  7.04980e+01
 43  0.00000  6.70431e+01 | 44  0.00000  6.53849e+01 | 45  0.00000  6.65264e+01
 46  0.00000  6.34849e+01 | 47  0.00000  4.67552e+01 | 48  0.00000  1.72842e+01
 49  0.00000 -4.26408e+00 | 50  0.00000  9.59382e+00 | 51  0.00000  5.07263e+01
 52  0.00000  5.96706e+01 | 53  0.00000  7.12440e+00 | 54  0.00000 -3.27505e+01
 55  0.00000 -4.82061e+01 | 56  0.00000 -5.29545e+01 | 57  0.00000 -4.94313e+01
 58  0.00000 -2.34942e+01 | 59  0.00000 -2.05816e+02 | 60  0.00000 -2.56844e+02
 61  0.00000  3.40265e+01 | 62  0.00000 -4.91685e+01 | 63  0.00000  2.83611e+01
 64  0.00000  5.58649e+01 | 65  0.00000 -5.86904e+01 | 66  0.00000 -2.76148e+01
 67  0.00000 -4.91061e+01 | 68  0.00000 -9.71438e+01 | 69  0.00000 -1.44426e+02
 70  0.00000 -1.65747e+02 | 71  0.00000 -8.83473e+01 | 72  0.00000 -5.01758e+01
 73  0.00000 -3.21144e+01 | 74  0.00000  4.21517e+01 | 75  0.00000  1.43093e+01
 76  0.00000 -8.20255e+01 | 77  0.00000 -1.12248e+02 | 78  0.00000 -7.51175e+01
 79  0.00000  8.56428e+01 | 80  0.00000  1.71895e+02 | 81  0.00000  1.22993e+02
 82  0.00000 -7.00609e+01 | 83  0.00000 -8.16139e+01 | 84  0.00000 -1.43852e+02
 85  0.00000  2.28449e+02 | 86  0.00000  3.02093e+02 | 87  0.00000  1.19900e+02
 88  0.00000 -3.24791e+02 | 89  0.00000  2.53405e+02 | 90  0.00000  7.87989e+01
 91  0.00000 -1.53670e+02 | 92  0.00000  1.75637e+02 | 93  0.00000  4.01534e+01
 94  0.00000  7.44599e+01 | 95  0.00000  4.88283e+01 | 96  0.00000  0.00000e+00
 97  0.00000  0.00000e+00 | 98  0.00000  0.00000e+00 | 99  0.00000  0.00000e+00
100  0.00000  0.00000e+00 |101  0.00000  0.00000e+00 |102  0.00000  0.00000e+00
103  0.00000  0.00000e+00 |104  0.00000  0.00000e+00 |105  0.00000  0.00000e+00
106 -0.42577 -2.36845e-04 |107 -0.58737  1.77250e-04 |108 -0.35045  2.00576e-04
109  0.23794  1.46709e-02 |110 -0.02850  3.24177e+01 |111 -0.95584 -5.26953e-02
112  0.15109  5.59034e+01 |113  0.11248  1.55582e-03 |114  0.07205  6.08902e+01
115  0.42852  4.30374e-02 |116  0.72862  2.51626e-01 |117 -0.14672  1.89681e-02
118 -0.10593  2.95254e+00 |119 -0.15610  5.88376e+00 |120 -0.21662 -1.39906e+01
121  0.17624  1.59728e-04 |122 -0.21736 -1.27663e-01 |123 -0.96603 -1.09217e-02
124  0.07728  5.49625e-01 |125 -0.95753 -2.22607e-04 |126  0.00129  1.02637e-04
127  0.89622 -2.98514e-02 |128  0.29756 -2.07123e+00 |129  0.31097 -1.34154e-03
130  0.30333  6.64518e+00 |131 -0.72108  1.78783e-01 |132  0.06847  2.94269e+00
133  0.29537 -4.78609e-04 |134  0.16740  3.47800e+00 |135 -0.03485  1.02997e-01
136 -0.02779  4.25235e-02 |137  0.11787  4.90623e-04 |138  0.12798 -1.27457e-03
139 -0.03516 -1.07897e+00 |140  0.07608 -1.24179e+01 |141 -0.44892 -6.18561e-01
142 -0.44824 -6.56340e-01 |143  0.02416  1.00014e+01 |144 -0.09999 -2.45271e+01
145  0.04687 -2.52619e-04 |146 -0.02561 -3.76843e+00 |147  0.31279  4.54727e-03
148  0.63894  1.52412e-02 |149  0.00000 -6.62920e+00 |150  0.00000 -7.11153e+00
151  0.00000 -7.62742e+00 |152  0.00000 -8.18975e+00 |153  0.00000 -8.81546e+00
154  0.00000 -9.51338e+00 |155  0.00000 -1.02873e+01 |156  0.00000 -1.11404e+01
157  0.00000 -1.20855e+01 |158  0.00000 -1.31242e+01 |159  0.00000 -1.42737e+01
160  0.00000 -1.54435e+01 |161  0.00000 -1.67022e+01 |162  0.00000 -1.79999e+01
163  0.00000 -1.94016e+01 |164  0.00000 -2.08735e+01 |165  0.00000 -2.23649e+01
166  0.00000 -2.38630e+01 |167  0.00000 -2.53904e+01 |168  0.00000 -2.69586e+01
169  0.00000 -2.85320e+01 |170  0.00000 -3.07483e+01 |171  0.00000 -3.28347e+01
172  0.00000 -3.50132e+01 |173  0.00000 -3.80574e+01 |174  0.00000 -4.17569e+01
175  0.00000 -4.62053e+01 |176  0.00000 -5.07716e+01 |177  0.00000 -5.61129e+01
178  0.00000 -6.00130e+01 |179  0.00000 -6.35875e+01 |180  0.00000 -6.55876e+01
181  0.00000 -6.57978e+01 |182  0.00000 -6.26508e+01 |183  0.00000 -5.24817e+01
184  0.00000 -3.49505e+01 |185  0.00000 -1.76399e+01 |186  0.00000 -6.79631e+00
187  0.00000  3.08480e+00 |188  0.00000  6.48402e-02 |189  0.00000 -3.16814e+00
190  0.00000 -1.87087e+00 |191  0.00000  9.39694e+00 |192  0.00000  3.28275e+01
193  0.00000  5.38936e+01 |194  0.00000  1.08106e+02 |195  0.00000  1.04433e+02
196  0.00000  6.53735e+01 |197  0.00000  6.63375e+01 |198  0.00000  5.73468e+01
199  0.00000  3.79907e+01 |200  0.00000  1.00970e+02 |201  0.00000  7.39212e+01
202  0.00000  9.14297e+01 |203  0.00000  1.21019e+02 |204  0.00000  1.33551e+02
205  0.00000  1.27481e+02 |206  0.00000  6.65633e+01 |207  0.00000  4.87891e+01
208  0.00000  4.85599e+01 |209  0.00000  2.63606e+01 |210  0.00000 -3.38281e+00
211  0.00000 -2.84646e+01 |212  0.00000 -4.59024e+01 |213  0.00000 -3.75720e+01
214  0.00000 -1.72138e+01 |215  0.00000  6.24476e+00 |216  0.00000  4.10626e+01
217  0.00000  6.98597e+01 |218  0.00000 -3.46624e+00 |219  0.00000  4.82338e+01
220  0.00000 -1.18032e+02 |221  0.00000 -3.20498e+01 |222  0.00000 -3.81420e+01
223  0.00000 -6.59716e+01 |224  0.00000  4.40505e+01 |225  0.00000 -4.01349e+01
226  0.00000  8.76836e+01 |227  0.00000 -1.06945e+02 |228  0.00000  3.17164e+01
229  0.00000  1.15447e+01 |230  0.00000  0.00000e+00 |231  0.00000  1.06871e-02
232  0.00000  1.12296e-02 |233  0.00000  1.16686e-02 |234  0.00000  1.22069e-02
235  0.00000  1.33579e-02 |236  0.00000  1.65338e-02 |237  0.00000  2.28684e-02
238  0.00000  3.32351e-02 |239  0.00000  5.06312e-02 |240  0.00000  7.52275e-02
241  0.00000  1.12503e-01 |242  0.00000  1.53551e-01 |243  0.00000  2.00085e-01
244  0.00000  2.44541e-01 |245  0.00000  2.86663e-01 |246  0.00000  3.27495e-01
247  0.00000  3.66294e-01 |248  0.00000  3.92613e-01 |249  0.00000  4.07392e-01
250  0.00000  4.13989e-01 |251  0.00000  4.13967e-01 |252  0.00000  4.95958e-01
253  0.00000  5.38238e-01 |254  0.00000  5.77700e-01 |255  0.00000  8.13328e-01
256  0.00000  1.09837e+00 |257  0.00000  1.57619e+00 |258  0.00000  2.06563e+00
259  0.00000  2.72703e+00 |260  0.00000  3.21060e+00 |261  0.00000  3.61551e+00
262  0.00000  3.75510e+00 |263  0.00000  3.45648e+00 |264  0.00000  2.16320e+00
265  0.00000 -3.69717e-01 |266  0.00000 -3.19754e+00 |267  0.00000 -4.49657e+00
268  0.00000 -3.85633e+00 |269  0.00000 -3.88617e+00 |270  0.00000 -4.70283e+00
271  0.00000 -4.31101e+00 |272  0.00000 -3.29299e+00 |273  0.00000 -2.61267e+00
274  0.00000  1.83385e-01 |275  0.00000 -4.18848e+00 |276  0.00000 -3.20107e+01
277  0.00000 -3.60678e+01 |278  0.00000 -4.00913e+00 |279  0.00000  4.30228e+00
280  0.00000  5.08655e+00 |281  0.00000  4.77200e+00 |282  0.00000  5.13922e+00
283  0.00000  3.74683e+00 |284  0.00000  8.94787e+00 |285  0.00000  1.07979e+01
286  0.00000  1.16907e+01 |287  0.00000  9.98820e+00 |288  0.00000  6.46411e+00
289  0.00000  4.00337e-01 |290  0.00000 -9.58623e-01 |291  0.00000 -1.36783e+01
292  0.00000 -2.45638e+01 |293  0.00000 -1.19531e+01 |294  0.00000  4.66970e+00
295  0.00000 -1.10514e+00 |296  0.00000  9.33430e+00 |297  0.00000  7.30096e+00
298  0.00000  3.37413e-01 |299  0.00000  1.08012e+01 |300  0.00000  1.33144e+01
301  0.00000 -3.08798e+01 |302  0.00000  2.00144e+01 |303  0.00000 -5.90563e-01
304  0.00000 -5.09962e+00 |305  0.00000  3.20841e+01 |306  0.00000 -8.05130e+00
307  0.00000  1.33436e+01 |308  0.00000 -1.65222e+01 |309  0.00000  7.11383e+00
310  0.00000  4.30827e+00 |311  0.00000 -3.14728e+00 |312  0.00000  0.00000e+00

Intermediate statistics: 312 variables; iteration 20; function evaluation 26; phase 5
Function value 5.6678701e+03; maximum gradient component mag 3.7765e+03
Var    Value     Gradient |Var    Value     Gradient |Var    Value     Gradient
  1  0.99979  5.15302e-04 |  2  0.04036  8.62088e+01 |  3  0.00301  6.03910e+02
  4  0.10600  6.02681e+02 |  5 -0.05563 -8.93440e+01 |  6 -0.30376 -3.55127e+01
  7 -0.02435  3.77652e+03 |  8  0.04491  2.95110e+01 |  9  0.04516 -1.61342e+02
 10 -0.32305 -1.61589e+02 | 11  0.10484 -1.40706e+03 | 12  0.02640 -9.85132e+02
 13 -0.27179  9.60848e+02 | 14 -0.00826  1.06129e+01 | 15 -0.00866  1.12489e+01
 16 -0.00908  1.19398e+01 | 17 -0.00952  1.27110e+01 | 18 -0.01001  1.35793e+01
 19 -0.01053  1.45369e+01 | 20 -0.01109  1.55575e+01 | 21 -0.01166  1.66117e+01
 22 -0.01215  1.76838e+01 | 23 -0.01264  1.87772e+01 | 24 -0.01314  1.98918e+01
 25 -0.01416  2.09963e+01 | 26 -0.01523  2.21557e+01 | 27 -0.01641  2.33258e+01
 28 -0.01776  2.45915e+01 | 29 -0.01935  2.59194e+01 | 30 -0.02111  2.72856e+01
 31 -0.02287  2.87669e+01 | 32 -0.02465  3.03741e+01 | 33 -0.02633  3.21186e+01
 34 -0.02811  3.39668e+01 | 35 -0.02756  3.63780e+01 | 36 -0.02736  3.89288e+01
 37 -0.02554  4.19431e+01 | 38 -0.02171  4.53007e+01 | 39 -0.01189  5.01546e+01
 40 -0.00067  5.51575e+01 | 41  0.00618  4.57326e+01 | 42  0.02876  5.26455e+01
 43  0.03094  5.35698e+01 | 44  0.02726  5.00504e+01 | 45  0.00692  4.04261e+01
 46 -0.01216  3.03058e+01 | 47 -0.01076  2.51477e+01 | 48  0.02035  2.90795e+01
 49  0.06321  4.06029e+01 | 50  0.02792  2.88017e+01 | 51 -0.04045  1.29143e+01
 52 -0.04947  1.48389e+01 | 53  0.00491  3.19047e+01 | 54  0.03546  4.61720e+01
 55  0.03163  5.20363e+01 | 56  0.03093  6.66582e+01 | 57  0.01283  8.16180e+01
 58 -0.02663  7.60149e+01 | 59  0.04310  1.27266e+02 | 60  0.12926  2.14034e+02
 61 -0.09960  4.93146e+01 | 62  0.04044  1.04535e+02 | 63 -0.01156  6.24159e+01
 64 -0.05006  4.28737e+01 | 65  0.06099  1.18705e+02 | 66  0.00486  7.81517e+01
 67  0.00948  1.01484e+02 | 68  0.02450  1.18049e+02 | 69  0.02463  8.72937e+01
 70  0.03822  3.57791e+01 | 71  0.03395 -5.27436e+00 | 72  0.01149 -5.77817e+01
 73  0.03510 -1.10190e+02 | 74 -0.01891 -8.28357e+01 | 75  0.01265 -5.75837e+01
 76  0.05859 -2.72902e+00 | 77  0.02590  2.53496e+01 | 78  0.05531 -6.55388e+00
 79 -0.03046 -5.73706e+01 | 80 -0.00853 -6.44134e+01 | 81 -0.04648 -3.11942e+01
 82  0.03970  1.72016e+01 | 83  0.03709  7.20580e+01 | 84  0.02845  2.51756e+01
 85 -0.03908 -2.45839e+01 | 86 -0.13251 -2.85107e+01 | 87 -0.04795 -3.62653e+01
 88  0.07762  4.43051e+01 | 89 -0.18026  1.03903e+01 | 90 -0.00550 -3.75309e+01
 91  0.01640 -5.90429e+01 | 92 -0.03528  5.63218e+00 | 93 -0.08522 -3.02583e+01
 94 -0.09201 -1.35499e+01 | 95 -0.05270 -1.89917e+01 | 96  0.00000  0.00000e+00
 97  0.00000  0.00000e+00 | 98  0.00000  0.00000e+00 | 99  0.00000  0.00000e+00
100  0.00000  0.00000e+00 |101  0.00000  0.00000e+00 |102  0.00000  0.00000e+00
103  0.00000  0.00000e+00 |104  0.00000  0.00000e+00 |105  0.00000  0.00000e+00
106 -0.41461  1.45934e+00 |107 -0.47782 -6.24777e+00 |108 -0.27441 -9.19951e+00
109  0.24110  1.14984e+01 |110 -0.03307 -4.28167e+00 |111 -0.95547 -5.58846e-02
112  0.10576  2.21940e+01 |113  0.13463  5.52395e+01 |114  0.07504 -8.55136e+01
115  0.42845  1.16063e-02 |116  0.72820  7.22126e-02 |117 -0.15417  4.26363e+02
118 -0.10920 -1.77143e+02 |119 -0.15070  5.76912e+01 |120 -0.22471  1.31058e+02
121  0.16327 -1.88924e+02 |122 -0.20351  3.93969e+01 |123 -0.96581 -4.59070e-01
124  0.04893 -6.31466e+00 |125 -0.97537 -8.83149e-01 |126  0.00129  1.89781e-03
127  0.89626  9.08570e-04 |128  0.29826  5.92993e-01 |129  0.33741  1.31617e+00
130  0.25902  3.41782e+00 |131 -0.72105  9.48155e-02 |132  0.06781  1.35369e-01
133  0.29052  4.71444e+00 |134  0.16251 -4.33726e+00 |135 -0.03593  4.20389e-01
136 -0.02854  3.17133e-01 |137  0.11295 -6.62676e+01 |138  0.10820 -2.14767e+01
139 -0.02894  3.49918e+01 |140  0.08622  8.37838e+00 |141 -0.44570 -3.81194e+00
142 -0.45098 -2.32745e+00 |143 -0.00247  3.48849e+00 |144 -0.10970 -4.80085e+00
145  0.04431 -4.37227e-02 |146 -0.01595  1.23196e+00 |147  0.31277  1.27165e-02
148  0.63885  3.89773e-02 |149  0.00159 -3.26133e+00 |150  0.00170 -3.50269e+00
151  0.00183 -3.75611e+00 |152  0.00196 -4.02627e+00 |153  0.00212 -4.32049e+00
154  0.00231 -4.64267e+00 |155  0.00253 -4.99781e+00 |156  0.00279 -5.39225e+00
157  0.00314 -5.84071e+00 |158  0.00355 -6.33874e+00 |159  0.00408 -6.89074e+00
160  0.00430 -7.44648e+00 |161  0.00445 -8.04889e+00 |162  0.00445 -8.67171e+00
163  0.00427 -9.33917e+00 |164  0.00385 -1.00175e+01 |165  0.00309 -1.06800e+01
166  0.00184 -1.13436e+01 |167  0.00013 -1.20157e+01 |168 -0.00198 -1.27021e+01
169 -0.00463 -1.33616e+01 |170 -0.00556 -1.42923e+01 |171 -0.00744 -1.51600e+01
172 -0.00905 -1.60742e+01 |173 -0.00788 -1.70972e+01 |174 -0.00398 -1.87135e+01
175  0.00368 -2.10489e+01 |176  0.00755 -2.26630e+01 |177  0.02082 -2.86225e+01
178  0.02439 -2.86343e+01 |179  0.03038 -2.76173e+01 |180  0.03158 -2.21145e+01
181  0.03315 -1.74074e+01 |182  0.03723 -1.60136e+01 |183  0.03074 -1.88394e+01
184 -0.00195 -2.09871e+01 |185 -0.02709 -1.45912e+01 |186 -0.04346 -1.32491e+01
187 -0.05823 -1.39292e+01 |188 -0.03534 -1.40307e+01 |189  0.00220 -2.09411e+01
190  0.02056 -2.26158e+01 |191  0.01654 -3.08101e+01 |192 -0.03676 -2.91428e+01
193 -0.08103 -2.87872e+01 |194 -0.06140 -3.92729e+01 |195  0.02319 -9.19158e+01
196 -0.09318 -2.71242e+01 |197 -0.04620 -3.01460e+01 |198 -0.05196 -2.33499e+01
199  0.00395 -2.57984e+01 |200 -0.05487 -3.35035e+01 |201  0.01958 -4.45452e+01
202 -0.00836 -4.99327e+01 |203 -0.05532 -4.57872e+01 |204 -0.02719 -4.62981e+01
205 -0.02115 -2.78624e+01 |206  0.01876 -1.42781e+01 |207 -0.00407  6.66534e+00
208 -0.01087  2.41671e+01 |209 -0.01985  1.93125e+01 |210 -0.01195  1.31300e+01
211  0.02664 -6.21659e+00 |212  0.02515 -6.27435e+00 |213  0.00735 -1.11533e+01
214 -0.00094 -6.36991e+00 |215 -0.01078  1.57207e+00 |216 -0.02732 -1.90978e+00
217 -0.06738 -2.01163e+00 |218  0.06147 -2.25048e+01 |219  0.01813 -2.22014e+01
220  0.12721  2.81443e+01 |221 -0.01299  1.09261e+00 |222  0.09237  1.02593e+01
223  0.02070 -2.53582e+00 |224  0.01975 -6.46648e+01 |225 -0.03716  8.68105e+00
226 -0.01010  7.85406e+00 |227  0.15351  5.14531e+01 |228  0.00640 -6.95324e+00
229 -0.03184 -2.44056e+00 |230  0.00000  0.00000e+00 |231 -0.00027 -3.42216e-01
232 -0.00031 -3.66350e-01 |233 -0.00035 -3.93149e-01 |234 -0.00039 -4.23540e-01
235 -0.00044 -4.58019e-01 |236 -0.00051 -4.96034e-01 |237 -0.00058 -5.36451e-01
238 -0.00068 -5.77924e-01 |239 -0.00079 -6.18678e-01 |240 -0.00094 -6.59441e-01
241 -0.00113 -6.99690e-01 |242 -0.00133 -7.42622e-01 |243 -0.00157 -7.90082e-01
244 -0.00182 -8.42757e-01 |245 -0.00208 -9.04209e-01 |246 -0.00235 -9.73568e-01
247 -0.00260 -1.04953e+00 |248 -0.00282 -1.13470e+00 |249 -0.00300 -1.23024e+00
250 -0.00315 -1.33461e+00 |251 -0.00325 -1.44813e+00 |252 -0.00356 -1.55999e+00
253 -0.00374 -1.68477e+00 |254 -0.00381 -1.80608e+00 |255 -0.00428 -1.90043e+00
256 -0.00463 -1.97817e+00 |257 -0.00570 -1.97090e+00 |258 -0.00656 -1.98792e+00
259 -0.00799 -1.86312e+00 |260 -0.00874 -1.89922e+00 |261 -0.00970 -1.89586e+00
262 -0.01035 -2.01200e+00 |263 -0.01052 -2.11282e+00 |264 -0.00870 -2.00808e+00
265 -0.00229 -1.70114e+00 |266  0.00793 -2.68652e+00 |267  0.00389 -2.19944e+00
268 -0.00749 -2.15677e+00 |269 -0.01072 -2.56724e+00 |270 -0.00979 -2.86250e+00
271 -0.01177 -2.68818e+00 |272 -0.01645 -3.11696e+00 |273 -0.02319 -2.85215e+00
274 -0.03571 -3.17473e+00 |275 -0.02332 -2.78063e+00 |276  0.06121 -2.01920e+00
277  0.14056 -4.81458e+00 |278 -0.01653 -2.61716e+00 |279 -0.04180 -3.11957e+00
280 -0.02910 -3.59078e+00 |281 -0.01813 -3.75360e+00 |282 -0.00887 -8.43338e+00
283  0.00357 -5.99763e+00 |284 -0.00517 -7.64261e+00 |285 -0.00230 -1.02328e+01
286  0.00276 -8.64910e+00 |287  0.00748 -7.43662e+00 |288 -0.00075 -4.99432e+00
289  0.00847 -3.83195e+00 |290  0.00388 -1.49084e+00 |291  0.02894  5.07765e-01
292  0.09597 -1.52308e+01 |293  0.05520 -3.06578e+00 |294 -0.00500  7.78542e-02
295  0.02518 -1.87344e+00 |296 -0.02097 -4.27405e-01 |297 -0.02487 -2.88499e-01
298 -0.01107 -1.13295e-01 |299 -0.06525 -5.40164e-01 |300 -0.04297  2.20134e+00
301  0.11483 -8.04101e+00 |302 -0.00755 -2.09960e+00 |303  0.04613 -8.63130e+00
304  0.03275 -1.95604e+00 |305 -0.06081 -2.53816e+00 |306  0.02096 -4.89262e+00
307 -0.03513  8.33934e+00 |308  0.01785 -4.86846e+00 |309  0.00691 -3.19394e+00
310 -0.01833  1.50471e+00 |311  0.01305 -7.91539e-01 |312  0.00000  0.00000e+00
312 variables; iteration 40; function evaluation 50; phase 5
Function value 5.6509404e+03; maximum gradient component mag 4.8736e+03
Var    Value     Gradient |Var    Value     Gradient |Var    Value     Gradient
  1  0.99965 -8.81810e-03 |  2  0.06815  1.42370e+02 |  3  0.00078  4.63058e+02
  4  0.09727  3.81594e+02 |  5 -0.01018 -6.32357e+01 |  6 -0.32551 -1.74170e+01
  7 -0.02302  4.87358e+03 |  8  0.04188  9.34720e+01 |  9  0.01648 -1.95621e+02
 10 -0.29359 -2.23344e+02 | 11  0.10959 -8.91816e+02 | 12  0.03154 -7.91849e+02
 13 -0.26521  5.50124e+02 | 14 -0.00725  5.54800e+00 | 15 -0.00760  5.88224e+00
 16 -0.00796  6.24391e+00 | 17 -0.00836  6.64751e+00 | 18 -0.00879  7.10256e+00
 19 -0.00926  7.60220e+00 | 20 -0.00978  8.13050e+00 | 21 -0.01033  8.67262e+00
 22 -0.01070  9.25388e+00 | 23 -0.01106  9.84554e+00 | 24 -0.01143  1.04490e+01
 25 -0.01266  1.09470e+01 | 26 -0.01394  1.14827e+01 | 27 -0.01538  1.20221e+01
 28 -0.01703  1.26117e+01 | 29 -0.01902  1.32168e+01 | 30 -0.02129  1.38324e+01
 31 -0.02361  1.45268e+01 | 32 -0.02602  1.52937e+01 | 33 -0.02838  1.61407e+01
 34 -0.03107  1.69823e+01 | 35 -0.03085  1.83683e+01 | 36 -0.03133  1.97466e+01
 37 -0.03018  2.14377e+01 | 38 -0.02751  2.32215e+01 | 39 -0.01777  2.64201e+01
 40 -0.00658  2.96257e+01 | 41 -0.00212 -1.16105e+01 | 42  0.04033 -3.57033e+00
 43  0.03516 -3.58989e+00 | 44  0.03139 -6.78096e+00 | 45 -0.00234 -1.79364e+01
 46 -0.02997 -2.94836e+01 | 47 -0.03067 -3.60239e+01 | 48  0.00708 -3.45057e+01
 49  0.08580 -2.60252e+01 | 50  0.01509 -4.31718e+01 | 51 -0.06749 -5.41517e+01
 52 -0.05866 -4.88199e+01 | 53  0.00472 -3.65388e+01 | 54  0.03385 -1.58165e+01
 55  0.02768 -3.30643e-01 | 56  0.03672  1.22799e+01 | 57  0.00353  4.16362e+00
 58 -0.04015 -7.88982e+00 | 59  0.03599  3.51886e+01 | 60  0.14401  2.21883e+02
 61 -0.10283  1.54321e+00 | 62  0.03885  4.70732e+01 | 63 -0.01153  1.50550e+01
 64 -0.05027  2.44007e+00 | 65  0.07200  1.19507e+02 | 66  0.01424  5.08146e+01
 67  0.02264  5.81522e+01 | 68  0.03157  3.64133e+01 | 69  0.00787 -4.39639e+01
 70  0.03492 -1.00310e+02 | 71  0.04476 -7.46322e+01 | 72  0.01459 -8.93009e+01
 73  0.04340 -1.15056e+02 | 74 -0.03659 -9.57441e+01 | 75  0.03499 -7.15661e+01
 76  0.05551 -1.79428e+01 | 77  0.02102  1.05567e+01 | 78  0.06603 -2.36580e+01
 79 -0.05449 -9.60181e+01 | 80  0.00281 -9.31252e+01 | 81 -0.04899 -6.09319e+01
 82  0.04419  1.71812e+01 | 83  0.04249  7.10618e+01 | 84  0.01647 -6.33218e+01
 85 -0.02955 -5.97000e+01 | 86 -0.16368 -6.69820e+01 | 87 -0.08071 -1.03505e+02
 88  0.08795  7.02252e+01 | 89 -0.21060 -5.24608e+01 | 90  0.00956 -5.46184e+01
 91  0.02697 -9.57924e+01 | 92 -0.02800 -3.49486e+01 | 93 -0.07712 -4.72624e+01
 94 -0.11005 -4.95857e+01 | 95 -0.05545 -5.11768e+01 | 96  0.00000  0.00000e+00
 97  0.00000  0.00000e+00 | 98  0.00000  0.00000e+00 | 99  0.00000  0.00000e+00
100  0.00000  0.00000e+00 |101  0.00000  0.00000e+00 |102  0.00000  0.00000e+00
103  0.00000  0.00000e+00 |104  0.00000  0.00000e+00 |105  0.00000  0.00000e+00
106 -0.41749 -2.02692e+00 |107 -0.34548  7.96669e+00 |108  0.06022  5.43586e+00
109  0.23640 -3.08132e+01 |110 -0.03923  8.13323e+00 |111 -0.95160 -9.43441e-02
112  0.08013  8.92641e+00 |113  0.16392  1.52274e+01 |114  0.09637 -1.71773e-01
115  0.42795  1.15585e-02 |116  0.72523  7.34381e-02 |117 -0.15495  3.14602e+02
118 -0.11006 -1.36875e+02 |119 -0.14954  3.39909e+01 |120 -0.22998  8.15774e+01
121  0.17422 -5.96112e+01 |122 -0.19913  1.87406e+01 |123 -0.96327 -7.61904e-02
124  0.02145 -1.93078e+00 |125 -0.98574  9.09106e-01 |126  0.00088  1.75375e-02
127  0.89626 -2.11747e-03 |128  0.27182  7.92601e-01 |129  0.32208  1.68825e-01
130  0.22713 -2.63364e+00 |131 -0.72566  7.30218e-02 |132  0.03977 -3.14647e-01
133  0.23364  4.17982e+00 |134  0.12768 -3.99282e+00 |135 -0.05006  4.99781e-01
136 -0.03847  3.12405e-01 |137  0.10885 -1.01001e+02 |138  0.10947 -4.44119e-01
139 -0.02717  5.20642e+01 |140  0.07307 -3.02076e+00 |141 -0.40356 -6.71474e+00
142 -0.43509 -1.23542e+00 |143 -0.02027 -5.82767e+00 |144 -0.12886 -6.14424e+00
145  0.04022 -6.05347e+00 |146 -0.01834  7.78923e+00 |147  0.31247  1.42918e-02
148  0.63784  4.46981e-02 |149  0.00081 -2.27276e+00 |150  0.00087 -2.43563e+00
151  0.00093 -2.60713e+00 |152  0.00102 -2.78989e+00 |153  0.00113 -2.98712e+00
154  0.00129 -3.19873e+00 |155  0.00150 -3.42576e+00 |156  0.00178 -3.67104e+00
157  0.00227 -3.92473e+00 |158  0.00287 -4.19817e+00 |159  0.00374 -4.47870e+00
160  0.00395 -4.83006e+00 |161  0.00405 -5.22198e+00 |162  0.00382 -5.66090e+00
163  0.00321 -6.16643e+00 |164  0.00213 -6.72613e+00 |165  0.00047 -7.33097e+00
166 -0.00201 -8.01543e+00 |167 -0.00525 -8.77959e+00 |168 -0.00909 -9.60553e+00
169 -0.01380 -1.04866e+01 |170 -0.01575 -1.12775e+01 |171 -0.01946 -1.21660e+01
172 -0.02289 -1.30204e+01 |173 -0.02308 -1.36069e+01 |174 -0.02028 -1.42492e+01
175 -0.01121 -1.46027e+01 |176 -0.00796 -1.50485e+01 |177  0.03428 -1.64005e+01
178  0.01986 -1.68568e+01 |179  0.02534 -1.59621e+01 |180  0.01459 -1.28783e+01
181  0.01799 -9.43206e+00 |182  0.03026 -6.79021e+00 |183  0.02934 -7.35072e+00
184 -0.01656 -1.06674e+01 |185 -0.02926 -2.86733e+00 |186 -0.03043 -1.77039e+00
187 -0.05245 -4.86818e+00 |188 -0.04311 -5.02086e+00 |189 -0.00553 -1.21181e+01
190 -0.00514 -1.78808e+01 |191  0.01447 -1.73188e+01 |192 -0.04675 -1.47181e+01
193 -0.08917 -1.93907e+01 |194 -0.06627 -2.19385e+01 |195  0.04407 -8.33266e+01
196 -0.10558 -2.56871e+01 |197 -0.06057 -1.58903e+01 |198 -0.05896 -1.41668e+01
199  0.03827 -1.10493e+01 |200 -0.10312 -3.62317e+01 |201  0.03743 -3.38916e+01
202  0.01691 -3.91142e+01 |203 -0.10103 -3.48602e+01 |204 -0.01862 -9.85940e+00
205 -0.01768  1.66694e+01 |206  0.03887  2.68658e+01 |207 -0.00833  8.86971e+00
208  0.00453  1.97586e+01 |209 -0.00669  1.31073e+01 |210  0.00455  3.37949e+00
211  0.05578 -2.26220e+01 |212  0.01752 -1.74569e+01 |213  0.02429 -1.77730e+01
214 -0.00232 -5.32044e+00 |215 -0.01428  6.56794e+00 |216 -0.01116  9.64331e+00
217 -0.08575 -1.09303e+01 |218  0.05545 -3.50770e+01 |219  0.07940  4.16541e+01
220  0.14175  5.73288e+01 |221 -0.01686 -3.98427e+00 |222  0.12193  2.74531e+00
223  0.00935 -3.54933e+01 |224  0.15376 -1.26558e+02 |225 -0.07829 -1.43233e+01
226 -0.00430  1.47369e+01 |227  0.15060  3.65205e+01 |228  0.03707  1.69162e+01
229 -0.03655 -5.51201e+00 |230  0.00000  0.00000e+00 |231 -0.00213 -5.15491e-01
232 -0.00230 -5.53749e-01 |233 -0.00249 -5.95835e-01 |234 -0.00269 -6.43160e-01
235 -0.00293 -6.96903e-01 |236 -0.00321 -7.57462e-01 |237 -0.00352 -8.24550e-01
238 -0.00388 -8.97839e-01 |239 -0.00431 -9.79332e-01 |240 -0.00480 -1.06870e+00
241 -0.00540 -1.17036e+00 |242 -0.00603 -1.27699e+00 |243 -0.00672 -1.39484e+00
244 -0.00743 -1.51761e+00 |245 -0.00817 -1.64959e+00 |246 -0.00891 -1.78822e+00
247 -0.00964 -1.92923e+00 |248 -0.01029 -2.06744e+00 |249 -0.01087 -2.20443e+00
250 -0.01140 -2.34028e+00 |251 -0.01185 -2.47285e+00 |252 -0.01272 -2.63926e+00
253 -0.01335 -2.79049e+00 |254 -0.01386 -2.91939e+00 |255 -0.01504 -3.09535e+00
256 -0.01609 -3.20845e+00 |257 -0.01853 -3.43090e+00 |258 -0.01973 -3.46073e+00
259 -0.02346 -3.56485e+00 |260 -0.02474 -3.73472e+00 |261 -0.02651 -4.04999e+00
262 -0.02715 -4.52826e+00 |263 -0.02741 -4.94459e+00 |264 -0.02639 -5.05027e+00
265 -0.02103 -4.26664e+00 |266 -0.00487 -2.31506e+00 |267 -0.01673 -4.61511e+00
268 -0.03146 -7.23149e+00 |269 -0.03410 -7.67488e+00 |270 -0.03460 -7.76209e+00
271 -0.03642 -6.86029e+00 |272 -0.04169 -7.66498e+00 |273 -0.05395 -9.41688e+00
274 -0.07755 -1.31562e+01 |275 -0.06031 -1.13845e+01 |276  0.04085  2.74007e+00
277  0.17467  7.19284e+01 |278 -0.04288 -7.55858e+00 |279 -0.08613 -1.43521e+01
280 -0.05422 -1.02181e+01 |281 -0.02972 -6.89042e+00 |282  0.02101 -1.04343e+01
283  0.02313 -4.17838e+00 |284  0.00884 -6.64169e+00 |285  0.05190 -8.22330e+00
286  0.02511 -2.22057e+00 |287  0.04867  4.12740e-01 |288  0.02670 -2.57996e+00
289  0.06028 -2.45961e+00 |290  0.02062 -3.10759e-01 |291  0.02544  5.50787e+00
292  0.19084  5.35657e+00 |293  0.07941  1.42660e+01 |294 -0.00239  6.78981e-01
295  0.09732  7.12346e+00 |296 -0.02744 -3.15941e+00 |297 -0.02803 -5.26275e+00
298 -0.00355 -3.10589e+00 |299 -0.08209 -1.02880e+01 |300 -0.04389  9.54220e-01
301  0.21711 -5.65892e+00 |302 -0.00391 -1.36662e+00 |303  0.29662  5.38863e+00
304  0.06731  1.09483e+01 |305 -0.05595 -7.97942e+00 |306  0.03982  7.63798e+00
307 -0.07427 -4.62319e+00 |308  0.04819 -3.98261e-02 |309  0.03572  2.62091e+00
310 -0.03412 -3.95962e+00 |311  0.03144  2.50808e+00 |312  0.00000  0.00000e+00
  ic > imax  in fminim is answer attained ?
Var    Value     Gradient |Var    Value     Gradient |Var    Value     Gradient
  1  0.99988  1.59497e-02 |  2  0.06272  5.43996e+01 |  3 -0.00121  1.79954e+02
  4  0.09806  9.10518e+01 |  5 -0.00552 -6.41278e+01 |  6 -0.32749 -1.38101e+01
  7 -0.02315  2.44682e+03 |  8  0.04280 -2.55785e+02 |  9  0.01225 -2.04954e+02
 10 -0.28746 -1.89567e+02 | 11  0.10865  1.58132e+02 | 12  0.03019 -1.51832e+02
 13 -0.27347 -3.42869e+00 | 14 -0.00615 -2.85670e+00 | 15 -0.00643 -3.01721e+00
 16 -0.00673 -3.18980e+00 | 17 -0.00704 -3.37836e+00 | 18 -0.00738 -3.58756e+00
 19 -0.00775 -3.81615e+00 | 20 -0.00815 -4.05620e+00 | 21 -0.00857 -4.30270e+00
 22 -0.00883 -4.53741e+00 | 23 -0.00909 -4.77048e+00 | 24 -0.00935 -4.99614e+00
 25 -0.01037 -5.23815e+00 | 26 -0.01145 -5.47641e+00 | 27 -0.01270 -5.71529e+00
 28 -0.01417 -5.96585e+00 | 29 -0.01598 -6.20133e+00 | 30 -0.01807 -6.40830e+00
 31 -0.02025 -6.60026e+00 | 32 -0.02255 -6.78894e+00 | 33 -0.02485 -6.96948e+00
 34 -0.02747 -7.15783e+00 | 35 -0.02741 -7.27366e+00 | 36 -0.02788 -7.46508e+00
 37 -0.02669 -7.70037e+00 | 38 -0.02370 -7.71898e+00 | 39 -0.01378 -7.77871e+00
 40 -0.00176 -7.26084e+00 | 41  0.00490 -3.49697e+01 | 42  0.02818 -3.74644e+01
 43  0.03278 -3.64700e+01 | 44  0.03079 -3.50625e+01 | 45  0.00542 -3.44935e+01
 46 -0.01812 -3.66907e+01 | 47 -0.01465 -3.98673e+01 | 48  0.02666 -4.85791e+01
 49  0.07176 -7.81294e+01 | 50  0.02411 -7.16518e+01 | 51 -0.04683 -5.92518e+01
 52 -0.05583 -5.83526e+01 | 53  0.00462 -6.46459e+01 | 54  0.03524 -5.27794e+01
 55  0.02751 -3.72064e+01 | 56  0.03356 -2.63421e+01 | 57  0.00500 -2.96303e+01
 58 -0.04036 -2.83981e+01 | 59  0.03452 -8.36694e+00 | 60  0.14231  1.63199e+02
 61 -0.10524 -2.93653e+00 | 62  0.04264  1.91650e+01 | 63 -0.01375  1.81904e+00
 64 -0.05253  6.62402e+00 | 65  0.07644  9.47261e+01 | 66 -0.00195  5.17936e+01
 67  0.02767  6.07655e+01 | 68  0.02524  3.94481e+01 | 69  0.00928 -2.50901e+01
 70  0.03894 -7.79870e+01 | 71  0.03228 -5.67058e+01 | 72  0.02645 -6.06250e+01
 73  0.03377 -7.86163e+01 | 74 -0.01030 -6.62399e+01 | 75  0.01474 -5.88458e+01
 76  0.05800 -1.78241e+01 | 77  0.01993  1.44779e+01 | 78  0.06208 -3.15589e+00
 79 -0.04546 -7.38166e+01 | 80 -0.00146 -7.83193e+01 | 81 -0.05438 -5.51305e+01
 82  0.03753  1.32593e+01 | 83  0.03561  6.83718e+01 | 84  0.01620 -4.34699e+01
 85 -0.03628 -5.46430e+01 | 86 -0.17542 -6.28813e+01 | 87 -0.06723 -7.35670e+01
 88  0.07810  5.65305e+01 | 89 -0.21155 -4.34071e+01 | 90  0.00940 -2.55580e+01
 91  0.02619 -7.07722e+01 | 92 -0.03356 -1.75047e+01 | 93 -0.08625 -3.91676e+01
 94 -0.11967 -3.75557e+01 | 95 -0.05498 -3.60832e+01 | 96  0.00000  0.00000e+00
 97  0.00000  0.00000e+00 | 98  0.00000  0.00000e+00 | 99  0.00000  0.00000e+00
100  0.00000  0.00000e+00 |101  0.00000  0.00000e+00 |102  0.00000  0.00000e+00
103  0.00000  0.00000e+00 |104  0.00000  0.00000e+00 |105  0.00000  0.00000e+00
106 -0.41230 -1.90139e+00 |107 -0.44245 -8.33544e+00 |108  0.46966  4.50259e+00
109  0.23551 -6.88717e+01 |110 -0.04090  3.35023e+01 |111 -0.93043 -9.95562e-02
112  0.08334 -1.10163e+01 |113  0.15488 -1.13037e+01 |114  0.09142  2.51926e+01
115  0.42563  7.63414e-03 |116  0.71099  4.65347e-02 |117 -0.15631  2.01842e+02
118 -0.11040 -9.53641e+01 |119 -0.15206  1.72401e+01 |120 -0.22786  3.12901e+01
121  0.17706  1.52712e+00 |122 -0.19897  4.64918e+00 |123 -0.95069  2.24530e-02
124  0.03273  6.78189e+00 |125 -0.98592  4.01434e+00 |126 -0.00233  1.39168e-02
127  0.89725 -5.99815e-02 |128  0.11290  1.80513e-01 |129  0.33217  5.98359e+00
130  0.23203 -3.76328e+00 |131 -0.75273  1.87918e-01 |132  0.01044 -1.09521e+00
133  0.28052  4.42607e+00 |134  0.15702 -2.13644e+00 |135 -0.05144  5.56035e-01
136 -0.03117  3.89777e-01 |137  0.06861 -6.24325e+01 |138  0.10733  7.72975e+00
139 -0.07202  3.10410e+01 |140  0.07400 -2.15978e+00 |141 -0.16211  1.33025e+00
142 -0.39275  8.92432e-01 |143 -0.01873  3.98204e+00 |144 -0.12703 -1.04076e+00
145  0.05084  8.37260e-01 |146 -0.01433  2.20963e+00 |147  0.31094  1.41778e-02
148  0.63270  4.42852e-02 |149  0.00115  1.31266e+00 |150  0.00123  1.40564e+00
151  0.00131  1.50440e+00 |152  0.00141  1.61218e+00 |153  0.00153  1.73479e+00
154  0.00169  1.87465e+00 |155  0.00189  2.02978e+00 |156  0.00214  2.20008e+00
157  0.00255  2.40380e+00 |158  0.00305  2.62674e+00 |159  0.00374  2.87924e+00
160  0.00388  3.04787e+00 |161  0.00391  3.20988e+00 |162  0.00367  3.33986e+00
163  0.00314  3.44049e+00 |164  0.00221  3.48269e+00 |165  0.00081  3.43702e+00
166 -0.00127  3.28222e+00 |167 -0.00399  3.01765e+00 |168 -0.00722  2.65599e+00
169 -0.01119  2.14442e+00 |170 -0.01279  2.11198e+00 |171 -0.01567  1.91323e+00
172 -0.01814  1.92077e+00 |173 -0.01711  2.67072e+00 |174 -0.01228  4.76106e+00
175 -0.00035  8.66780e+00 |176  0.00859  1.19911e+01 |177  0.01554  1.52010e+01
178  0.01956  1.83757e+01 |179  0.02583  2.03724e+01 |180  0.02463  1.80011e+01
181  0.02341  1.60599e+01 |182  0.02889  1.92213e+01 |183  0.02459  2.80216e+01
184 -0.00798  3.66440e+01 |185 -0.02374  2.54976e+01 |186 -0.03719  9.96475e+00
187 -0.05419  4.37525e+00 |188 -0.03890  1.37487e+01 |189 -0.00573  1.61982e+01
190 -0.00792  7.17231e+00 |191  0.01305  1.34269e+01 |192 -0.04673  1.18260e+00
193 -0.09076 -1.25949e+01 |194 -0.07288 -1.02525e+01 |195  0.03723 -3.42153e+01
196 -0.10529 -2.22794e+01 |197 -0.05611  1.78769e+00 |198 -0.05524 -3.58792e+00
199  0.02112 -2.61304e+00 |200 -0.05274 -1.65634e+01 |201 -0.01616 -2.52409e+01
202  0.03543 -2.70155e+01 |203 -0.10116 -3.14528e+01 |204 -0.01979 -5.91826e+00
205 -0.01691  2.14152e+01 |206  0.04061  3.59790e+01 |207 -0.00493  1.18470e+01
208  0.00669  1.93576e+01 |209 -0.00023  1.15509e+01 |210 -0.00629 -1.27707e+00
211  0.05352 -2.61199e+01 |212  0.02420 -1.76861e+01 |213  0.01363 -2.33196e+01
214  0.00342 -2.83529e+00 |215 -0.00766  1.21950e+01 |216 -0.00897  1.02217e+01
217 -0.07997 -1.07154e+01 |218  0.05803 -3.34536e+01 |219  0.07381  4.19420e+01
220  0.14188  5.77917e+01 |221 -0.00265  7.53598e-01 |222  0.10659 -9.00613e+00
223  0.02296 -2.23799e+01 |224  0.15947 -1.35796e+02 |225 -0.07293 -1.48324e+01
226 -0.01081  7.48261e+00 |227  0.15005  3.50087e+01 |228  0.03692  1.79268e+01
229 -0.03575 -5.35888e+00 |230  0.00000  0.00000e+00 |231 -0.00163  2.24447e-02
232 -0.00176  2.22496e-02 |233 -0.00190  2.18332e-02 |234 -0.00206  2.10877e-02
235 -0.00224  1.99777e-02 |236 -0.00245  1.80247e-02 |237 -0.00268  1.43583e-02
238 -0.00295  8.39814e-03 |239 -0.00328 -1.53843e-03 |240 -0.00365 -1.53051e-02
241 -0.00410 -3.59888e-02 |242 -0.00457 -5.76297e-02 |243 -0.00510 -8.26934e-02
244 -0.00564 -1.07370e-01 |245 -0.00621 -1.31285e-01 |246 -0.00678 -1.53564e-01
247 -0.00733 -1.72689e-01 |248 -0.00783 -1.80991e-01 |249 -0.00827 -1.78790e-01
250 -0.00867 -1.65904e-01 |251 -0.00900 -1.41804e-01 |252 -0.00969 -1.37360e-01
253 -0.01021 -1.05186e-01 |254 -0.01067 -4.13634e-02 |255 -0.01171 -5.00454e-02
256 -0.01277  1.27021e-02 |257 -0.01496 -1.22529e-01 |258 -0.01651 -2.26536e-01
259 -0.01962 -6.35005e-02 |260 -0.02147 -3.34851e-01 |261 -0.02204 -5.28163e-01
262 -0.02223 -1.22975e+00 |263 -0.02233 -1.86966e+00 |264 -0.02132 -2.02378e+00
265 -0.01700 -7.65789e-01 |266 -0.01062  1.96577e+00 |267 -0.01583 -7.67642e-02
268 -0.02550 -2.91548e+00 |269 -0.02808 -3.19968e+00 |270 -0.03172 -2.68434e+00
271 -0.03272 -1.48716e+00 |272 -0.03417 -1.36753e+00 |273 -0.04748 -4.50286e+00
274 -0.06592 -6.48961e+00 |275 -0.04850 -5.08196e+00 |276  0.03720  1.12142e+01
277  0.16241  8.24709e+01 |278 -0.03425 -3.58643e+00 |279 -0.07736 -8.39074e+00
280 -0.04979 -6.44144e+00 |281 -0.02522 -4.78778e+00 |282 -0.03708 -1.34491e+01
283  0.03096 -3.94025e+00 |284 -0.01338 -8.32527e+00 |285 -0.00977 -1.26918e+01
286  0.02176 -2.76703e+00 |287  0.02686 -2.67022e+00 |288 -0.01246 -8.07963e+00
289  0.03708 -5.48704e+00 |290 -0.00563 -5.20392e+00 |291  0.03840  6.39626e+00
292  0.17808  3.26420e+00 |293  0.08008  1.45565e+01 |294 -0.00573  1.07088e-01
295  0.05041 -2.35833e+00 |296 -0.02398 -2.78465e+00 |297 -0.03544 -6.88700e+00
298 -0.01949 -5.94206e+00 |299 -0.08374 -9.49055e+00 |300 -0.04572  6.86689e-01
301  0.20107 -1.59112e+01 |302 -0.00940 -2.80478e+00 |303  0.25805 -1.93316e+00
304  0.08988  1.23988e+01 |305 -0.06182 -8.60010e+00 |306  0.03880  7.63543e+00
307 -0.07001 -2.99242e+00 |308  0.03435 -1.78552e+00 |309  0.01837 -8.29931e-01
310 -0.03028 -2.93157e+00 |311  0.02025  5.03243e-01 |312  0.00000  0.00000e+00
Function minimizer not making progress ... is minimum attained?
Minimprove criterion = 0.0000e+00

 - final statistics:
312 variables; iteration 55; function evaluation 94
Function value nan; maximum gradient component mag 2.4468e+03
Exit code = 1;  converg criter 1.0000e-04
Var    Value     Gradient |Var    Value     Gradient |Var    Value     Gradient
  1  0.99988  1.59497e-02 |  2  0.06272  5.43996e+01 |  3 -0.00121  1.79954e+02
  4  0.09806  9.10518e+01 |  5 -0.00552 -6.41278e+01 |  6 -0.32749 -1.38101e+01
  7 -0.02315  2.44682e+03 |  8  0.04280 -2.55785e+02 |  9  0.01225 -2.04954e+02
 10 -0.28746 -1.89567e+02 | 11  0.10865  1.58132e+02 | 12  0.03019 -1.51832e+02
 13 -0.27347 -3.42869e+00 | 14 -0.00615 -2.85670e+00 | 15 -0.00643 -3.01721e+00
 16 -0.00673 -3.18980e+00 | 17 -0.00704 -3.37836e+00 | 18 -0.00738 -3.58756e+00
 19 -0.00775 -3.81615e+00 | 20 -0.00815 -4.05620e+00 | 21 -0.00857 -4.30270e+00
 22 -0.00883 -4.53741e+00 | 23 -0.00909 -4.77048e+00 | 24 -0.00935 -4.99614e+00
 25 -0.01037 -5.23815e+00 | 26 -0.01145 -5.47641e+00 | 27 -0.01270 -5.71529e+00
 28 -0.01417 -5.96585e+00 | 29 -0.01598 -6.20133e+00 | 30 -0.01807 -6.40830e+00
 31 -0.02025 -6.60026e+00 | 32 -0.02255 -6.78894e+00 | 33 -0.02485 -6.96948e+00
 34 -0.02747 -7.15783e+00 | 35 -0.02741 -7.27366e+00 | 36 -0.02788 -7.46508e+00
 37 -0.02669 -7.70037e+00 | 38 -0.02370 -7.71898e+00 | 39 -0.01378 -7.77871e+00
 40 -0.00176 -7.26084e+00 | 41  0.00490 -3.49697e+01 | 42  0.02818 -3.74644e+01
 43  0.03278 -3.64700e+01 | 44  0.03079 -3.50625e+01 | 45  0.00542 -3.44935e+01
 46 -0.01812 -3.66907e+01 | 47 -0.01465 -3.98673e+01 | 48  0.02666 -4.85791e+01
 49  0.07176 -7.81294e+01 | 50  0.02411 -7.16518e+01 | 51 -0.04683 -5.92518e+01
 52 -0.05583 -5.83526e+01 | 53  0.00462 -6.46459e+01 | 54  0.03524 -5.27794e+01
 55  0.02751 -3.72064e+01 | 56  0.03356 -2.63421e+01 | 57  0.00500 -2.96303e+01
 58 -0.04036 -2.83981e+01 | 59  0.03452 -8.36694e+00 | 60  0.14231  1.63199e+02
 61 -0.10524 -2.93653e+00 | 62  0.04264  1.91650e+01 | 63 -0.01375  1.81904e+00
 64 -0.05253  6.62402e+00 | 65  0.07644  9.47261e+01 | 66 -0.00195  5.17936e+01
 67  0.02767  6.07655e+01 | 68  0.02524  3.94481e+01 | 69  0.00928 -2.50901e+01
 70  0.03894 -7.79870e+01 | 71  0.03228 -5.67058e+01 | 72  0.02645 -6.06250e+01
 73  0.03377 -7.86163e+01 | 74 -0.01030 -6.62399e+01 | 75  0.01474 -5.88458e+01
 76  0.05800 -1.78241e+01 | 77  0.01993  1.44779e+01 | 78  0.06208 -3.15589e+00
 79 -0.04546 -7.38166e+01 | 80 -0.00146 -7.83193e+01 | 81 -0.05438 -5.51305e+01
 82  0.03753  1.32593e+01 | 83  0.03561  6.83718e+01 | 84  0.01620 -4.34699e+01
 85 -0.03628 -5.46430e+01 | 86 -0.17542 -6.28813e+01 | 87 -0.06723 -7.35670e+01
 88  0.07810  5.65305e+01 | 89 -0.21155 -4.34071e+01 | 90  0.00940 -2.55580e+01
 91  0.02619 -7.07722e+01 | 92 -0.03356 -1.75047e+01 | 93 -0.08625 -3.91676e+01
 94 -0.11967 -3.75557e+01 | 95 -0.05498 -3.60832e+01 | 96  0.00000  0.00000e+00
 97  0.00000  0.00000e+00 | 98  0.00000  0.00000e+00 | 99  0.00000  0.00000e+00
100  0.00000  0.00000e+00 |101  0.00000  0.00000e+00 |102  0.00000  0.00000e+00
103  0.00000  0.00000e+00 |104  0.00000  0.00000e+00 |105  0.00000  0.00000e+00
106 -0.41230 -1.90139e+00 |107 -0.44245 -8.33544e+00 |108  0.46966  4.50259e+00
109  0.23551 -6.88717e+01 |110 -0.04090  3.35023e+01 |111 -0.93043 -9.95562e-02
112  0.08334 -1.10163e+01 |113  0.15488 -1.13037e+01 |114  0.09142  2.51926e+01
115  0.42563  7.63414e-03 |116  0.71099  4.65347e-02 |117 -0.15631  2.01842e+02
118 -0.11040 -9.53641e+01 |119 -0.15206  1.72401e+01 |120 -0.22786  3.12901e+01
121  0.17706  1.52712e+00 |122 -0.19897  4.64918e+00 |123 -0.95069  2.24530e-02
124  0.03273  6.78189e+00 |125 -0.98592  4.01434e+00 |126 -0.00233  1.39168e-02
127  0.89725 -5.99815e-02 |128  0.11290  1.80513e-01 |129  0.33217  5.98359e+00
130  0.23203 -3.76328e+00 |131 -0.75273  1.87918e-01 |132  0.01044 -1.09521e+00
133  0.28052  4.42607e+00 |134  0.15702 -2.13644e+00 |135 -0.05144  5.56035e-01
136 -0.03117  3.89777e-01 |137  0.06861 -6.24325e+01 |138  0.10733  7.72975e+00
139 -0.07202  3.10410e+01 |140  0.07400 -2.15978e+00 |141 -0.16211  1.33025e+00
142 -0.39275  8.92432e-01 |143 -0.01873  3.98204e+00 |144 -0.12703 -1.04076e+00
145  0.05084  8.37260e-01 |146 -0.01433  2.20963e+00 |147  0.31094  1.41778e-02
148  0.63270  4.42852e-02 |149  0.00115  1.31266e+00 |150  0.00123  1.40564e+00
151  0.00131  1.50440e+00 |152  0.00141  1.61218e+00 |153  0.00153  1.73479e+00
154  0.00169  1.87465e+00 |155  0.00189  2.02978e+00 |156  0.00214  2.20008e+00
157  0.00255  2.40380e+00 |158  0.00305  2.62674e+00 |159  0.00374  2.87924e+00
160  0.00388  3.04787e+00 |161  0.00391  3.20988e+00 |162  0.00367  3.33986e+00
163  0.00314  3.44049e+00 |164  0.00221  3.48269e+00 |165  0.00081  3.43702e+00
166 -0.00127  3.28222e+00 |167 -0.00399  3.01765e+00 |168 -0.00722  2.65599e+00
169 -0.01119  2.14442e+00 |170 -0.01279  2.11198e+00 |171 -0.01567  1.91323e+00
172 -0.01814  1.92077e+00 |173 -0.01711  2.67072e+00 |174 -0.01228  4.76106e+00
175 -0.00035  8.66780e+00 |176  0.00859  1.19911e+01 |177  0.01554  1.52010e+01
178  0.01956  1.83757e+01 |179  0.02583  2.03724e+01 |180  0.02463  1.80011e+01
181  0.02341  1.60599e+01 |182  0.02889  1.92213e+01 |183  0.02459  2.80216e+01
184 -0.00798  3.66440e+01 |185 -0.02374  2.54976e+01 |186 -0.03719  9.96475e+00
187 -0.05419  4.37525e+00 |188 -0.03890  1.37487e+01 |189 -0.00573  1.61982e+01
190 -0.00792  7.17231e+00 |191  0.01305  1.34269e+01 |192 -0.04673  1.18260e+00
193 -0.09076 -1.25949e+01 |194 -0.07288 -1.02525e+01 |195  0.03723 -3.42153e+01
196 -0.10529 -2.22794e+01 |197 -0.05611  1.78769e+00 |198 -0.05524 -3.58792e+00
199  0.02112 -2.61304e+00 |200 -0.05274 -1.65634e+01 |201 -0.01616 -2.52409e+01
202  0.03543 -2.70155e+01 |203 -0.10116 -3.14528e+01 |204 -0.01979 -5.91826e+00
205 -0.01691  2.14152e+01 |206  0.04061  3.59790e+01 |207 -0.00493  1.18470e+01
208  0.00669  1.93576e+01 |209 -0.00023  1.15509e+01 |210 -0.00629 -1.27707e+00
211  0.05352 -2.61199e+01 |212  0.02420 -1.76861e+01 |213  0.01363 -2.33196e+01
214  0.00342 -2.83529e+00 |215 -0.00766  1.21950e+01 |216 -0.00897  1.02217e+01
217 -0.07997 -1.07154e+01 |218  0.05803 -3.34536e+01 |219  0.07381  4.19420e+01
220  0.14188  5.77917e+01 |221 -0.00265  7.53598e-01 |222  0.10659 -9.00613e+00
223  0.02296 -2.23799e+01 |224  0.15947 -1.35796e+02 |225 -0.07293 -1.48324e+01
226 -0.01081  7.48261e+00 |227  0.15005  3.50087e+01 |228  0.03692  1.79268e+01
229 -0.03575 -5.35888e+00 |230  0.00000  0.00000e+00 |231 -0.00163  2.24447e-02
232 -0.00176  2.22496e-02 |233 -0.00190  2.18332e-02 |234 -0.00206  2.10877e-02
235 -0.00224  1.99777e-02 |236 -0.00245  1.80247e-02 |237 -0.00268  1.43583e-02
238 -0.00295  8.39814e-03 |239 -0.00328 -1.53843e-03 |240 -0.00365 -1.53051e-02
241 -0.00410 -3.59888e-02 |242 -0.00457 -5.76297e-02 |243 -0.00510 -8.26934e-02
244 -0.00564 -1.07370e-01 |245 -0.00621 -1.31285e-01 |246 -0.00678 -1.53564e-01
247 -0.00733 -1.72689e-01 |248 -0.00783 -1.80991e-01 |249 -0.00827 -1.78790e-01
250 -0.00867 -1.65904e-01 |251 -0.00900 -1.41804e-01 |252 -0.00969 -1.37360e-01
253 -0.01021 -1.05186e-01 |254 -0.01067 -4.13634e-02 |255 -0.01171 -5.00454e-02
256 -0.01277  1.27021e-02 |257 -0.01496 -1.22529e-01 |258 -0.01651 -2.26536e-01
259 -0.01962 -6.35005e-02 |260 -0.02147 -3.34851e-01 |261 -0.02204 -5.28163e-01
262 -0.02223 -1.22975e+00 |263 -0.02233 -1.86966e+00 |264 -0.02132 -2.02378e+00
265 -0.01700 -7.65789e-01 |266 -0.01062  1.96577e+00 |267 -0.01583 -7.67642e-02
268 -0.02550 -2.91548e+00 |269 -0.02808 -3.19968e+00 |270 -0.03172 -2.68434e+00
271 -0.03272 -1.48716e+00 |272 -0.03417 -1.36753e+00 |273 -0.04748 -4.50286e+00
274 -0.06592 -6.48961e+00 |275 -0.04850 -5.08196e+00 |276  0.03720  1.12142e+01
277  0.16241  8.24709e+01 |278 -0.03425 -3.58643e+00 |279 -0.07736 -8.39074e+00
280 -0.04979 -6.44144e+00 |281 -0.02522 -4.78778e+00 |282 -0.03708 -1.34491e+01
283  0.03096 -3.94025e+00 |284 -0.01338 -8.32527e+00 |285 -0.00977 -1.26918e+01
286  0.02176 -2.76703e+00 |287  0.02686 -2.67022e+00 |288 -0.01246 -8.07963e+00
289  0.03708 -5.48704e+00 |290 -0.00563 -5.20392e+00 |291  0.03840  6.39626e+00
292  0.17808  3.26420e+00 |293  0.08008  1.45565e+01 |294 -0.00573  1.07088e-01
295  0.05041 -2.35833e+00 |296 -0.02398 -2.78465e+00 |297 -0.03544 -6.88700e+00
298 -0.01949 -5.94206e+00 |299 -0.08374 -9.49055e+00 |300 -0.04572  6.86689e-01
301  0.20107 -1.59112e+01 |302 -0.00940 -2.80478e+00 |303  0.25805 -1.93316e+00
304  0.08988  1.23988e+01 |305 -0.06182 -8.60010e+00 |306  0.03880  7.63543e+00
307 -0.07001 -2.99242e+00 |308  0.03435 -1.78552e+00 |309  0.01837 -8.29931e-01
310 -0.03028 -2.93157e+00 |311  0.02025  5.03243e-01 |312  0.00000  0.00000e+00
size of file gradfil1.tmp = 0
size of file gradfil2.tmp = 0
size of file varssave.tmp = 0
size of file cmpdiff.tmp = 0
