
Initial statistics: 3 variables; iteration 0; function evaluation 0; phase 1
Function value 7.1258254e+05; maximum gradient component mag -1.9175e+07
Var    Value     Gradient |Var    Value     Gradient |Var    Value     Gradient
  1  0.10071  1.65773e+07 |  2  0.04881 -1.91748e+07 |  3 -0.34887 -1.28013e+07

Intermediate statistics: 3 variables; iteration 20; function evaluation 33; phase 1
Function value 5.9182524e+03; maximum gradient component mag 1.2465e+04
Var    Value     Gradient |Var    Value     Gradient |Var    Value     Gradient
  1  0.09564  1.24648e+04 |  2  0.03047 -5.37194e+03 |  3 -0.29128 -7.27142e+03

 - final statistics:
3 variables; iteration 32; function evaluation 45
Function value 5.8860e+03; maximum gradient component mag -1.6713e+00
Exit code = 1;  converg criter 1.0000e+01
Var    Value     Gradient |Var    Value     Gradient |Var    Value     Gradient
  1  0.09713 -1.67134e+00 |  2  0.03713 -1.18922e+00 |  3 -0.28093  8.91590e-01

Initial statistics: 15 variables; iteration 0; function evaluation 0; phase 2
Function value 5.8859763e+03; maximum gradient component mag 7.6339e+03
Var    Value     Gradient |Var    Value     Gradient |Var    Value     Gradient
  1  0.05362  5.64959e+02 |  2  0.00272  5.34438e+02 |  3  0.09246  8.98459e+02
  4 -0.03944  1.94061e+02 |  5 -0.29919  6.52951e+01 |  6 -0.02423  7.63387e+03
  7  0.04770  2.52862e+03 |  8  0.00899  2.15494e+02 |  9 -0.25856  4.16078e+01
 10  0.09713 -1.67134e+00 | 11  0.03713 -1.18922e+00 | 12 -0.28093  8.91590e-01
 13 -0.45634 -8.81628e+00 | 14 -0.52962  1.32589e+01 | 15 -0.22222  7.92949e+00

 - final statistics:
15 variables; iteration 20; function evaluation 25
Function value 5.8584e+03; maximum gradient component mag -1.6231e+00
Exit code = 1;  converg criter 1.0000e+01
Var    Value     Gradient |Var    Value     Gradient |Var    Value     Gradient
  1  0.01130 -3.50182e-02 |  2  0.00282 -4.51521e-02 |  3  0.10139 -9.84970e-02
  4 -0.16861  1.06379e-01 |  5 -0.24054  4.07684e-02 |  6 -0.02430  9.57726e-01
  7  0.04615 -1.67704e-01 |  8  0.00001  1.37070e-01 |  9 -0.19256  5.26279e-02
 10  0.09688 -9.64352e-01 | 11  0.03685 -1.62312e+00 | 12 -0.28065 -1.18099e-02
 13 -0.42421 -3.98428e-04 | 14 -0.58298  3.86506e-04 | 15 -0.34962  4.97524e-03

Initial statistics: 16 variables; iteration 0; function evaluation 0; phase 3
Function value 5.8583990e+03; maximum gradient component mag -3.9671e+01
Var    Value     Gradient |Var    Value     Gradient |Var    Value     Gradient
  1  0.32686 -3.96707e+01 |  2  0.01130 -3.50182e-02 |  3  0.00282 -4.51521e-02
  4  0.10139 -9.84970e-02 |  5 -0.16861  1.06379e-01 |  6 -0.24054  4.07684e-02
  7 -0.02430  9.57726e-01 |  8  0.04615 -1.67704e-01 |  9  0.00001  1.37070e-01
 10 -0.19256  5.26279e-02 | 11  0.09688 -9.64352e-01 | 12  0.03685 -1.62312e+00
 13 -0.28065 -1.18099e-02 | 14 -0.42421 -3.98428e-04 | 15 -0.58298  3.86506e-04
 16 -0.34962  4.97524e-03 |

Intermediate statistics: 16 variables; iteration 20; function evaluation 32; phase 3
Function value 5.8469513e+03; maximum gradient component mag 1.1322e+03
Var    Value     Gradient |Var    Value     Gradient |Var    Value     Gradient
  1  0.92463 -4.76231e+00 |  2  0.01109  1.89165e+01 |  3  0.00174  1.43329e+02
  4  0.10213  1.29036e+02 |  5 -0.16324  7.15383e+00 |  6 -0.24699  3.98502e+00
  7 -0.02420  1.13216e+03 |  8  0.04594  1.80494e+02 |  9 -0.00293  5.52603e+00
 10 -0.19079  4.07292e+00 | 11  0.09750 -1.08806e+03 | 12  0.03767 -4.70681e+02
 13 -0.27128  6.20754e+02 | 14 -0.43273 -1.43367e+00 | 15 -0.58572  1.14071e+00
 16 -0.35812 -8.34841e-01 |

 - final statistics:
16 variables; iteration 25; function evaluation 37
Function value 5.8467e+03; maximum gradient component mag -2.1193e-01
Exit code = 1;  converg criter 1.0000e+00
Var    Value     Gradient |Var    Value     Gradient |Var    Value     Gradient
  1  0.99979  1.87727e-03 |  2  0.01091  8.24993e-03 |  3  0.00153  1.63784e-02
  4  0.10209  2.52927e-02 |  5 -0.16407 -2.89806e-03 |  6 -0.24648  1.04619e-03
  7 -0.02418 -9.77744e-02 |  8  0.04598 -1.90442e-02 |  9 -0.00174 -1.20020e-02
 10 -0.19188 -5.48347e-03 | 11  0.09748 -3.05328e-02 | 12  0.03750 -2.11928e-01
 13 -0.27176 -4.43612e-03 | 14 -0.42638 -2.07995e-03 | 15 -0.58812 -1.19521e-03
 16 -0.35055 -1.04790e-03 |

Initial statistics: 26 variables; iteration 0; function evaluation 0; phase 4
Function value 5.8466846e+03; maximum gradient component mag -3.7894e+02
Var    Value     Gradient |Var    Value     Gradient |Var    Value     Gradient
  1  0.99979  1.87727e-03 |  2  0.01091  8.24993e-03 |  3  0.00153  1.63784e-02
  4  0.10209  2.52927e-02 |  5 -0.16407 -2.89806e-03 |  6 -0.24648  1.04619e-03
  7 -0.02418 -9.77744e-02 |  8  0.04598 -1.90442e-02 |  9 -0.00174 -1.20020e-02
 10 -0.19188 -5.48347e-03 | 11  0.09748 -3.05328e-02 | 12  0.03750 -2.11928e-01
 13 -0.27176 -4.43612e-03 | 14 -0.42638 -2.07995e-03 | 15 -0.58812 -1.19521e-03
 16 -0.35055 -1.04790e-03 | 17  0.24673  1.52521e+02 | 18  0.10346 -2.01642e+00
 19 -0.16357 -3.78940e+02 | 20  0.17184 -7.87572e+01 | 21 -0.97739 -2.65835e+01
 22  0.39102  9.82117e+00 | 23  0.30857  2.33434e+00 | 24  0.11510 -2.59506e+01
 25  0.10412 -8.77635e+01 | 26  0.04084  3.08371e+00 |

Intermediate statistics: 26 variables; iteration 20; function evaluation 28; phase 4
Function value 5.8433461e+03; maximum gradient component mag -1.6050e+03
Var    Value     Gradient |Var    Value     Gradient |Var    Value     Gradient
  1  0.99977  4.43384e-03 |  2  0.01316 -4.40360e+01 |  3  0.00343 -2.16541e+02
  4  0.09889 -2.61872e+02 |  5 -0.16496  3.66459e+00 |  6 -0.24538 -4.99316e-01
  7 -0.02408 -1.60496e+03 |  8  0.04592 -4.03352e+02 |  9 -0.00113  1.93571e+01
 10 -0.19036  1.14838e+01 | 11  0.09763  1.13296e+03 | 12  0.03838  9.31020e+02
 13 -0.27168 -6.52756e+02 | 14 -0.42657 -4.03320e-02 | 15 -0.58842 -1.04034e-01
 16 -0.35057 -4.63528e-03 | 17  0.24501  6.39041e+01 | 18  0.10440 -3.52274e+01
 19 -0.15668 -2.20097e+02 | 20  0.17342 -5.51904e+01 | 21 -0.96091 -9.93056e+00
 22  0.37204  3.16271e+00 | 23  0.29268 -5.84637e-01 | 24  0.11883  1.01084e+00
 25  0.12158 -2.44481e+01 | 26  0.03694 -2.69539e+00 |

 - final statistics:
26 variables; iteration 32; function evaluation 46
Function value 5.8421e+03; maximum gradient component mag 3.6037e-01
Exit code = 1;  converg criter 1.0000e+00
Var    Value     Gradient |Var    Value     Gradient |Var    Value     Gradient
  1  1.00023 -2.36640e-04 |  2  0.01241  1.25617e-02 |  3  0.00313  4.47442e-02
  4  0.10055  4.75707e-02 |  5 -0.16610  1.95794e-03 |  6 -0.24532  5.39884e-04
  7 -0.02414  3.60365e-01 |  8  0.04586  6.37389e-02 |  9 -0.00254  1.10916e-03
 10 -0.18930 -1.87791e-03 | 11  0.09801 -3.05325e-01 | 12  0.03821 -2.15875e-01
 13 -0.27055  1.80788e-01 | 14 -0.42649  2.58464e-04 | 15 -0.58830  1.21381e-04
 16 -0.35055  5.98576e-04 | 17  0.23832  1.51060e-02 | 18  0.10482  4.95703e-03
 19 -0.15276  3.95073e-02 | 20  0.17732  7.11917e-03 | 21 -0.95759 -3.13649e-02
 22  0.35991  6.45322e-03 | 23  0.29411  2.03509e-04 | 24  0.11871  1.26465e-02
 25  0.12858  1.90045e-04 | 26  0.03788  1.23509e-03 |

Initial statistics: 304 variables; iteration 0; function evaluation 0; phase 5
Function value 5.8421090e+03; maximum gradient component mag -3.3795e+02
Var    Value     Gradient |Var    Value     Gradient |Var    Value     Gradient
  1  0.99977  2.36640e-04 |  2  0.01241  1.25617e-02 |  3  0.00313  4.47442e-02
  4  0.10055  4.75707e-02 |  5 -0.16610  1.95794e-03 |  6 -0.24532  5.39884e-04
  7 -0.02414  3.60365e-01 |  8  0.04586  6.37389e-02 |  9 -0.00254  1.10916e-03
 10 -0.18930 -1.87791e-03 | 11  0.09801 -3.05325e-01 | 12  0.03821 -2.15875e-01
 13 -0.27055  1.80788e-01 | 14  0.00000  8.03446e+00 | 15  0.00000  8.43227e+00
 16  0.00000  8.84849e+00 | 17  0.00000  9.30001e+00 | 18  0.00000  9.80363e+00
 19  0.00000  1.03627e+01 | 20  0.00000  1.09676e+01 | 21  0.00000  1.16024e+01
 22  0.00000  1.22399e+01 | 23  0.00000  1.28957e+01 | 24  0.00000  1.35874e+01
 25  0.00000  1.45093e+01 | 26  0.00000  1.55204e+01 | 27  0.00000  1.66234e+01
 28  0.00000  1.79182e+01 | 29  0.00000  1.94609e+01 | 30  0.00000  2.12258e+01
 31  0.00000  2.31678e+01 | 32  0.00000  2.52816e+01 | 33  0.00000  2.75150e+01
 34  0.00000  2.98991e+01 | 35  0.00000  3.11935e+01 | 36  0.00000  3.27084e+01
 37  0.00000  3.32411e+01 | 38  0.00000  3.19811e+01 | 39  0.00000  2.74618e+01
 40  0.00000  2.25989e+01 | 41  0.00000  2.80432e+01 | 42  0.00000  2.00262e+01
 43  0.00000  1.64966e+01 | 44  0.00000  1.49965e+01 | 45  0.00000  1.67733e+01
 46  0.00000  1.50996e+01 | 47  0.00000  1.15769e-01 | 48  0.00000 -2.77351e+01
 49  0.00000 -4.82449e+01 | 50  0.00000 -3.29395e+01 | 51  0.00000  1.07147e+01
 52  0.00000  2.28103e+01 | 53  0.00000 -2.76730e+01 | 54  0.00000 -6.67449e+01
 55  0.00000 -8.09725e+01 | 56  0.00000 -8.28279e+01 | 57  0.00000 -7.62995e+01
 58  0.00000 -4.91822e+01 | 59  0.00000 -2.31410e+02 | 60  0.00000 -2.75806e+02
 61  0.00000  2.28078e+01 | 62  0.00000 -4.72675e+01 | 63  0.00000  5.12491e+01
 64  0.00000  1.10214e+02 | 65  0.00000  4.23662e+01 | 66  0.00000  1.31305e+02
 67  0.00000  1.54711e+02 | 68  0.00000  1.27742e+02 | 69  0.00000  6.09279e+01
 70  0.00000 -1.54552e+01 | 71  0.00000 -1.15751e+01 | 72  0.00000 -4.97389e+01
 73  0.00000 -8.35564e+01 | 74  0.00000 -2.46942e+01 | 75  0.00000 -4.17404e+01
 76  0.00000 -1.18755e+02 | 77  0.00000 -1.27303e+02 | 78  0.00000 -7.28906e+01
 79  0.00000  9.52170e+01 | 80  0.00000  1.78591e+02 | 81  0.00000  1.19498e+02
 82  0.00000 -7.79657e+01 | 83  0.00000 -9.21647e+01 | 84  0.00000 -1.54970e+02
 85  0.00000  2.12855e+02 | 86  0.00000  2.88203e+02 | 87  0.00000  1.05670e+02
 88  0.00000 -3.37945e+02 | 89  0.00000  2.38474e+02 | 90  0.00000  6.44514e+01
 91  0.00000 -1.69493e+02 | 92  0.00000  1.59430e+02 | 93  0.00000  2.39718e+01
 94  0.00000  5.92604e+01 | 95  0.00000  3.33302e+01 | 96  0.00000  0.00000e+00
 97  0.00000  0.00000e+00 | 98 -0.42649  2.58464e-04 | 99 -0.58830  1.21381e-04
100 -0.35055  5.98576e-04 |101  0.23832  1.51060e-02 |102 -0.02850  1.76970e+01
103 -0.95584 -3.86408e-02 |104  0.15109  2.60777e+01 |105  0.10482  4.95703e-03
106  0.07205  4.77266e+00 |107  0.42852  1.05261e-02 |108  0.72862  6.76817e-02
109 -0.15276  3.95073e-02 |110 -0.10593  1.42480e+01 |111 -0.15610  1.61810e+01
112 -0.21662  1.11338e+01 |113  0.17732  7.11917e-03 |114 -0.21736 -6.54634e-01
115 -0.96603 -1.68813e-02 |116  0.07728  2.87697e-01 |117 -0.95759 -3.13649e-02
118  0.00129  1.78560e-05 |119  0.89622 -3.11852e-02 |120  0.29756 -2.15252e+00
121  0.35991  6.45322e-03 |122  0.30333  4.22328e+00 |123 -0.72108  5.96994e-02
124  0.06847  1.93480e+00 |125  0.29411  2.03509e-04 |126  0.16740  1.13005e+00
127 -0.03485  7.99222e-02 |128 -0.02779  4.23155e-02 |129  0.11871  1.26465e-02
130  0.12858  1.90045e-04 |131 -0.03516 -2.11454e+00 |132  0.07608 -1.28046e+01
133 -0.44892 -7.67457e-01 |134 -0.44824 -6.99605e-01 |135  0.02416  9.81757e+00
136 -0.09999 -2.57478e+01 |137  0.03788  1.23509e-03 |138 -0.02561 -1.30440e+00
139  0.31279  6.82731e-03 |140  0.63894  2.05607e-02 |141  0.00000 -2.08187e+00
142  0.00000 -2.22635e+00 |143  0.00000 -2.37937e+00 |144  0.00000 -2.54733e+00
145  0.00000 -2.74008e+00 |146  0.00000 -2.96438e+00 |147  0.00000 -3.22437e+00
148  0.00000 -3.52104e+00 |149  0.00000 -3.86405e+00 |150  0.00000 -4.24965e+00
151  0.00000 -4.69049e+00 |152  0.00000 -5.09037e+00 |153  0.00000 -5.51153e+00
154  0.00000 -5.91273e+00 |155  0.00000 -6.30895e+00 |156  0.00000 -6.69030e+00
157  0.00000 -7.03153e+00 |158  0.00000 -7.30755e+00 |159  0.00000 -7.52733e+00
160  0.00000 -7.70467e+00 |161  0.00000 -7.81050e+00 |162  0.00000 -8.51612e+00
163  0.00000 -9.04354e+00 |164  0.00000 -9.78417e+00 |165  0.00000 -1.15814e+01
166  0.00000 -1.44122e+01 |167  0.00000 -1.82035e+01 |168  0.00000 -2.23875e+01
169  0.00000 -2.72731e+01 |170  0.00000 -3.09028e+01 |171  0.00000 -3.43385e+01
172  0.00000 -3.65675e+01 |173  0.00000 -3.77543e+01 |174  0.00000 -3.65454e+01
175  0.00000 -2.91254e+01 |176  0.00000 -1.41176e+01 |177  0.00000  1.70080e+00
178  0.00000  1.18960e+01 |179  0.00000  2.04046e+01 |180  0.00000  1.50858e+01
181  0.00000  1.01216e+01 |182  0.00000  1.03429e+01 |183  0.00000  1.99853e+01
184  0.00000  4.18215e+01 |185  0.00000  6.28936e+01 |186  0.00000  1.09588e+02
187  0.00000  1.00570e+02 |188  0.00000  6.58557e+01 |189  0.00000  5.65629e+01
190  0.00000  3.81030e+01 |191  0.00000  1.24862e+00 |192  0.00000  3.11080e+01
193  0.00000 -2.95033e+01 |194  0.00000 -4.18903e+01 |195  0.00000 -3.04855e+01
196  0.00000 -1.22785e+01 |197  0.00000  1.03410e+01 |198  0.00000 -5.79467e+00
199  0.00000  2.15246e+01 |200  0.00000  5.22206e+01 |201  0.00000  4.34755e+01
202  0.00000  9.94862e+00 |203  0.00000 -2.46813e+01 |204  0.00000 -4.52215e+01
205  0.00000 -3.30047e+01 |206  0.00000 -6.70461e+00 |207  0.00000  1.67294e+01
208  0.00000  4.47843e+01 |209  0.00000  6.55128e+01 |210  0.00000 -5.17359e+00
211  0.00000  4.24247e+01 |212  0.00000 -1.05692e+02 |213  0.00000 -2.04479e+01
214  0.00000 -3.34167e+01 |215  0.00000 -7.43273e+01 |216  0.00000  4.91894e+01
217  0.00000 -3.85849e+01 |218  0.00000  8.05537e+01 |219  0.00000 -9.97331e+01
220  0.00000  3.10630e+01 |221  0.00000  1.12415e+01 |222  0.00000  0.00000e+00
223  0.00000 -1.00435e-01 |224  0.00000 -9.74498e-02 |225  0.00000 -9.35028e-02
226  0.00000 -8.90046e-02 |227  0.00000 -8.42847e-02 |228  0.00000 -7.86409e-02
229  0.00000 -7.08405e-02 |230  0.00000 -5.87213e-02 |231  0.00000 -3.69489e-02
232  0.00000 -4.75051e-03 |233  0.00000  4.63845e-02 |234  0.00000  9.96424e-02
235  0.00000  1.64322e-01 |236  0.00000  2.26970e-01 |237  0.00000  2.82200e-01
238  0.00000  3.28442e-01 |239  0.00000  3.62859e-01 |240  0.00000  3.73219e-01
241  0.00000  3.59494e-01 |242  0.00000  3.24237e-01 |243  0.00000  2.63414e-01
244  0.00000  3.40671e-01 |245  0.00000  3.64975e-01 |246  0.00000  4.34687e-01
247  0.00000  8.53951e-01 |248  0.00000  1.49938e+00 |249  0.00000  2.56170e+00
250  0.00000  3.77577e+00 |251  0.00000  5.23093e+00 |252  0.00000  6.45348e+00
253  0.00000  7.59378e+00 |254  0.00000  8.48831e+00 |255  0.00000  9.05597e+00
256  0.00000  8.48277e+00 |257  0.00000  6.07890e+00 |258  0.00000  3.01871e+00
259  0.00000  1.84681e+00 |260  0.00000  3.35738e+00 |261  0.00000  4.06892e+00
262  0.00000  3.89564e+00 |263  0.00000  4.92319e+00 |264  0.00000  6.16210e+00
265  0.00000  6.44911e+00 |266  0.00000  9.77262e+00 |267  0.00000  1.78347e+00
268  0.00000 -3.97786e+01 |269  0.00000 -4.61594e+01 |270  0.00000 -2.62913e+00
271  0.00000  9.14808e+00 |272  0.00000  6.17683e+00 |273  0.00000  7.34799e-01
274  0.00000 -3.50733e+00 |275  0.00000 -1.36511e+01 |276  0.00000 -1.15510e+01
277  0.00000 -1.13168e+01 |278  0.00000 -7.59326e+00 |279  0.00000 -3.95208e+00
280  0.00000 -2.07745e+00 |281  0.00000 -3.00608e+00 |282  0.00000  1.06289e+00
283  0.00000 -1.68110e+01 |284  0.00000 -3.35745e+01 |285  0.00000 -1.41052e+01
286  0.00000  1.04103e+01 |287  0.00000 -4.20813e-01 |288  0.00000  1.29201e+01
289  0.00000  8.84187e+00 |290  0.00000 -3.77709e-01 |291  0.00000  1.81169e+01
292  0.00000  2.16960e+01 |293  0.00000 -4.48971e+01 |294  0.00000  2.72127e+01
295  0.00000 -5.12848e+00 |296  0.00000 -9.14464e+00 |297  0.00000  5.41325e+01
298  0.00000 -1.52315e+01 |299  0.00000  2.03222e+01 |300  0.00000 -2.30548e+01
301  0.00000  8.98085e+00 |302  0.00000  6.70656e+00 |303  0.00000 -4.81173e+00
304  0.00000  0.00000e+00 |

Intermediate statistics: 304 variables; iteration 20; function evaluation 27; phase 5
Function value 5.6856637e+03; maximum gradient component mag -1.8783e+03
Var    Value     Gradient |Var    Value     Gradient |Var    Value     Gradient
  1  0.99976  8.49422e-04 |  2  0.03568 -2.56854e+02 |  3 -0.00108 -3.24028e+02
  4  0.09656 -6.59211e+02 |  5 -0.01974 -1.47976e+02 |  6 -0.32028 -1.08153e+01
  7 -0.02461 -1.87827e+03 |  8  0.04804 -1.42433e+03 |  9  0.04002 -4.33324e+02
 10 -0.34758 -3.14298e+02 | 11  0.09973  1.23438e+03 | 12  0.04104  3.89216e+02
 13 -0.26396 -2.45917e+02 | 14 -0.00322 -1.17096e+00 | 15 -0.00344 -1.25436e+00
 16 -0.00371 -1.34939e+00 | 17 -0.00403 -1.45966e+00 | 18 -0.00437 -1.58651e+00
 19 -0.00470 -1.72433e+00 | 20 -0.00501 -1.86800e+00 | 21 -0.00531 -2.02212e+00
 22 -0.00552 -2.20224e+00 | 23 -0.00574 -2.38861e+00 | 24 -0.00597 -2.56855e+00
 25 -0.00665 -2.69736e+00 | 26 -0.00739 -2.82682e+00 | 27 -0.00824 -2.97118e+00
 28 -0.00919 -3.12736e+00 | 29 -0.01022 -3.26223e+00 | 30 -0.01131 -3.36226e+00
 31 -0.01237 -3.46131e+00 | 32 -0.01338 -3.56632e+00 | 33 -0.01423 -3.69054e+00
 34 -0.01502 -3.81879e+00 | 35 -0.01420 -4.26766e+00 | 36 -0.01333 -4.89219e+00
 37 -0.01124 -5.92536e+00 | 38 -0.00815 -7.12436e+00 | 39 -0.00182 -9.37141e+00
 40  0.00492 -1.11079e+01 | 41  0.00632 -4.58861e+01 | 42  0.01833 -4.78743e+01
 43  0.01844 -4.62501e+01 | 44  0.01572 -4.27896e+01 | 45  0.00567 -3.89154e+01
 46 -0.00266 -3.73344e+01 | 47 -0.00016 -4.11771e+01 | 48  0.01726 -5.49807e+01
 49  0.03847 -7.90138e+01 | 50  0.02317 -7.19535e+01 | 51 -0.01636 -4.60670e+01
 52 -0.02913 -4.65339e+01 | 53 -0.00206 -7.75573e+01 | 54  0.01979 -9.99644e+01
 55  0.01029 -9.91169e+01 | 56  0.00073 -9.04037e+01 | 57  0.01905 -9.37640e+01
 58 -0.04166 -7.45018e+01 | 59  0.02742 -1.35856e+02 | 60  0.10061 -1.18143e+02
 61 -0.18963 -6.10789e+01 | 62  0.03768 -1.02644e+02 | 63 -0.02304 -3.91859e+01
 64 -0.03566 -3.66561e+00 | 65  0.03009 -3.34772e+01 | 66  0.01793  4.49310e+01
 67  0.01250  6.34351e+01 | 68  0.01254  6.56660e+01 | 69  0.01629  2.30416e+01
 70  0.03550 -3.13240e+01 | 71  0.03016 -5.75645e+01 | 72  0.00022 -8.43481e+01
 73  0.05736 -9.71026e+01 | 74 -0.01742 -7.67738e+01 | 75 -0.00871 -8.76432e+01
 76  0.09648 -9.81086e+01 | 77 -0.03983 -8.29827e+01 | 78  0.06773 -2.92475e+01
 79 -0.00308  4.22386e+01 | 80  0.01649  8.26475e+01 | 81 -0.02032  2.24212e+01
 82  0.03848 -2.37615e+01 | 83  0.02702 -7.01217e+01 | 84 -0.00413 -1.15715e+02
 85 -0.00312  2.12022e+01 | 86 -0.08397  5.42358e+01 | 87 -0.03631 -3.18530e+00
 88  0.04287 -1.39157e+02 | 89 -0.15918  1.09651e+01 | 90 -0.01059 -2.82030e+01
 91  0.01235 -1.11266e+02 | 92 -0.02044  1.96459e+01 | 93 -0.08483 -6.45194e+01
 94 -0.10364 -4.31733e+01 | 95 -0.05158 -4.15385e+01 | 96  0.00000  0.00000e+00
 97  0.00000  0.00000e+00 | 98 -0.46051  4.61247e-01 | 99 -0.56382 -7.34657e+00
100 -0.28316 -4.01853e+00 |101  0.26056  9.63105e+01 |102 -0.02252 -1.04261e+02
103 -0.95615 -1.45485e-01 |104  0.03923 -2.68633e+00 |105  0.06412 -3.39569e+01
106  0.04085  3.82954e+00 |107  0.42845 -3.76793e-03 |108  0.72820  2.34532e-03
109 -0.17308 -4.90858e+02 |110 -0.10121  1.88047e+02 |111 -0.14535 -8.19387e+01
112 -0.22487 -8.74520e+01 |113  0.17530 -3.76894e+00 |114 -0.20682  4.86920e-01
115 -0.96576 -3.33709e-02 |116  0.06316  8.43989e+00 |117 -0.98690 -9.63249e+00
118  0.00129  1.17910e-02 |119  0.89624  7.57167e-03 |120  0.29670  8.59558e-01
121  0.37525  2.62348e+00 |122  0.28347 -2.89750e-01 |123 -0.72075  1.05893e-01
124  0.06673  1.94413e+00 |125  0.28278  9.60014e-02 |126  0.16999  4.38036e+00
127 -0.03662  3.34619e-01 |128 -0.02908  2.56947e-01 |129  0.11083 -7.59806e+01
130  0.10498 -6.93253e+00 |131 -0.02896  3.95808e+01 |132  0.08943 -4.62516e-01
133 -0.44604 -4.42778e+00 |134 -0.44910 -1.64120e+00 |135 -0.00494 -3.16595e+00
136 -0.11578 -1.32212e+00 |137  0.02804 -4.34489e+00 |138 -0.02351  5.71837e+00
139  0.31273  1.38811e-02 |140  0.63876  4.19010e-02 |141 -0.00171  2.45381e+00
142 -0.00183  2.58866e+00 |143 -0.00195  2.72999e+00 |144 -0.00208  2.88841e+00
145 -0.00220  3.07563e+00 |146 -0.00234  3.29582e+00 |147 -0.00247  3.54642e+00
148 -0.00259  3.82376e+00 |149 -0.00262  4.12489e+00 |150 -0.00259  4.44722e+00
151 -0.00247  4.78555e+00 |152 -0.00269  5.09142e+00 |153 -0.00295  5.40560e+00
154 -0.00335  5.72458e+00 |155 -0.00396  6.06668e+00 |156 -0.00488  6.41069e+00
157 -0.00615  6.72846e+00 |158 -0.00784  7.00957e+00 |159 -0.00994  7.25234e+00
160 -0.01237  7.46627e+00 |161 -0.01525  7.64159e+00 |162 -0.01610  8.35815e+00
163 -0.01791  8.98806e+00 |164 -0.01928  9.90301e+00 |165 -0.01752  1.16838e+01
166 -0.01208  1.50395e+01 |167 -0.00217  2.00500e+01 |168  0.00728  2.52149e+01
169  0.02563  3.53590e+01 |170  0.03275  4.09185e+01 |171  0.04091  4.52295e+01
172  0.04055  4.42986e+01 |173  0.03984  4.29805e+01 |174  0.04353  4.57619e+01
175  0.03889  5.07990e+01 |176  0.00353  4.46129e+01 |177 -0.03176  2.54730e+01
178 -0.03577  1.84756e+01 |179 -0.03808  1.97246e+01 |180 -0.02623  3.12074e+01
181  0.00562  5.68173e+01 |182  0.02059  6.57800e+01 |183  0.01523  5.85153e+01
184 -0.03175  4.52006e+01 |185 -0.01790  4.55335e+01 |186 -0.01049  7.41051e+01
187  0.04111  7.89595e+01 |188  0.05285  4.01868e+01 |189 -0.05142  4.15882e+01
190 -0.02318  2.54031e+01 |191  0.03531  2.34596e+01 |192 -0.05978  1.16300e+01
193  0.06435  9.41285e+00 |194  0.04591 -2.13214e+01 |195 -0.02510 -2.96498e+01
196  0.02343 -3.12566e+01 |197  0.02250 -9.11630e+00 |198  0.04323 -7.73386e+00
199  0.01841  7.28051e+00 |200  0.01923 -1.00348e+00 |201 -0.01694 -6.77106e+00
202 -0.03231 -7.32539e+00 |203  0.07528 -3.05419e+00 |204  0.01746 -1.61174e+00
205  0.03078 -1.69018e+01 |206  0.01538 -1.55202e+00 |207  0.00332  2.91800e+00
208 -0.00339  8.31850e-01 |209 -0.05259  6.29499e+00 |210  0.08240  3.20586e+01
211  0.06687  5.72326e+00 |212  0.14452 -5.20329e-01 |213 -0.00308 -1.03581e+01
214  0.12849  3.16613e+01 |215  0.02612 -1.31370e+01 |216  0.05396 -7.30946e+01
217 -0.03321 -5.29203e+00 |218  0.02233  4.25257e+01 |219  0.16370  1.83441e+01
220  0.05069  1.33829e+01 |221 -0.03250 -4.00710e+00 |222  0.00000  0.00000e+00
223  0.00086  9.29929e-01 |224  0.00092  9.96089e-01 |225  0.00097  1.06706e+00
226  0.00102  1.14467e+00 |227  0.00107  1.23114e+00 |228  0.00112  1.32799e+00
229  0.00116  1.43559e+00 |230  0.00118  1.55436e+00 |231  0.00118  1.68630e+00
232  0.00116  1.82956e+00 |233  0.00108  1.98361e+00 |234  0.00102  2.14116e+00
235  0.00092  2.30517e+00 |236  0.00079  2.46232e+00 |237  0.00063  2.61822e+00
238  0.00047  2.77791e+00 |239  0.00032  2.94025e+00 |240  0.00026  3.11349e+00
241  0.00027  3.29877e+00 |242  0.00035  3.50212e+00 |243  0.00053  3.71911e+00
244  0.00032  3.94049e+00 |245  0.00026  4.20306e+00 |246  0.00028  4.52915e+00
247 -0.00046  4.75446e+00 |248 -0.00104  5.01219e+00 |249 -0.00320  4.87684e+00
250 -0.00602  4.21383e+00 |251 -0.00872  3.57055e+00 |252 -0.01099  2.67018e+00
253 -0.01422  1.42842e+00 |254 -0.01784  3.33576e-01 |255 -0.02154 -6.57405e-01
256 -0.02274 -1.09683e+00 |257 -0.01615  1.28827e+00 |258 -0.00237  9.56906e+00
259 -0.01111  1.06082e+01 |260 -0.03209  2.78170e+00 |261 -0.03847  8.39039e-02
262 -0.03622  1.04193e+00 |263 -0.03914 -1.47571e+00 |264 -0.04785 -5.47525e+00
265 -0.05950 -6.75236e+00 |266 -0.08184 -4.45950e+00 |267 -0.06155 -6.89802e+00
268  0.04086  1.79837e+01 |269  0.14650  1.09550e+02 |270 -0.06013 -1.33362e+01
271 -0.07643  1.42482e+00 |272 -0.04500 -1.57556e+00 |273 -0.02304 -2.38487e+00
274  0.02210  9.34566e+00 |275  0.04047 -3.56976e+00 |276  0.02875 -4.60433e+00
277  0.04736 -1.30320e+01 |278  0.04258 -7.20135e+00 |279  0.04265 -7.17504e+00
280  0.00938 -5.74514e+00 |281  0.00914 -5.86952e+00 |282 -0.01423 -7.29474e+00
283  0.01214 -2.50589e+00 |284  0.11155 -1.62817e+01 |285  0.04409 -2.24764e+00
286 -0.01303  5.22264e-01 |287  0.02069 -2.46672e+00 |288 -0.03371 -2.19254e+00
289 -0.04230 -2.73250e+00 |290 -0.01911 -2.52087e+00 |291 -0.09926 -1.19918e+01
292 -0.07450 -9.13085e+00 |293  0.18065  2.69883e+01 |294  0.00959  5.97300e+00
295  0.10002 -2.20520e+01 |296  0.03738 -4.49322e+00 |297 -0.06848 -2.27118e-01
298  0.04968 -1.24137e+01 |299 -0.05750  1.02413e+01 |300  0.02616 -1.30968e+01
301  0.01741 -2.01118e+00 |302 -0.03321 -7.10654e-01 |303  0.02174 -1.05181e+00
304  0.00000  0.00000e+00 |
  ic > imax  in fminim is answer attained ?
Var    Value     Gradient |Var    Value     Gradient |Var    Value     Gradient
  1  0.99976 -4.16007e-03 |  2  0.06045 -1.84960e+02 |  3 -0.00158 -2.97804e+02
  4  0.08868 -7.46257e+02 |  5  0.01168 -8.41870e+01 |  6 -0.33435  1.11583e+01
  7 -0.02390 -1.95808e+02 |  8  0.04616 -1.37194e+03 |  9  0.02894 -2.85794e+02
 10 -0.34365 -3.49778e+02 | 11  0.10207 -1.95890e+02 | 12  0.04326 -1.59404e+02
 13 -0.25713  2.75958e+02 | 14 -0.00441  7.41410e+00 | 15 -0.00470  7.79121e+00
 16 -0.00506  8.18023e+00 | 17 -0.00550  8.59839e+00 | 18 -0.00597  9.07337e+00
 19 -0.00641  9.62128e+00 | 20 -0.00684  1.02331e+01 | 21 -0.00725  1.08849e+01
 22 -0.00753  1.15650e+01 | 23 -0.00783  1.22592e+01 | 24 -0.00814  1.29719e+01
 25 -0.00900  1.36709e+01 | 26 -0.00991  1.43946e+01 | 27 -0.01092  1.51119e+01
 28 -0.01198  1.59257e+01 | 29 -0.01304  1.68884e+01 | 30 -0.01407  1.79752e+01
 31 -0.01497  1.91880e+01 | 32 -0.01573  2.05426e+01 | 33 -0.01621  2.20723e+01
 34 -0.01655  2.37951e+01 | 35 -0.01513  2.56316e+01 | 36 -0.01345  2.77416e+01
 37 -0.01034  2.99946e+01 | 38 -0.00653  3.18421e+01 | 39  0.00065  3.30799e+01
 40  0.00820  3.39677e+01 | 41  0.01137  7.05292e+00 | 42  0.02509  6.35653e+00
 43  0.02351  6.00721e+00 | 44  0.01877  5.35095e+00 | 45  0.00623  4.54384e+00
 46 -0.00376  1.85792e+00 | 47 -0.00301 -4.85629e+00 | 48  0.01342 -1.44514e+01
 49  0.03890 -1.97985e+01 | 50  0.02281 -1.03538e+01 | 51 -0.01842  1.23604e+00
 52 -0.02951 -1.79794e+00 | 53 -0.00163 -2.36945e+01 | 54  0.02386 -4.57888e+01
 55  0.00943 -5.69384e+01 | 56 -0.00742 -5.04336e+01 | 57  0.02268 -2.29242e+01
 58 -0.03174 -2.38706e+01 | 59  0.02678 -8.33320e+01 | 60  0.09609 -9.04466e+01
 61 -0.20232 -5.48324e+01 | 62  0.04156 -4.17753e+01 | 63 -0.03013 -1.81897e+01
 64 -0.04206  3.68897e-01 | 65  0.03293 -1.51425e+01 | 66  0.02520  4.53205e+01
 67  0.02199  6.07596e+01 | 68  0.01520  5.61603e+01 | 69  0.02199  3.96846e+00
 70  0.04242 -5.35635e+01 | 71  0.04304 -6.26969e+01 | 72 -0.00111 -7.85271e+01
 73  0.07332 -7.84784e+01 | 74 -0.02115 -5.98498e+01 | 75 -0.01296 -5.91839e+01
 76  0.12377 -1.77894e+01 | 77 -0.06839 -6.07405e+01 | 78  0.08521  5.89513e+00
 79 -0.00319  3.93023e+01 | 80  0.02008  6.09236e+01 | 81 -0.01928  1.01874e+01
 82  0.03630 -1.58866e+01 | 83  0.03862 -3.64945e+01 | 84 -0.00288 -1.30394e+02
 85 -0.00239 -4.35148e+00 | 86 -0.09762  4.00283e+01 | 87 -0.04171 -1.90498e+01
 88  0.04844 -9.66334e+01 | 89 -0.17987 -1.91763e+01 | 90  0.00989  4.89323e+01
 91  0.01673 -1.27147e+02 | 92 -0.02187  1.77219e+01 | 93 -0.08320 -5.74461e+01
 94 -0.11627 -4.09079e+01 | 95 -0.05354 -3.62305e+01 | 96  0.00000  0.00000e+00
 97  0.00000  0.00000e+00 | 98 -0.47471 -6.81953e+00 | 99 -0.55045 -1.56400e+01
100 -0.25536 -4.00828e+00 |101  0.27141  2.42624e+02 |102 -0.01259 -9.91071e+01
103 -0.95627  6.49029e-01 |104  0.00726  2.92610e+01 |105  0.05532 -1.92940e+01
106  0.03554 -9.03213e+00 |107  0.42843  4.69395e-03 |108  0.72804  5.34325e-02
109 -0.17160 -3.23175e+02 |110 -0.10437  1.14929e+02 |111 -0.14296 -6.08498e+01
112 -0.23207 -2.84115e+01 |113  0.17621  1.28180e+01 |114 -0.20551 -4.20432e+00
115 -0.96565 -2.46945e-02 |116  0.05626  1.16981e+01 |117 -0.98621 -1.46934e+00
118  0.00128  5.89109e-03 |119  0.89623  8.62564e-03 |120  0.29487  1.01233e+00
121  0.37870  5.56902e+00 |122  0.27837 -2.44076e+00 |123 -0.72068  1.93578e-01
124  0.06515  2.45509e+00 |125  0.27887 -1.19309e+00 |126  0.16753  6.91398e+00
127 -0.03747  3.17686e-01 |128 -0.02971  2.40074e-01 |129  0.10737 -1.14687e+02
130  0.10214 -2.09963e+01 |131 -0.02574  5.93453e+01 |132  0.09061  1.14372e+01
133 -0.44466 -6.67114e+00 |134 -0.44820 -2.61078e+00 |135 -0.01467 -1.50858e+01
136 -0.12622 -7.39105e-01 |137  0.02918 -4.62289e+00 |138 -0.02901  5.31549e+00
139  0.31270  1.26612e-02 |140  0.63867  3.88066e-02 |141 -0.00156 -1.31232e+00
142 -0.00167 -1.40956e+00 |143 -0.00178 -1.50644e+00 |144 -0.00188 -1.60308e+00
145 -0.00198 -1.70551e+00 |146 -0.00208 -1.82130e+00 |147 -0.00217 -1.95533e+00
148 -0.00225 -2.10982e+00 |149 -0.00220 -2.28490e+00 |150 -0.00209 -2.47686e+00
151 -0.00185 -2.68435e+00 |152 -0.00205 -2.92218e+00 |153 -0.00230 -3.17300e+00
154 -0.00273 -3.42708e+00 |155 -0.00344 -3.70417e+00 |156 -0.00456 -4.02372e+00
157 -0.00612 -4.38029e+00 |158 -0.00822 -4.77450e+00 |159 -0.01082 -5.21012e+00
160 -0.01385 -5.68704e+00 |161 -0.01744 -6.18974e+00 |162 -0.01859 -6.47717e+00
163 -0.02097 -6.89490e+00 |164 -0.02289 -7.25600e+00 |165 -0.02119 -7.15121e+00
166 -0.01531 -6.41640e+00 |167 -0.00426 -5.06843e+00 |168  0.00533 -3.31334e+00
169  0.02569 -4.83449e-01 |170  0.03205  2.65793e+00 |171  0.04022  5.38988e+00
172  0.03890  6.34912e+00 |173  0.03795  6.59759e+00 |174  0.04341  7.98618e+00
175  0.04042  9.16891e+00 |176  0.00332  5.42804e+00 |177 -0.03245 -1.21232e+00
178 -0.03663 -1.32975e+00 |179 -0.03992  1.22785e+00 |180 -0.02736  5.94832e+00
181  0.00299  1.70192e+01 |182  0.01677  2.35914e+01 |183  0.01500  1.95852e+01
184 -0.03901  6.43545e+00 |185 -0.02547  1.63271e+01 |186 -0.01955  2.62696e+01
187  0.03085 -5.61446e+00 |188  0.06819  3.06671e+01 |189 -0.06314  5.01699e+00
190 -0.02530  5.02118e+00 |191  0.04393  6.91782e+00 |192 -0.07368 -3.75079e+00
193  0.07776  4.00234e+00 |194  0.06054 -2.46563e+01 |195 -0.03758 -2.87786e+01
196  0.03786 -2.32911e+01 |197  0.03447  1.19198e+01 |198  0.05981  1.52851e+01
199  0.02646  2.01630e+01 |200  0.04240  1.02887e+01 |201 -0.00769 -5.93223e+00
202 -0.04322 -1.14976e+01 |203  0.09281 -9.00434e+00 |204  0.00325  1.20710e+00
205  0.04948  6.26780e+00 |206  0.02846  9.13372e+00 |207  0.01598  1.08217e+01
208  0.01362  4.97893e+00 |209 -0.05993 -3.22968e+00 |210  0.08625  1.13720e+01
211  0.10802  6.01175e+01 |212  0.16699  7.75617e+01 |213 -0.00439 -1.19456e+01
214  0.13424  1.81007e+01 |215  0.02355 -3.42336e+01 |216  0.14220 -1.53268e+02
217 -0.06133 -2.65672e+01 |218  0.02603  6.15978e+01 |219  0.15989 -9.17615e+00
220  0.08164  5.72391e+01 |221 -0.03708 -7.08822e+00 |222  0.00000  0.00000e+00
223  0.00083  2.95846e-01 |224  0.00088  3.23235e-01 |225  0.00092  3.52073e-01
226  0.00097  3.81668e-01 |227  0.00101  4.10819e-01 |228  0.00104  4.39758e-01
229  0.00105  4.70178e-01 |230  0.00105  5.03990e-01 |231  0.00101  5.43271e-01
232  0.00093  5.88124e-01 |233  0.00077  6.37417e-01 |234  0.00064  6.89132e-01
235  0.00046  7.38254e-01 |236  0.00025  7.72696e-01 |237  0.00001  7.88682e-01
238 -0.00024  7.89105e-01 |239 -0.00047  7.78420e-01 |240 -0.00058  7.66068e-01
241 -0.00061  7.48836e-01 |242 -0.00053  7.29473e-01 |243 -0.00033  7.00848e-01
244 -0.00061  6.57878e-01 |245 -0.00071  6.09704e-01 |246 -0.00072  6.02897e-01
247 -0.00162  5.71811e-01 |248 -0.00227  6.66456e-01 |249 -0.00479  5.86575e-01
250 -0.00787  1.44811e-01 |251 -0.01079 -6.56373e-04 |252 -0.01299 -6.06701e-01
253 -0.01642 -1.50670e+00 |254 -0.02051 -2.57577e+00 |255 -0.02486 -3.64572e+00
256 -0.02644 -4.20669e+00 |257 -0.01937 -2.51694e+00 |258 -0.00530  2.37056e+00
259 -0.01839  1.24253e+00 |260 -0.04262 -4.95390e+00 |261 -0.04941 -7.09299e+00
262 -0.04655 -6.62223e+00 |263 -0.04817 -7.79608e+00 |264 -0.05754 -1.10291e+01
265 -0.07296 -1.34732e+01 |266 -0.10352 -1.44539e+01 |267 -0.07738 -1.28424e+01
268  0.03451  8.24485e+00 |269  0.14130  9.98224e+01 |270 -0.07354 -1.72133e+01
271 -0.09964 -1.02445e+01 |272 -0.05647 -7.86422e+00 |273 -0.02864 -5.09431e+00
274  0.02820  7.72714e+00 |275  0.05470  3.60736e-01 |276  0.03946  1.25620e+00
277  0.07142 -4.78750e+00 |278  0.06131  3.40009e+00 |279  0.06279  4.54245e-01
280  0.01622 -5.32033e+00 |281  0.01554 -7.83489e+00 |282 -0.01433 -1.08962e+01
283  0.01219 -1.12783e-01 |284  0.15433  3.83294e+00 |285  0.05753  7.81702e+00
286 -0.01461 -1.26052e+00 |287  0.02749 -1.14688e+01 |288 -0.04102 -7.60791e+00
289 -0.05453 -9.56776e+00 |290 -0.02450 -6.64719e+00 |291 -0.12039 -1.99440e+01
292 -0.08644 -1.29674e+01 |293  0.21409  3.52719e+01 |294  0.01756  3.74807e+00
295  0.15298 -2.51694e+01 |296  0.05225  1.62862e+00 |297 -0.07549 -6.47587e+00
298  0.07241  5.86400e+00 |299 -0.08078  2.93142e+00 |300  0.03876 -1.61427e+01
301  0.02930  1.73983e+00 |302 -0.04382 -5.78465e+00 |303  0.02916  9.97328e-02
304  0.00000  0.00000e+00 |
Function minimizer not making progress ... is minimum attained?
Minimprove criterion = 0.0000e+00

 - final statistics:
304 variables; iteration 23; function evaluation 59
Function value nan; maximum gradient component mag -1.3719e+03
Exit code = 1;  converg criter 1.0000e-04
Var    Value     Gradient |Var    Value     Gradient |Var    Value     Gradient
  1  0.99976 -4.16007e-03 |  2  0.06045 -1.84960e+02 |  3 -0.00158 -2.97804e+02
  4  0.08868 -7.46257e+02 |  5  0.01168 -8.41870e+01 |  6 -0.33435  1.11583e+01
  7 -0.02390 -1.95808e+02 |  8  0.04616 -1.37194e+03 |  9  0.02894 -2.85794e+02
 10 -0.34365 -3.49778e+02 | 11  0.10207 -1.95890e+02 | 12  0.04326 -1.59404e+02
 13 -0.25713  2.75958e+02 | 14 -0.00441  7.41410e+00 | 15 -0.00470  7.79121e+00
 16 -0.00506  8.18023e+00 | 17 -0.00550  8.59839e+00 | 18 -0.00597  9.07337e+00
 19 -0.00641  9.62128e+00 | 20 -0.00684  1.02331e+01 | 21 -0.00725  1.08849e+01
 22 -0.00753  1.15650e+01 | 23 -0.00783  1.22592e+01 | 24 -0.00814  1.29719e+01
 25 -0.00900  1.36709e+01 | 26 -0.00991  1.43946e+01 | 27 -0.01092  1.51119e+01
 28 -0.01198  1.59257e+01 | 29 -0.01304  1.68884e+01 | 30 -0.01407  1.79752e+01
 31 -0.01497  1.91880e+01 | 32 -0.01573  2.05426e+01 | 33 -0.01621  2.20723e+01
 34 -0.01655  2.37951e+01 | 35 -0.01513  2.56316e+01 | 36 -0.01345  2.77416e+01
 37 -0.01034  2.99946e+01 | 38 -0.00653  3.18421e+01 | 39  0.00065  3.30799e+01
 40  0.00820  3.39677e+01 | 41  0.01137  7.05292e+00 | 42  0.02509  6.35653e+00
 43  0.02351  6.00721e+00 | 44  0.01877  5.35095e+00 | 45  0.00623  4.54384e+00
 46 -0.00376  1.85792e+00 | 47 -0.00301 -4.85629e+00 | 48  0.01342 -1.44514e+01
 49  0.03890 -1.97985e+01 | 50  0.02281 -1.03538e+01 | 51 -0.01842  1.23604e+00
 52 -0.02951 -1.79794e+00 | 53 -0.00163 -2.36945e+01 | 54  0.02386 -4.57888e+01
 55  0.00943 -5.69384e+01 | 56 -0.00742 -5.04336e+01 | 57  0.02268 -2.29242e+01
 58 -0.03174 -2.38706e+01 | 59  0.02678 -8.33320e+01 | 60  0.09609 -9.04466e+01
 61 -0.20232 -5.48324e+01 | 62  0.04156 -4.17753e+01 | 63 -0.03013 -1.81897e+01
 64 -0.04206  3.68897e-01 | 65  0.03293 -1.51425e+01 | 66  0.02520  4.53205e+01
 67  0.02199  6.07596e+01 | 68  0.01520  5.61603e+01 | 69  0.02199  3.96846e+00
 70  0.04242 -5.35635e+01 | 71  0.04304 -6.26969e+01 | 72 -0.00111 -7.85271e+01
 73  0.07332 -7.84784e+01 | 74 -0.02115 -5.98498e+01 | 75 -0.01296 -5.91839e+01
 76  0.12377 -1.77894e+01 | 77 -0.06839 -6.07405e+01 | 78  0.08521  5.89513e+00
 79 -0.00319  3.93023e+01 | 80  0.02008  6.09236e+01 | 81 -0.01928  1.01874e+01
 82  0.03630 -1.58866e+01 | 83  0.03862 -3.64945e+01 | 84 -0.00288 -1.30394e+02
 85 -0.00239 -4.35148e+00 | 86 -0.09762  4.00283e+01 | 87 -0.04171 -1.90498e+01
 88  0.04844 -9.66334e+01 | 89 -0.17987 -1.91763e+01 | 90  0.00989  4.89323e+01
 91  0.01673 -1.27147e+02 | 92 -0.02187  1.77219e+01 | 93 -0.08320 -5.74461e+01
 94 -0.11627 -4.09079e+01 | 95 -0.05354 -3.62305e+01 | 96  0.00000  0.00000e+00
 97  0.00000  0.00000e+00 | 98 -0.47471 -6.81953e+00 | 99 -0.55045 -1.56400e+01
100 -0.25536 -4.00828e+00 |101  0.27141  2.42624e+02 |102 -0.01259 -9.91071e+01
103 -0.95627  6.49029e-01 |104  0.00726  2.92610e+01 |105  0.05532 -1.92940e+01
106  0.03554 -9.03213e+00 |107  0.42843  4.69395e-03 |108  0.72804  5.34325e-02
109 -0.17160 -3.23175e+02 |110 -0.10437  1.14929e+02 |111 -0.14296 -6.08498e+01
112 -0.23207 -2.84115e+01 |113  0.17621  1.28180e+01 |114 -0.20551 -4.20432e+00
115 -0.96565 -2.46945e-02 |116  0.05626  1.16981e+01 |117 -0.98621 -1.46934e+00
118  0.00128  5.89109e-03 |119  0.89623  8.62564e-03 |120  0.29487  1.01233e+00
121  0.37870  5.56902e+00 |122  0.27837 -2.44076e+00 |123 -0.72068  1.93578e-01
124  0.06515  2.45509e+00 |125  0.27887 -1.19309e+00 |126  0.16753  6.91398e+00
127 -0.03747  3.17686e-01 |128 -0.02971  2.40074e-01 |129  0.10737 -1.14687e+02
130  0.10214 -2.09963e+01 |131 -0.02574  5.93453e+01 |132  0.09061  1.14372e+01
133 -0.44466 -6.67114e+00 |134 -0.44820 -2.61078e+00 |135 -0.01467 -1.50858e+01
136 -0.12622 -7.39105e-01 |137  0.02918 -4.62289e+00 |138 -0.02901  5.31549e+00
139  0.31270  1.26612e-02 |140  0.63867  3.88066e-02 |141 -0.00156 -1.31232e+00
142 -0.00167 -1.40956e+00 |143 -0.00178 -1.50644e+00 |144 -0.00188 -1.60308e+00
145 -0.00198 -1.70551e+00 |146 -0.00208 -1.82130e+00 |147 -0.00217 -1.95533e+00
148 -0.00225 -2.10982e+00 |149 -0.00220 -2.28490e+00 |150 -0.00209 -2.47686e+00
151 -0.00185 -2.68435e+00 |152 -0.00205 -2.92218e+00 |153 -0.00230 -3.17300e+00
154 -0.00273 -3.42708e+00 |155 -0.00344 -3.70417e+00 |156 -0.00456 -4.02372e+00
157 -0.00612 -4.38029e+00 |158 -0.00822 -4.77450e+00 |159 -0.01082 -5.21012e+00
160 -0.01385 -5.68704e+00 |161 -0.01744 -6.18974e+00 |162 -0.01859 -6.47717e+00
163 -0.02097 -6.89490e+00 |164 -0.02289 -7.25600e+00 |165 -0.02119 -7.15121e+00
166 -0.01531 -6.41640e+00 |167 -0.00426 -5.06843e+00 |168  0.00533 -3.31334e+00
169  0.02569 -4.83449e-01 |170  0.03205  2.65793e+00 |171  0.04022  5.38988e+00
172  0.03890  6.34912e+00 |173  0.03795  6.59759e+00 |174  0.04341  7.98618e+00
175  0.04042  9.16891e+00 |176  0.00332  5.42804e+00 |177 -0.03245 -1.21232e+00
178 -0.03663 -1.32975e+00 |179 -0.03992  1.22785e+00 |180 -0.02736  5.94832e+00
181  0.00299  1.70192e+01 |182  0.01677  2.35914e+01 |183  0.01500  1.95852e+01
184 -0.03901  6.43545e+00 |185 -0.02547  1.63271e+01 |186 -0.01955  2.62696e+01
187  0.03085 -5.61446e+00 |188  0.06819  3.06671e+01 |189 -0.06314  5.01699e+00
190 -0.02530  5.02118e+00 |191  0.04393  6.91782e+00 |192 -0.07368 -3.75079e+00
193  0.07776  4.00234e+00 |194  0.06054 -2.46563e+01 |195 -0.03758 -2.87786e+01
196  0.03786 -2.32911e+01 |197  0.03447  1.19198e+01 |198  0.05981  1.52851e+01
199  0.02646  2.01630e+01 |200  0.04240  1.02887e+01 |201 -0.00769 -5.93223e+00
202 -0.04322 -1.14976e+01 |203  0.09281 -9.00434e+00 |204  0.00325  1.20710e+00
205  0.04948  6.26780e+00 |206  0.02846  9.13372e+00 |207  0.01598  1.08217e+01
208  0.01362  4.97893e+00 |209 -0.05993 -3.22968e+00 |210  0.08625  1.13720e+01
211  0.10802  6.01175e+01 |212  0.16699  7.75617e+01 |213 -0.00439 -1.19456e+01
214  0.13424  1.81007e+01 |215  0.02355 -3.42336e+01 |216  0.14220 -1.53268e+02
217 -0.06133 -2.65672e+01 |218  0.02603  6.15978e+01 |219  0.15989 -9.17615e+00
220  0.08164  5.72391e+01 |221 -0.03708 -7.08822e+00 |222  0.00000  0.00000e+00
223  0.00083  2.95846e-01 |224  0.00088  3.23235e-01 |225  0.00092  3.52073e-01
226  0.00097  3.81668e-01 |227  0.00101  4.10819e-01 |228  0.00104  4.39758e-01
229  0.00105  4.70178e-01 |230  0.00105  5.03990e-01 |231  0.00101  5.43271e-01
232  0.00093  5.88124e-01 |233  0.00077  6.37417e-01 |234  0.00064  6.89132e-01
235  0.00046  7.38254e-01 |236  0.00025  7.72696e-01 |237  0.00001  7.88682e-01
238 -0.00024  7.89105e-01 |239 -0.00047  7.78420e-01 |240 -0.00058  7.66068e-01
241 -0.00061  7.48836e-01 |242 -0.00053  7.29473e-01 |243 -0.00033  7.00848e-01
244 -0.00061  6.57878e-01 |245 -0.00071  6.09704e-01 |246 -0.00072  6.02897e-01
247 -0.00162  5.71811e-01 |248 -0.00227  6.66456e-01 |249 -0.00479  5.86575e-01
250 -0.00787  1.44811e-01 |251 -0.01079 -6.56373e-04 |252 -0.01299 -6.06701e-01
253 -0.01642 -1.50670e+00 |254 -0.02051 -2.57577e+00 |255 -0.02486 -3.64572e+00
256 -0.02644 -4.20669e+00 |257 -0.01937 -2.51694e+00 |258 -0.00530  2.37056e+00
259 -0.01839  1.24253e+00 |260 -0.04262 -4.95390e+00 |261 -0.04941 -7.09299e+00
262 -0.04655 -6.62223e+00 |263 -0.04817 -7.79608e+00 |264 -0.05754 -1.10291e+01
265 -0.07296 -1.34732e+01 |266 -0.10352 -1.44539e+01 |267 -0.07738 -1.28424e+01
268  0.03451  8.24485e+00 |269  0.14130  9.98224e+01 |270 -0.07354 -1.72133e+01
271 -0.09964 -1.02445e+01 |272 -0.05647 -7.86422e+00 |273 -0.02864 -5.09431e+00
274  0.02820  7.72714e+00 |275  0.05470  3.60736e-01 |276  0.03946  1.25620e+00
277  0.07142 -4.78750e+00 |278  0.06131  3.40009e+00 |279  0.06279  4.54245e-01
280  0.01622 -5.32033e+00 |281  0.01554 -7.83489e+00 |282 -0.01433 -1.08962e+01
283  0.01219 -1.12783e-01 |284  0.15433  3.83294e+00 |285  0.05753  7.81702e+00
286 -0.01461 -1.26052e+00 |287  0.02749 -1.14688e+01 |288 -0.04102 -7.60791e+00
289 -0.05453 -9.56776e+00 |290 -0.02450 -6.64719e+00 |291 -0.12039 -1.99440e+01
292 -0.08644 -1.29674e+01 |293  0.21409  3.52719e+01 |294  0.01756  3.74807e+00
295  0.15298 -2.51694e+01 |296  0.05225  1.62862e+00 |297 -0.07549 -6.47587e+00
298  0.07241  5.86400e+00 |299 -0.08078  2.93142e+00 |300  0.03876 -1.61427e+01
301  0.02930  1.73983e+00 |302 -0.04382 -5.78465e+00 |303  0.02916  9.97328e-02
304  0.00000  0.00000e+00 |
size of file gradfil1.tmp = 0
size of file gradfil2.tmp = 0
size of file varssave.tmp = 0
size of file cmpdiff.tmp = 0
