
Initial statistics: 1 variables; iteration 0; function evaluation 0; phase 1
Function value 8.9196880e+03; maximum gradient component mag -1.0927e+05
Var    Value     Gradient |Var    Value     Gradient |Var    Value     Gradient
  1 -0.34887 -1.09271e+05 |

 - final statistics:
1 variables; iteration 9; function evaluation 13
Function value 8.4053e+03; maximum gradient component mag -2.7540e-01
Exit code = 1;  converg criter 1.0000e+01
Var    Value     Gradient |Var    Value     Gradient |Var    Value     Gradient
  1 -0.32819 -2.75398e-01 |

Initial statistics: 13 variables; iteration 0; function evaluation 0; phase 2
Function value 8.4053158e+03; maximum gradient component mag 7.3275e+04
Var    Value     Gradient |Var    Value     Gradient |Var    Value     Gradient
  1  0.05362  2.14010e+03 |  2  0.00272  6.06734e+03 |  3  0.09246  6.74211e+03
  4 -0.03944 -3.22565e+02 |  5 -0.29919 -3.16673e+02 |  6 -0.02423  7.32750e+04
  7  0.04770  1.68117e+04 |  8  0.00899 -1.08381e+03 |  9 -0.25856 -1.00025e+03
 10 -0.32819 -2.75398e-01 | 11 -0.45634 -9.12593e-07 | 12 -0.52962 -1.14949e-06
 13 -0.22222 -3.81140e-07 |

 - final statistics:
13 variables; iteration 17; function evaluation 26
Function value 8.1966e+03; maximum gradient component mag -8.5597e-01
Exit code = 1;  converg criter 1.0000e+01
Var    Value     Gradient |Var    Value     Gradient |Var    Value     Gradient
  1 -0.03871  9.47497e-02 |  2 -0.04682  8.65850e-02 |  3  0.12091  3.11448e-01
  4 -0.11381 -4.22610e-02 |  5 -0.22530  2.23888e-02 |  6 -0.02507 -8.55970e-01
  7  0.04770  3.47968e-01 |  8  0.02400 -1.62793e-01 |  9 -0.23564 -4.62605e-02
 10 -0.31726  4.59907e-01 | 11 -0.45634 -9.12575e-07 | 12 -0.52962 -1.14946e-06
 13 -0.22222 -3.81135e-07 |

Initial statistics: 14 variables; iteration 0; function evaluation 0; phase 3
Function value 8.1965603e+03; maximum gradient component mag -5.7214e+01
Var    Value     Gradient |Var    Value     Gradient |Var    Value     Gradient
  1  0.32686 -5.72142e+01 |  2 -0.03871  9.47497e-02 |  3 -0.04682  8.65850e-02
  4  0.12091  3.11448e-01 |  5 -0.11381 -4.22610e-02 |  6 -0.22530  2.23888e-02
  7 -0.02507 -8.55970e-01 |  8  0.04770  3.47968e-01 |  9  0.02400 -1.62793e-01
 10 -0.23564 -4.62605e-02 | 11 -0.31726  4.59907e-01 | 12 -0.45634 -9.12575e-07
 13 -0.52962 -1.14946e-06 | 14 -0.22222 -3.81135e-07 |

 - final statistics:
14 variables; iteration 18; function evaluation 26
Function value 8.1904e+03; maximum gradient component mag 6.0310e-02
Exit code = 1;  converg criter 1.0000e+00
Var    Value     Gradient |Var    Value     Gradient |Var    Value     Gradient
  1  0.57075  2.03826e-03 |  2 -0.03963  3.39365e-03 |  3 -0.04998  9.42259e-03
  4  0.12263  1.43729e-02 |  5 -0.11106  1.53023e-03 |  6 -0.22654  5.50903e-04
  7 -0.02487  2.95840e-02 |  8  0.04737  2.31306e-02 |  9  0.02330  3.41971e-03
 10 -0.23541  2.54542e-03 | 11 -0.30324  6.03101e-02 | 12 -0.45633 -9.12551e-07
 13 -0.52961 -1.14943e-06 | 14 -0.22221 -3.81129e-07 |

Initial statistics: 24 variables; iteration 0; function evaluation 0; phase 4
Function value 8.1903767e+03; maximum gradient component mag 1.3691e+03
Var    Value     Gradient |Var    Value     Gradient |Var    Value     Gradient
  1  0.57075  2.03826e-03 |  2 -0.03963  3.39365e-03 |  3 -0.04998  9.42259e-03
  4  0.12263  1.43729e-02 |  5 -0.11106  1.53023e-03 |  6 -0.22654  5.50903e-04
  7 -0.02487  2.95840e-02 |  8  0.04737  2.31306e-02 |  9  0.02330  3.41971e-03
 10 -0.23541  2.54542e-03 | 11 -0.30324  6.03101e-02 | 12 -0.45633 -9.12551e-07
 13 -0.52961 -1.14943e-06 | 14 -0.22221 -3.81129e-07 | 15  0.24673  1.01339e+03
 16  0.10346  1.36910e+03 | 17 -0.16357 -4.43093e+02 | 18  0.17184 -1.48509e+02
 19 -0.97739 -3.57869e+02 | 20  0.39102  3.62079e+02 | 21  0.30857  6.66406e+01
 22  0.11510 -1.12356e+02 | 23  0.10412 -1.25263e+02 | 24  0.04084  4.53636e+01

Intermediate statistics: 24 variables; iteration 20; function evaluation 29; phase 4
Function value 8.0996227e+03; maximum gradient component mag 1.0838e+04
Var    Value     Gradient |Var    Value     Gradient |Var    Value     Gradient
  1  0.43841 -7.47778e+01 |  2 -0.04168  7.36725e+01 |  3 -0.05428  1.39268e+02
  4  0.11870  3.15994e+02 |  5 -0.11263 -1.63650e+02 |  6 -0.23361 -7.52428e+01
  7 -0.02477  1.08379e+04 |  8  0.05165  4.33026e+03 |  9  0.01850 -3.42258e+02
 10 -0.23471 -1.98774e+02 | 11 -0.30489  1.12690e+03 | 12 -0.45633 -9.12551e-07
 13 -0.52961 -1.14943e-06 | 14 -0.22221 -3.81129e-07 | 15  0.24979  1.34321e+03
 16  0.05275  8.40070e+02 | 17 -0.15871 -5.74366e+01 | 18  0.17337 -1.01184e+02
 19 -0.92106  8.41006e+02 | 20  0.21733  1.93822e+02 | 21  0.24141 -1.16878e+01
 22  0.14467  7.36587e+01 | 23  0.14986  4.74871e+01 | 24 -0.03618 -9.90028e+00

 - final statistics:
24 variables; iteration 33; function evaluation 47
Function value 7.9871e+03; maximum gradient component mag 6.8204e-01
Exit code = 1;  converg criter 1.0000e+00
Var    Value     Gradient |Var    Value     Gradient |Var    Value     Gradient
  1  0.40272 -5.34074e-02 |  2 -0.05572 -5.72726e-02 |  3 -0.05606 -2.13498e-01
  4  0.13414 -3.43663e-01 |  5 -0.10249  3.85568e-02 |  6 -0.23238  2.52504e-02
  7 -0.02462  1.07098e-01 |  8  0.04654 -3.12375e-02 |  9  0.02584  1.17273e-01
 10 -0.24493  8.53739e-02 | 11 -0.30033  6.82038e-01 | 12 -0.45631 -9.12507e-07
 13 -0.52959 -1.14936e-06 | 14 -0.22221 -3.81117e-07 | 15  0.20742 -6.16816e-01
 16 -0.02650  3.30522e-01 | 17 -0.15711  2.49356e-01 | 18  0.19356 -8.59486e-03
 19 -0.95286 -8.24361e-02 | 20  0.04742  6.95628e-02 | 21  0.24455  2.49889e-02
 22  0.13545  8.40974e-02 | 23  0.13934  8.41403e-02 | 24 -0.01794 -3.08640e-02

Initial statistics: 146 variables; iteration 0; function evaluation 0; phase 5
Function value 7.9871265e+03; maximum gradient component mag 9.0183e+02
Var    Value     Gradient |Var    Value     Gradient |Var    Value     Gradient
  1  0.40272 -5.34074e-02 |  2 -0.05572 -5.72726e-02 |  3 -0.05606 -2.13498e-01
  4  0.13414 -3.43663e-01 |  5 -0.10249  3.85568e-02 |  6 -0.23238  2.52504e-02
  7 -0.02462  1.07098e-01 |  8  0.04654 -3.12375e-02 |  9  0.02584  1.17273e-01
 10 -0.24493  8.53739e-02 | 11 -0.30033  6.82038e-01 | 12  0.00000  2.91106e+01
 13  0.00000  3.03422e+01 | 14  0.00000  3.16094e+01 | 15  0.00000  3.29557e+01
 16  0.00000  3.44366e+01 | 17  0.00000  3.60821e+01 | 18  0.00000  3.78725e+01
 19  0.00000  3.97445e+01 | 20  0.00000  4.16616e+01 | 21  0.00000  4.35466e+01
 22  0.00000  4.54541e+01 | 23  0.00000  4.73518e+01 | 24  0.00000  4.92068e+01
 25  0.00000  5.09730e+01 | 26  0.00000  5.28430e+01 | 27  0.00000  5.48421e+01
 28  0.00000  5.69465e+01 | 29  0.00000  5.91214e+01 | 30  0.00000  6.14874e+01
 31  0.00000  6.40730e+01 | 32  0.00000  6.69150e+01 | 33  0.00000  7.00337e+01
 34  0.00000  7.32472e+01 | 35  0.00000  7.60643e+01 | 36  0.00000  7.76441e+01
 37  0.00000  7.68061e+01 | 38  0.00000  7.19548e+01 | 39  0.00000  1.09644e+02
 40  0.00000  9.24313e+01 | 41  0.00000  6.98268e+01 | 42  0.00000  4.40959e+01
 43  0.00000  1.59889e+01 | 44  0.00000 -1.67682e+01 | 45  0.00000 -5.43620e+01
 46  0.00000 -8.58156e+01 | 47  0.00000 -9.61048e+01 | 48  0.00000 -7.21358e+01
 49  0.00000 -2.36021e+01 | 50  0.00000  1.48124e+00 | 51  0.00000 -1.89594e+01
 52  0.00000 -3.70118e+01 | 53  0.00000 -4.21365e+01 | 54  0.00000 -4.05105e+01
 55  0.00000 -4.55687e+01 | 56  0.00000 -2.01796e+01 | 57  0.00000 -5.38157e+02
 58  0.00000 -7.08799e+02 | 59  0.00000  1.19267e+02 | 60  0.00000  1.33215e+01
 61  0.00000  1.76088e+02 | 62  0.00000  2.25413e+02 | 63  0.00000  4.55517e+00
 64  0.00000 -1.09360e+01 | 65  0.00000  1.40798e+02 | 66  0.00000  1.68430e+02
 67  0.00000  8.12631e+01 | 68  0.00000 -8.06823e+01 | 69  0.00000 -1.54169e+02
 70  0.00000 -1.17178e+02 | 71  0.00000 -1.97201e+02 | 72  0.00000 -1.39828e+02
 73  0.00000 -2.31236e+02 | 74  0.00000 -3.11827e+02 | 75  0.00000 -1.85655e+02
 76  0.00000 -4.67069e+01 | 77  0.00000  1.96108e+02 | 78  0.00000  3.17384e+02
 79  0.00000  3.33365e+02 | 80  0.00000  4.95447e+01 | 81  0.00000 -1.39959e+02
 82  0.00000  7.18805e+01 | 83  0.00000  4.06005e+02 | 84  0.00000  9.01833e+02
 85  0.00000  6.65265e+02 | 86  0.00000 -1.15069e+02 | 87  0.00000  4.12781e+02
 88  0.00000  2.21898e+02 | 89  0.00000 -7.36223e+02 | 90  0.00000 -1.32411e+02
 91  0.00000 -3.46032e+02 | 92  0.00000 -1.64461e+02 | 93  0.00000  7.10173e+01
 94  0.00000  1.59030e+02 | 95  0.00000  4.62538e+01 | 96  0.00000  1.55358e+02
 97  0.00000  1.50294e+02 | 98  0.00000  1.33914e+01 | 99  0.00000  2.28636e+01
100  0.00000  8.06585e-04 |101  0.00000  0.00000e+00 |102  0.00000  0.00000e+00
103  0.00000  0.00000e+00 |104 -0.45631 -9.12507e-07 |105 -0.52959 -1.14936e-06
106 -0.22221 -3.81117e-07 |107  0.20742 -6.16816e-01 |108 -0.02850 -2.81388e+01
109 -0.95584 -2.32477e-01 |110  0.15109  1.23062e+01 |111 -0.02650  3.30522e-01
112  0.07205  2.25264e+02 |113  0.42852  3.80276e-01 |114  0.72862  1.44375e+00
115 -0.15711  2.49356e-01 |116 -0.10593  9.19006e+01 |117 -0.15610  1.13089e+02
118 -0.21662  4.73277e+02 |119  0.19356 -8.59486e-03 |120 -0.21736 -1.89385e+01
121 -0.96603 -4.04915e-02 |122  0.07728 -5.95413e+01 |123 -0.95286 -8.24361e-02
124  0.00129 -1.13642e-02 |125  0.89622 -8.24531e-01 |126  0.29756 -6.57026e+01
127  0.04742  6.95628e-02 |128  0.30333  3.63383e+01 |129 -0.72108  8.45725e-01
130  0.06847 -4.26603e+01 |131  0.24455  2.49889e-02 |132  0.16740 -2.39310e+01
133 -0.03485 -2.35317e+01 |134 -0.02779 -1.99686e+01 |135  0.13545  8.40974e-02
136  0.13934  8.41403e-02 |137 -0.03516  3.91398e-01 |138  0.07608  4.61687e+00
139 -0.44892  1.59951e+00 |140 -0.44824  1.54167e+00 |141  0.02416 -4.72660e+01
142 -0.09999 -5.43606e+01 |143 -0.01794 -3.08640e-02 |144 -0.02561  5.26888e+00
145  0.31279  6.53887e-03 |146  0.63894  5.44889e-03 |

Intermediate statistics: 146 variables; iteration 20; function evaluation 30; phase 5
Function value 7.6500105e+03; maximum gradient component mag -1.9570e+03
Var    Value     Gradient |Var    Value     Gradient |Var    Value     Gradient
  1  0.38619 -3.53303e+01 |  2 -0.08187 -1.43113e+02 |  3 -0.07785 -6.22210e+02
  4  0.14659 -4.87000e+02 |  5  0.06535  1.42168e+01 |  6 -0.30480 -2.27997e+01
  7 -0.02432 -1.95700e+03 |  8  0.04876  4.74600e+02 |  9  0.00029 -6.18350e+01
 10 -0.27260  2.34307e+01 | 11 -0.29344  4.86184e+02 | 12 -0.03453  1.45808e+01
 13 -0.03524  1.53214e+01 | 14 -0.03591  1.61036e+01 | 15 -0.03657  1.69551e+01
 16 -0.03725  1.79075e+01 | 17 -0.03797  1.89785e+01 | 18 -0.03870  2.01631e+01
 19 -0.03936  2.14364e+01 | 20 -0.03987  2.27793e+01 | 21 -0.04017  2.41736e+01
 22 -0.04028  2.56412e+01 | 23 -0.04001  2.72198e+01 | 24 -0.03947  2.88722e+01
 25 -0.03866  3.05627e+01 | 26 -0.03760  3.24508e+01 | 27 -0.03629  3.45648e+01
 28 -0.03472  3.68978e+01 | 29 -0.03289  3.94653e+01 | 30 -0.03091  4.23232e+01
 31 -0.02885  4.54956e+01 | 32 -0.02681  4.90023e+01 | 33 -0.02493  5.28537e+01
 34 -0.02328  5.68935e+01 | 35 -0.02180  6.07860e+01 | 36 -0.02024  6.40123e+01
 37 -0.01826  6.59157e+01 | 38 -0.01530  6.56460e+01 | 39 -0.00838  6.90265e+01
 40 -0.00106  6.16107e+01 | 41  0.00839  5.02597e+01 | 42  0.01634  3.45520e+01
 43  0.01576  1.38157e+01 | 44  0.00493 -1.03960e+01 | 45  0.00064 -3.46109e+01
 46  0.02987 -6.36111e+01 | 47  0.05832 -9.06114e+01 | 48  0.00997 -5.93076e+01
 49 -0.01848 -3.26984e+01 | 50 -0.01195 -1.94289e+01 | 51  0.00720 -2.60871e+01
 52  0.01048 -2.28196e+01 | 53  0.01825 -7.23302e+00 | 54  0.01266  2.24925e+01
 55  0.02337  8.03806e+01 | 56  0.02805  1.37965e+02 | 57 -0.00227 -1.76331e+02
 58  0.12293 -1.79526e+02 | 59 -0.07520  1.05861e+02 | 60  0.03201  5.31562e+01
 61 -0.01409  9.55296e+01 | 62 -0.02007  9.35046e+01 | 63  0.02021 -5.05499e+01
 64  0.02178 -5.54804e+01 | 65  0.00209  2.82397e+01 | 66  0.01620  6.00717e+01
 67  0.01221  2.05126e+01 | 68  0.01073 -6.70989e+01 | 69  0.07436 -8.67150e+01
 70 -0.24008 -6.04573e+01 | 71  0.14505  1.57502e+01 | 72 -0.14370 -7.55856e+01
 73 -0.07901 -1.09106e+02 | 74  0.15126 -4.30407e+01 | 75 -0.30734 -6.83400e+01
 76  0.07637 -3.56388e+01 | 77 -0.02887  3.36480e+01 | 78 -0.00510  6.73160e+01
 79 -0.02291  7.91171e+01 | 80  0.01449 -4.22678e+01 | 81  0.02584 -8.13559e+01
 82  0.01672  3.05136e+01 | 83 -0.01022  1.30019e+02 | 84 -0.06814  2.53742e+02
 85 -0.04027  2.09475e+02 | 86  0.04246 -1.34562e+01 | 87 -0.03242  1.29600e+02
 88 -0.01277  5.55375e+01 | 89  0.06707 -3.09891e+02 | 90  0.00546  3.91846e+01
 91  0.03213 -1.59811e+02 | 92 -0.00117 -1.10603e+02 | 93 -0.01216 -1.37167e+01
 94 -0.05201  3.78263e+01 | 95 -0.02604 -4.83521e+00 | 96 -0.16187  9.01905e+00
 97 -0.18808  1.41997e+00 | 98 -0.13102 -2.90560e+01 | 99 -0.09601  8.65534e-01
100 -0.00000 -6.52198e-05 |101  0.00000  0.00000e+00 |102  0.00000  0.00000e+00
103  0.00000  0.00000e+00 |104 -0.45631 -9.12507e-07 |105 -0.52959 -1.14936e-06
106 -0.22221 -3.81117e-07 |107  0.20400 -3.79365e+02 |108 -0.01926  2.94297e+02
109 -0.95722 -5.20092e-01 |110  0.10688 -4.94987e+01 |111 -0.14229 -1.59976e+02
112 -0.08086  1.11664e+02 |113  0.42445  6.79530e-01 |114  0.71541  2.18902e+00
115 -0.16255  7.85603e+02 |116 -0.13295 -2.81972e+02 |117 -0.14995  1.54451e+02
118 -0.28354  2.09536e+02 |119  0.13856  1.07770e+01 |120 -0.34676 -2.15819e+01
121 -0.96766 -5.00786e-02 |122  0.18621 -1.02957e+01 |123 -0.96081 -1.45591e+02
124  0.00133 -1.07348e-02 |125  0.89804 -2.44206e-01 |126  0.42807 -1.88935e+01
127 -0.11090 -2.71521e+01 |128  0.08268  1.87154e+01 |129 -0.72872 -1.18206e-01
130  0.23730  4.77054e+00 |131  0.23493  3.18338e+01 |132  0.15782  2.19972e+00
133  0.04608 -9.23910e+00 |134  0.05340 -1.20737e+01 |135  0.09478 -5.02285e-01
136  0.09844  2.11400e+01 |137 -0.06448 -9.45003e+00 |138  0.02599 -3.41787e+01
139 -0.45773  5.27167e-01 |140 -0.46265  1.32772e+00 |141  0.13076 -4.17410e+00
142 -0.06457 -1.74068e+00 |143 -0.02224  4.37540e-01 |144 -0.03462  1.78609e+00
145  0.31278  3.73774e-03 |146  0.63897 -1.51046e-05 |
146 variables; iteration 40; function evaluation 51; phase 5
Function value 7.6300250e+03; maximum gradient component mag -3.0584e+03
Var    Value     Gradient |Var    Value     Gradient |Var    Value     Gradient
  1  0.39460 -7.25285e+01 |  2 -0.07408 -2.09799e+02 |  3 -0.07155 -6.78771e+02
  4  0.13866 -7.26907e+02 |  5  0.00182  6.12839e+01 |  6 -0.27055  5.08765e+01
  7 -0.02457 -3.05839e+03 |  8  0.04935 -1.04292e+02 |  9  0.01220  1.79967e+02
 10 -0.26089  2.01218e+02 | 11 -0.29337  1.14434e+03 | 12 -0.03530  2.46981e+01
 13 -0.03584  2.59809e+01 | 14 -0.03634  2.73343e+01 | 15 -0.03683  2.88075e+01
 16 -0.03735  3.04582e+01 | 17 -0.03791  3.23116e+01 | 18 -0.03850  3.43397e+01
 19 -0.03907  3.64698e+01 | 20 -0.03956  3.86353e+01 | 21 -0.03990  4.08314e+01
 22 -0.04015  4.30605e+01 | 23 -0.04016  4.53343e+01 | 24 -0.04002  4.76198e+01
 25 -0.03971  4.98491e+01 | 26 -0.03931  5.22132e+01 | 27 -0.03882  5.47375e+01
 28 -0.03821  5.73983e+01 | 29 -0.03737  6.02591e+01 | 30 -0.03643  6.33571e+01
 31 -0.03535  6.67657e+01 | 32 -0.03410  7.05981e+01 | 33 -0.03267  7.50442e+01
 34 -0.03093  8.01855e+01 | 35 -0.02862  8.60048e+01 | 36 -0.02538  9.23018e+01
 37 -0.02083  9.87879e+01 | 38 -0.01445  1.04899e+02 | 39 -0.01552  9.59583e+01
 40 -0.00256  9.94100e+01 | 41  0.01338  1.00393e+02 | 42  0.02748  9.49951e+01
 43  0.02920  7.62130e+01 | 44  0.00607  4.13790e+01 | 45 -0.03982  5.63854e+00
 46  0.00568  1.35836e+01 | 47  0.12925  5.89101e+01 | 48 -0.03892 -7.59891e-01
 49 -0.04830  6.57929e+00 | 50  0.00545  5.15502e+01 | 51  0.03777  7.82652e+01
 52  0.02392  5.99948e+01 | 53  0.01597  4.41452e+01 | 54  0.00186  4.73783e+01
 55  0.04502  1.07755e+02 | 56 -0.03215  6.11024e+01 | 57  0.05691 -5.48897e+01
 58  0.10546 -1.00820e+02 | 59 -0.06645  1.29126e+02 | 60  0.05115  1.63275e+02
 61 -0.02212  1.22508e+02 | 62 -0.01396  1.24739e+02 | 63  0.04214 -2.23449e+01
 64 -0.00636 -8.02433e+01 | 65  0.02238 -3.22484e+00 | 66  0.02799 -3.57054e+00
 67 -0.01602 -6.92832e+01 | 68  0.02612 -1.21859e+02 | 69  0.08716 -1.25515e+02
 70 -0.40987 -8.25740e+01 | 71  0.15024  1.24877e+02 | 72 -0.10794 -1.87465e+01
 73  0.05141  3.66542e+01 | 74  0.13888  3.26693e+01 | 75 -0.49532 -8.26653e+01
 76  0.09526 -2.73475e+01 | 77 -0.02265  3.29413e+01 | 78 -0.00291  4.34649e+01
 79 -0.01035  5.63903e+01 | 80  0.02021 -9.90829e+01 | 81  0.02910 -1.65358e+02
 82  0.02373 -2.37847e+01 | 83 -0.00319  7.53709e+01 | 84 -0.06715  1.92152e+02
 85 -0.03637  1.55512e+02 | 86  0.05254 -2.77731e+01 | 87 -0.02151  1.33690e+02
 88 -0.00052  8.00772e+01 | 89  0.08607 -2.14711e+02 | 90  0.01052  2.38470e+01
 91  0.03967 -1.76213e+02 | 92  0.00421 -1.27920e+02 | 93 -0.01687 -5.32963e+01
 94 -0.05595  1.41705e+01 | 95 -0.03287 -2.73385e+01 | 96 -0.16853 -7.39602e-01
 97 -0.19724 -9.08931e+00 | 98 -0.09819 -5.31026e+00 | 99 -0.13793 -1.34760e+01
100 -0.00001 -3.71041e-04 |101  0.00000  0.00000e+00 |102  0.00000  0.00000e+00
103  0.00000  0.00000e+00 |104 -0.45631 -9.12507e-07 |105 -0.52959 -1.14936e-06
106 -0.22221 -3.81117e-07 |107  0.19300 -2.16069e+02 |108 -0.02992  1.74446e+02
109 -0.96516 -1.65728e-01 |110  0.13006  1.16316e+01 |111 -0.16089 -2.69854e+02
112 -0.09244  1.65695e+02 |113  0.38879  1.50870e+00 |114  0.59647  5.34991e+00
115 -0.16691  7.51046e+02 |116 -0.13398 -2.46331e+02 |117 -0.14030  1.84721e+02
118 -0.29291  2.14177e+02 |119  0.12922  5.79623e+00 |120 -0.36284 -2.00225e+01
121 -0.97568 -8.35974e-02 |122  0.24859 -2.83826e+00 |123 -0.96163 -1.34507e+02
124  0.00162 -1.16845e-02 |125  0.90272 -3.83661e-02 |126  0.71015 -2.52122e+00
127 -0.14280 -1.78805e+01 |128  0.02790 -2.22058e+01 |129 -0.75639 -1.15095e-01
130  0.18954  2.37015e+00 |131  0.02648 -4.81532e+01 |132  0.00463  1.08968e+02
133  0.30758 -8.81746e-01 |134  0.37243 -3.84122e+00 |135  0.08143  1.99869e+01
136  0.11202  2.96826e+01 |137 -0.07583 -2.40624e+01 |138  0.04868 -1.49082e+01
139 -0.47940 -1.36100e-01 |140 -0.49228  2.75440e+00 |141  0.22339  5.79188e+00
142 -0.08145 -6.85919e+00 |143 -0.06389 -2.08815e+00 |144 -0.07615  3.25319e+00
145  0.31270 -6.51127e-04 |146  0.63918 -8.76667e-03 |
146 variables; iteration 60; function evaluation 76; phase 5
Function value 7.4696692e+03; maximum gradient component mag -2.6354e+03
Var    Value     Gradient |Var    Value     Gradient |Var    Value     Gradient
  1  0.33420 -2.65528e+01 |  2 -0.07329 -6.00181e+01 |  3 -0.08059 -4.52750e+02
  4  0.15754 -2.69781e+02 |  5 -0.03644 -1.08602e+02 |  6 -0.27356 -2.20035e+02
  7 -0.02343 -2.63539e+03 |  8  0.04340 -6.39542e+02 |  9  0.02660  1.67654e+02
 10 -0.26520  1.44076e+02 | 11 -0.31235  4.91310e+02 | 12 -0.03164  1.39022e+01
 13 -0.03076  1.52727e+01 | 14 -0.02999  1.66523e+01 | 15 -0.02938  1.80577e+01
 16 -0.02899  1.95122e+01 | 17 -0.02886  2.10117e+01 | 18 -0.02901  2.25217e+01
 19 -0.02940  2.39879e+01 | 20 -0.02997  2.53861e+01 | 21 -0.03059  2.67243e+01
 22 -0.03126  2.80264e+01 | 23 -0.03180  2.93009e+01 | 24 -0.03219  3.05792e+01
 25 -0.03237  3.18487e+01 | 26 -0.03242  3.32444e+01 | 27 -0.03232  3.47895e+01
 28 -0.03204  3.64638e+01 | 29 -0.03152  3.82620e+01 | 30 -0.03091  4.01777e+01
 31 -0.03023  4.21950e+01 | 32 -0.02955  4.42866e+01 | 33 -0.02906  4.63660e+01
 34 -0.02904  4.81010e+01 | 35 -0.02970  4.89721e+01 | 36 -0.03095  4.84282e+01
 37 -0.03207  4.62500e+01 | 38 -0.03147  4.26230e+01 | 39 -0.03879  3.25533e+01
 40 -0.03163  2.64742e+01 | 41 -0.01464  2.32728e+01 | 42  0.02142  2.87294e+01
 43  0.03278  2.79909e+01 | 44  0.00173  1.53394e+01 | 45  0.03080  2.46072e+01
 46  0.07616  4.20472e+01 | 47  0.06870  4.50862e+01 | 48  0.08619  6.80070e+01
 49 -0.05566  9.77434e+00 | 50  0.03475  5.53653e+01 | 51  0.04028  2.96766e+01
 52 -0.00086 -9.18046e-01 | 53  0.05019  8.53448e+00 | 54  0.02356  6.88443e+00
 55  0.02645 -1.51553e+01 | 56 -0.03738 -3.21875e+01 | 57  0.03400 -1.82057e+02
 58  0.13425 -9.55043e+01 | 59 -0.14134  2.36148e+01 | 60  0.05982  3.64051e+01
 61 -0.05551  4.01283e-01 | 62 -0.07624  1.62745e+01 | 63  0.07632  5.54063e+01
 64 -0.01849 -5.11585e+01 | 65  0.00727 -6.34383e+00 | 66  0.01385 -3.32781e+01
 67 -0.04708 -9.27609e+01 | 68  0.03127 -1.02182e+02 | 69  0.05754 -4.41632e+01
 70 -0.03490 -2.43666e+01 | 71  0.09974 -7.53182e+01 | 72 -0.12800 -6.03738e+01
 73  0.05246 -3.08306e+01 | 74  0.10687 -2.30194e+01 | 75 -0.29838 -6.90991e+01
 76  0.10351  2.00703e+02 | 77 -0.04638  4.68290e+01 | 78 -0.04179 -1.17706e+01
 79 -0.02557  4.16652e+01 | 80  0.01003 -4.73168e+01 | 81  0.02127 -1.12591e+02
 82 -0.00157 -7.14893e+01 | 83 -0.01263  7.37547e+01 | 84 -0.10556  9.86694e+01
 85 -0.06114  1.08256e+02 | 86  0.04536  2.15719e+01 | 87 -0.07626 -3.00901e+01
 88 -0.02705  1.31466e+00 | 89  0.06944 -1.36527e+02 | 90 -0.02332  2.44738e+01
 91  0.02800 -1.73464e+01 | 92 -0.01549 -3.99578e+01 | 93 -0.04925 -1.40906e+01
 94 -0.07363  5.31881e+01 | 95 -0.08631 -5.39659e+01 | 96 -0.12636  5.60726e+01
 97 -0.16624  3.19070e+01 | 98 -0.09514 -1.40252e-01 | 99 -0.11742 -7.38784e+00
100 -0.00001 -7.76773e-04 |101  0.00000  0.00000e+00 |102  0.00000  0.00000e+00
103  0.00000  0.00000e+00 |104 -0.45631 -9.12505e-07 |105 -0.52959 -1.14935e-06
106 -0.22220 -3.81116e-07 |107  0.20414  1.29553e+02 |108 -0.02829 -5.93177e+01
109 -1.20250 -1.27769e+00 |110  0.18059  6.82084e+01 |111 -0.10256 -1.75821e+02
112 -0.04132  2.59840e+02 |113  0.11943  1.25806e+02 |114 -0.66526  1.12219e+00
115 -0.16779  7.83189e+01 |116 -0.11778 -1.49803e+01 |117 -0.15210  1.70759e+01
118 -0.30409  1.43830e+02 |119  0.16041 -5.44530e+01 |120 -0.23743  1.15504e+01
121 -1.13466 -2.69664e-01 |122  0.13684 -1.87036e+01 |123 -0.95821 -2.03302e+01
124  0.00837 -5.75380e-03 |125  0.95735  2.61166e-02 |126  1.27307  1.88440e+00
127 -0.07318  2.18454e+01 |128  0.10980  2.57797e+01 |129 -1.32126  2.35849e+00
130  0.08884 -3.41997e+01 |131  0.02549  9.50425e+01 |132 -0.02630 -1.18062e+01
133  0.74836 -3.29854e-01 |134  0.01533 -1.59296e+01 |135  0.15595 -1.40493e+02
136  0.12735  6.27214e+01 |137  0.02467  9.52500e+01 |138  0.06239 -1.72486e+01
139 -0.93992 -5.71538e-01 |140 -0.92049  2.57258e-01 |141 -0.01834 -7.95308e+01
142 -0.08821 -6.98569e+00 |143 -0.22546 -2.33592e+01 |144 -0.54875 -4.03733e-02
145  0.31292 -2.04006e-02 |146  0.64717 -3.04102e-02 |
146 variables; iteration 80; function evaluation 99; phase 5
Function value 7.4257897e+03; maximum gradient component mag 2.7919e+03
Var    Value     Gradient |Var    Value     Gradient |Var    Value     Gradient
  1  0.35474 -5.84677e+01 |  2 -0.07187  9.80414e+01 |  3 -0.07374  3.54205e+02
  4  0.15880  3.47285e+02 |  5 -0.02513 -2.85775e+01 |  6 -0.27612 -1.81354e+02
  7 -0.02342  2.79190e+03 |  8  0.04207 -2.06754e+02 |  9  0.02943  2.76490e+02
 10 -0.27546  9.83563e+01 | 11 -0.30754  1.06099e+03 | 12 -0.02937  2.23403e+01
 13 -0.02987  2.35005e+01 | 14 -0.03040  2.46997e+01 | 15 -0.03080  2.60819e+01
 16 -0.03090  2.78095e+01 | 17 -0.03059  2.99881e+01 | 18 -0.02994  3.25658e+01
 19 -0.02923  3.53126e+01 | 20 -0.02889  3.79297e+01 | 21 -0.02911  4.01964e+01
 22 -0.03005  4.20261e+01 | 23 -0.03140  4.34287e+01 | 24 -0.03320  4.44249e+01
 25 -0.03516  4.51044e+01 | 26 -0.03720  4.57420e+01 | 27 -0.03899  4.65619e+01
 28 -0.04013  4.77781e+01 | 29 -0.04025  4.95800e+01 | 30 -0.03954  5.19295e+01
 31 -0.03841  5.45192e+01 | 32 -0.03759  5.67873e+01 | 33 -0.03791  5.81077e+01
 34 -0.03986  5.79378e+01 | 35 -0.04325  5.61546e+01 | 36 -0.04734  5.29130e+01
 37 -0.05118  4.85543e+01 | 38 -0.05329  4.36966e+01 | 39 -0.07826 -3.16361e+00
 40 -0.05122  6.15875e+00 | 41 -0.01247  2.30901e+01 | 42  0.01521  3.81307e+01
 43  0.02885  5.23195e+01 | 44  0.03756  6.81691e+01 | 45  0.03504  7.08365e+01
 46  0.08832  1.27970e+02 | 47  0.06525  1.02984e+02 | 48  0.06834  1.18580e+02
 49  0.01195  7.36744e+01 | 50  0.03278  9.41051e+01 | 51  0.02882  5.55437e+01
 52  0.01472  2.24504e+01 | 53  0.03503  3.50007e+01 | 54  0.03257  5.18233e+01
 55  0.02895  1.35894e+01 | 56 -0.06868 -5.28451e+01 | 57  0.04580 -9.13445e+01
 58  0.14353  1.21796e+02 | 59 -0.16889 -1.21369e+01 | 60  0.04646  4.44702e+00
 61 -0.05683 -2.47818e+01 | 62 -0.06877 -6.37671e+00 | 63  0.04945  7.77360e+00
 64  0.01808 -1.24609e+01 | 65  0.00585  6.15087e+00 | 66 -0.01827 -4.91444e+01
 67 -0.01000 -7.58808e+01 | 68  0.02213 -7.00678e+01 | 69  0.05129 -1.30646e+01
 70 -0.00081  1.23294e+01 | 71  0.08773 -1.62527e+01 | 72 -0.06564 -7.43484e+01
 73  0.03032 -7.52054e+01 | 74  0.10256 -5.64543e+01 | 75 -0.15132 -7.62551e+01
 76  0.08872  6.16499e+01 | 77 -0.07277 -2.95578e+01 | 78 -0.03536 -5.63145e+01
 79 -0.03559 -1.40314e+01 | 80 -0.00262 -1.13275e+02 | 81  0.01950 -1.29719e+02
 82 -0.01347 -1.49572e+02 | 83 -0.03734 -7.97007e+01 | 84 -0.11943  2.81603e+01
 85 -0.08256  7.44153e+00 | 86  0.03240 -5.37015e+01 | 87 -0.07914 -4.32900e+01
 88 -0.04814 -8.91580e+01 | 89  0.06658 -1.31878e+02 | 90 -0.04384 -5.49888e+01
 91  0.02099 -2.12837e+01 | 92 -0.00754  2.75028e+01 | 93 -0.04796  8.68713e-01
 94 -0.09488  1.59335e+01 | 95 -0.06272  9.28378e+00 | 96 -0.15019  4.47652e+01
 97 -0.17375  3.24745e+01 | 98 -0.11525 -1.21102e+01 | 99 -0.07112  9.35424e+00
100 -0.00001  1.11219e-04 |101  0.00000  0.00000e+00 |102  0.00000  0.00000e+00
103  0.00000  0.00000e+00 |104 -0.45631 -9.12503e-07 |105 -0.52959 -1.14935e-06
106 -0.22220 -3.81116e-07 |107  0.21035  4.44061e+02 |108 -0.03189 -2.84384e+02
109 -0.81654  3.03655e+00 |110  0.14474  1.19303e+02 |111 -0.08797 -2.38780e+01
112 -0.04321  1.51867e+02 |113  0.06709  1.07102e+02 |114 -0.32990  1.09095e+01
115 -0.17567 -1.65770e+02 |116 -0.12034  6.84726e+01 |117 -0.13573 -8.12807e+00
118 -0.30851  1.43194e+02 |119  0.17119 -4.54164e+00 |120 -0.19706  9.16091e+00
121 -1.10961 -2.78265e-01 |122  0.19172 -2.57566e+00 |123 -0.95738  1.42205e+01
124  0.01315 -1.26713e-03 |125  0.94922  9.65683e-03 |126  1.36825  2.80247e+00
127 -0.04957 -5.70014e+01 |128  0.14275  2.05819e+01 |129 -1.52071  5.14658e+00
130  0.08306 -4.90835e+00 |131 -0.01719  2.97903e+01 |132 -0.07734 -6.64891e+00
133 -0.68744  1.16299e-01 |134  0.72037  1.61902e+00 |135  0.09908 -2.96159e+01
136  0.12336 -5.76091e+00 |137 -0.04957  3.67716e+00 |138  0.08602  2.97504e+01
139 -1.24365  8.71584e-01 |140 -0.80154  2.64202e-01 |141  0.11069 -6.22661e-01
142 -0.09241 -6.39100e+00 |143 -0.20898 -6.36153e+00 |144 -0.47234 -7.93792e-01
145  0.31612 -5.95480e-03 |146  0.65535 -7.00730e-03 |
146 variables; iteration 100; function evaluation 123; phase 5
Function value 7.4008687e+03; maximum gradient component mag 2.1718e+03
Var    Value     Gradient |Var    Value     Gradient |Var    Value     Gradient
  1  0.33158 -1.51209e+01 |  2 -0.07468  8.04737e+01 |  3 -0.06690  3.16166e+02
  4  0.15395  3.03643e+02 |  5  0.00295 -9.32659e+00 |  6 -0.27945 -7.69931e+01
  7 -0.02377  2.17182e+03 |  8  0.04365  6.43468e+01 |  9  0.01842  6.51265e+01
 10 -0.27328 -8.73406e+00 | 11 -0.31629  3.87331e+02 | 12 -0.03214  7.18449e+00
 13 -0.03122  8.23029e+00 | 14 -0.03008  9.40229e+00 | 15 -0.02926  1.05340e+01
 16 -0.02949  1.13670e+01 | 17 -0.03125  1.17118e+01 | 18 -0.03401  1.17249e+01
 19 -0.03663  1.18183e+01 | 20 -0.03844  1.22445e+01 | 21 -0.03959  1.29055e+01
 22 -0.04070  1.35779e+01 | 23 -0.04167  1.41722e+01 | 24 -0.04235  1.48138e+01
 25 -0.04221  1.57102e+01 | 26 -0.04106  1.70604e+01 | 27 -0.03922  1.87391e+01
 28 -0.03760  2.02777e+01 | 29 -0.03702  2.11961e+01 | 30 -0.03763  2.14851e+01
 31 -0.03865  2.14981e+01 | 32 -0.03943  2.15919e+01 | 33 -0.04029  2.16406e+01
 34 -0.04243  2.09900e+01 | 35 -0.04647  1.91325e+01 | 36 -0.05067  1.65609e+01
 37 -0.05113  1.46165e+01 | 38 -0.04486  1.37915e+01 | 39 -0.05407 -6.44571e+00
 40 -0.03981 -9.21099e+00 | 41 -0.02062 -1.17563e+01 | 42  0.01883 -7.18367e+00
 43  0.03918 -6.40246e-01 | 44  0.02794  3.17027e+00 | 45  0.02794  8.39330e+00
 46  0.09638  3.77804e+01 | 47  0.07766  3.53278e+01 | 48  0.07452  4.61544e+01
 49  0.00250  2.38694e+01 | 50  0.02695  3.97628e+01 | 51  0.03689  2.39131e+01
 52  0.03431  1.03201e+01 | 53  0.04051  1.25944e+01 | 54  0.03280  1.64177e+01
 55  0.02506 -2.22791e+01 | 56 -0.05573 -3.16701e+01 | 57  0.07682 -1.71523e+01
 58  0.13753 -2.76204e+00 | 59 -0.16224 -3.89355e+00 | 60  0.04981 -2.85741e+01
 61 -0.05517 -2.66325e+01 | 62 -0.06595  9.70619e-01 | 63  0.05204  3.51585e+01
 64  0.03478  2.93147e+01 | 65 -0.01817  1.03326e+01 | 66 -0.00092  8.06535e+00
 67 -0.00555 -1.27053e+01 | 68  0.02231 -4.25368e+01 | 69  0.04936 -6.83577e+01
 70 -0.04693 -5.56520e+01 | 71  0.08161 -6.71230e+01 | 72 -0.03315 -4.26897e+01
 73  0.01770 -4.24958e+01 | 74  0.10000 -1.57655e+01 | 75 -0.11935 -5.26104e+01
 76  0.07414  3.56523e+01 | 77 -0.07508 -1.57462e+01 | 78 -0.02730 -2.06678e+01
 79 -0.05379  6.89506e-01 | 80  0.01115  1.12272e+01 | 81  0.01669 -5.84550e+01
 82 -0.01459 -9.20860e+01 | 83 -0.03264 -8.50056e+00 | 84 -0.13483  1.15420e+01
 85 -0.09678 -2.14761e+01 | 86  0.02716 -5.49021e+01 | 87 -0.09125 -4.82560e+01
 88 -0.05310 -5.39187e+01 | 89  0.06168 -5.04630e+01 | 90 -0.06207 -5.34962e+01
 91  0.01370  2.52304e+01 | 92 -0.03202  3.73363e-01 | 93 -0.06671 -4.98868e+00
 94 -0.12653 -1.96983e+01 | 95 -0.08490 -6.89370e+00 | 96 -0.19244  2.08409e+01
 97 -0.20627  1.38835e+01 | 98 -0.10217  8.50681e+00 | 99 -0.06477  1.04799e+01
100  0.00000  3.12769e-03 |101  0.00000  0.00000e+00 |102  0.00000  0.00000e+00
103  0.00000  0.00000e+00 |104 -0.45631 -9.12500e-07 |105 -0.52958 -1.14935e-06
106 -0.22220 -3.81115e-07 |107  0.21640  3.85837e+02 |108 -0.02929 -1.98038e+02
109 -0.78235  5.50427e+00 |110  0.07812  5.59534e+01 |111 -0.08817  1.58611e+02
112 -0.06476 -2.47196e+01 |113  0.04584  7.30394e+01 |114 -0.30887  4.79194e+00
115 -0.17782 -1.70071e+02 |116 -0.12502  6.19007e+01 |117 -0.13340 -4.10851e+01
118 -0.33585  3.94081e+01 |119  0.16662  2.67460e+01 |120 -0.23879 -1.01731e+01
121 -0.94999  1.62883e-01 |122  0.13711 -9.70057e+00 |123 -0.95694  5.97691e+01
124  0.01797 -5.56535e-04 |125  0.90889 -1.06836e-02 |126  1.22145  1.04145e+00
127 -0.04764 -1.13639e+01 |128  0.14214  1.00272e+01 |129 -1.57705  8.47384e-02
130  0.09017 -1.12890e+01 |131 -0.02880 -1.33163e+01 |132 -0.09050  6.19912e+00
133 -0.47291  6.75702e-01 |134  0.59302  3.18399e+00 |135  0.10481 -1.37823e+01
136  0.11652 -4.35851e+01 |137 -0.04017  4.49930e+00 |138  0.07430  1.59628e+01
139 -1.46608  2.51854e-01 |140 -1.12961  4.56249e-01 |141  0.13095  4.59517e+00
142 -0.08597  2.11765e+00 |143 -0.15800 -3.32034e+01 |144 -0.17344  1.43664e+01
145  0.32131 -9.71851e-03 |146  0.66371 -1.42147e-02 |
146 variables; iteration 120; function evaluation 151; phase 5
Function value 7.3849070e+03; maximum gradient component mag -1.0085e+03
Var    Value     Gradient |Var    Value     Gradient |Var    Value     Gradient
  1  0.24624  1.92969e+00 |  2 -0.07944 -3.22647e+01 |  3 -0.06541 -1.24548e+02
  4  0.15033 -1.36179e+02 |  5  0.00465  1.00630e+01 |  6 -0.26997  4.56908e+01
  7 -0.02419 -1.00854e+03 |  8  0.04601 -6.19009e+01 |  9  0.01408 -6.20562e+01
 10 -0.26876 -8.74433e+00 | 11 -0.31481 -2.28369e+02 | 12 -0.03466 -4.51152e+00
 13 -0.03363 -4.05124e+00 | 14 -0.03282 -3.64447e+00 | 15 -0.03295 -3.48830e+00
 16 -0.03573 -4.05859e+00 | 17 -0.03936 -4.84896e+00 | 18 -0.04166 -5.24190e+00
 19 -0.04364 -5.52804e+00 | 20 -0.04737 -6.30141e+00 | 21 -0.05222 -7.42951e+00
 22 -0.05623 -8.31791e+00 | 23 -0.05840 -8.81038e+00 | 24 -0.05839 -8.74642e+00
 25 -0.05652 -8.22286e+00 | 26 -0.05337 -7.39577e+00 | 27 -0.04756 -5.87232e+00
 28 -0.05127 -7.17948e+00 | 29 -0.05911 -9.74149e+00 | 30 -0.06049 -1.04771e+01
 31 -0.05786 -1.00913e+01 | 32 -0.05172 -8.67799e+00 | 33 -0.04790 -7.78493e+00
 34 -0.04725 -7.62625e+00 | 35 -0.03945 -5.49372e+00 | 36 -0.03925 -5.81249e+00
 37 -0.04623 -8.94968e+00 | 38 -0.03346 -8.63823e+00 | 39 -0.08821  2.78909e+00
 40 -0.03715  6.69179e+00 | 41 -0.03247  6.88068e-01 | 42  0.03194 -2.43852e+00
 43  0.07331 -7.26564e+00 | 44  0.02826 -1.38885e+00 | 45  0.02153 -4.60576e+00
 46  0.08790 -2.50084e+01 | 47  0.08416 -3.18686e+01 | 48  0.06270 -2.20837e+01
 49  0.00236 -4.10745e+00 | 50  0.00236 -9.10881e-01 | 51  0.03202 -9.75673e+00
 52  0.04631 -2.44878e+00 | 53  0.04755  1.02339e+01 | 54  0.02871  1.64384e+01
 55  0.02903  3.33558e+00 | 56 -0.02165  2.94871e+01 | 57  0.07849 -1.03313e+01
 58  0.14263 -3.25848e+01 | 59 -0.18942  1.01721e+01 | 60  0.05625 -9.43418e+00
 61 -0.03070  1.09845e+01 | 62 -0.07268  1.04520e+01 | 63  0.05591 -1.99765e+01
 64  0.03434 -3.10849e+01 | 65 -0.02135 -1.81844e+01 | 66  0.00031 -1.64859e+01
 67 -0.02047 -6.35631e+00 | 68  0.03581  2.06121e+01 | 69  0.03660  9.30358e-01
 70 -0.00876  2.83726e+01 | 71  0.06019  3.47604e+01 | 72 -0.00137  4.66868e+01
 73  0.02059  2.39109e+01 | 74  0.08186  3.59661e+01 | 75 -0.03474  1.72266e+01
 76  0.05090  3.35540e+01 | 77 -0.06108  2.35519e+01 | 78 -0.02283  1.84476e+01
 79 -0.06381  8.02269e+00 | 80  0.00533  7.95502e+00 | 81  0.02265  4.22345e+01
 82 -0.00052  4.99761e+01 | 83 -0.03604  2.75115e+01 | 84 -0.14315  2.20585e+01
 85 -0.09979  1.99843e+00 | 86  0.02820  1.41072e+01 | 87 -0.08287  3.77254e+01
 88 -0.05483  1.40475e+01 | 89  0.05658  2.29970e+01 | 90 -0.06056  1.78773e+01
 91 -0.00687 -3.02120e+01 | 92 -0.04906 -2.08416e+01 | 93 -0.09325 -2.93998e+01
 94 -0.13748 -9.35781e+00 | 95 -0.09260  1.17551e+01 | 96 -0.23734 -4.74363e+00
 97 -0.22899  1.82045e+00 | 98 -0.10372  1.60232e+01 | 99 -0.09352  1.87439e-01
100 -0.00680 -1.67392e+00 |101  0.00000  0.00000e+00 |102  0.00000  0.00000e+00
103  0.00000  0.00000e+00 |104 -0.45631 -9.12490e-07 |105 -0.52958 -1.14933e-06
106 -0.22220 -3.81112e-07 |107  0.21323 -1.28999e+02 |108 -0.02169  1.17558e+02
109 -0.99081 -1.63934e-01 |110  0.07957 -2.48557e+01 |111 -0.10300 -1.83945e+01
112 -0.08654 -1.70421e+01 |113  0.01387 -5.88828e+00 |114 -0.23600  1.20481e+00
115 -0.17920  9.45689e+01 |116 -0.13391 -1.64328e+01 |117 -0.12208  1.60835e+01
118 -0.36324 -1.35435e+01 |119  0.16752 -7.16990e+00 |120 -0.20347  4.63745e+00
121 -0.97403 -4.50068e-02 |122  0.28166  2.16407e+00 |123 -0.95975 -1.77171e+00
124  0.02214  1.72626e-03 |125  0.92912 -2.16957e-03 |126  1.28383  1.57208e+00
127 -0.05451  1.17703e+01 |128  0.13602 -4.21429e+00 |129 -1.62349 -1.48629e+00
130  0.12369  7.73293e+00 |131 -0.03870 -1.57485e+02 |132 -0.11638  6.44240e+01
133 -0.54937  3.99116e+00 |134  0.10644  1.22744e+00 |135  0.12815  2.73483e+01
136  0.12185  3.93777e+01 |137 -0.02741 -1.12753e+01 |138  0.06427 -8.36236e+00
139 -1.00565  2.19944e-01 |140 -1.14336 -5.04904e-01 |141  0.08086 -1.58810e+00
142 -0.10553 -9.79762e+00 |143 -0.16697  1.68266e+01 |144 -0.35692 -6.89582e+00
145  0.32000  4.28773e-03 |146  0.65444  1.26412e-02 |
146 variables; iteration 140; function evaluation 182; phase 5
Function value 7.3783753e+03; maximum gradient component mag 3.7887e+02
Var    Value     Gradient |Var    Value     Gradient |Var    Value     Gradient
  1  0.29987 -3.52123e-01 |  2 -0.07883  5.13068e+00 |  3 -0.06782  2.93309e+01
  4  0.15307  2.71352e+01 |  5  0.00020  7.17605e-01 |  6 -0.27140  3.24235e+00
  7 -0.02398  3.78873e+02 |  8  0.04516  6.70856e+01 |  9  0.01816  2.78345e-02
 10 -0.27269 -4.45725e+00 | 11 -0.31088  2.75347e+01 | 12 -0.03658 -8.19100e-01
 13 -0.03506  2.82702e-02 | 14 -0.03624  4.38034e-02 | 15 -0.02716  3.39395e+00
 16 -0.03585  1.06125e+00 | 17 -0.04044  1.04753e-01 | 18 -0.04866 -1.99925e+00
 19 -0.04529 -3.15633e-01 | 20 -0.03430  4.02925e+00 | 21 -0.04745  1.55174e-01
 22 -0.05114 -5.14738e-01 | 23 -0.05184 -3.21494e-01 | 24 -0.05719 -1.79895e+00
 25 -0.04830  1.52436e+00 | 26 -0.05908 -2.01332e+00 | 27 -0.04220  4.03415e+00
 28 -0.05407 -1.10268e-01 | 29 -0.04895  1.60219e+00 | 30 -0.05239  2.77816e-01
 31 -0.05081  6.88896e-01 | 32 -0.04753  1.74623e+00 | 33 -0.05244  5.05233e-02
 34 -0.05547 -8.66791e-01 | 35 -0.05491 -5.79916e-01 | 36 -0.04432  2.86716e+00
 37 -0.05187 -8.91682e-01 | 38 -0.02910  3.86191e+00 | 39 -0.07963 -2.94195e+00
 40 -0.03246  2.82094e+00 | 41 -0.00577 -5.53291e-03 | 42  0.02074 -2.48965e+00
 43  0.04532 -9.12217e-01 | 44  0.05065  2.73438e+00 | 45  0.00624 -1.33008e+00
 46  0.08554  1.25761e+00 | 47  0.09845 -1.60432e+00 | 48  0.06432  9.87902e-01
 49 -0.00134  3.76716e-01 | 50 -0.01289 -6.74262e-01 | 51  0.04388 -2.23330e+00
 52  0.04295 -5.42934e-01 | 53  0.04297 -1.06491e+00 | 54  0.01059  2.05718e+00
 55  0.04326  3.17033e+00 | 56 -0.04712  2.98775e+00 | 57  0.08168  6.12229e+00
 58  0.14165  7.36688e+00 | 59 -0.18825  4.42233e-01 | 60  0.05662  2.41931e+00
 61 -0.03382  4.34856e+00 | 62 -0.08073  4.32425e-02 | 63  0.05646  7.02277e+00
 64  0.03721  7.10235e+00 | 65 -0.01516  4.40366e+00 | 66 -0.00311  3.77858e+00
 67 -0.00976  1.57168e+00 | 68  0.02524 -1.50053e+00 | 69  0.04827 -8.81188e+00
 70 -0.02968 -5.45737e+00 | 71  0.07057 -1.54413e+01 | 72 -0.03111 -7.83398e+00
 73  0.03604 -1.79910e+00 | 74  0.07513  1.45127e+01 | 75 -0.02556  8.99962e-01
 76  0.04698  2.24192e+00 | 77 -0.06806 -3.76026e+00 | 78 -0.02287 -5.93760e+00
 79 -0.06274 -4.95135e+00 | 80  0.00633 -2.87765e+00 | 81  0.01940 -3.88614e+00
 82 -0.00383 -1.18617e+00 | 83 -0.03669 -3.74239e+00 | 84 -0.14639 -2.97538e+00
 85 -0.09535  2.58270e+00 | 86  0.03013  1.02680e+01 | 87 -0.08798 -8.84803e-01
 88 -0.05055  2.02472e+00 | 89  0.05949  3.13455e+00 | 90 -0.05943 -4.00677e+00
 91  0.00217 -1.29023e+00 | 92 -0.04141 -1.77521e+00 | 93 -0.07896  2.12862e+00
 94 -0.12881  2.43438e+00 | 95 -0.09304 -1.86587e+00 | 96 -0.22871 -1.37357e+00
 97 -0.23708 -8.53773e-01 | 98 -0.13385 -3.84839e+00 | 99 -0.10257 -5.51953e-01
100  0.01044  2.57906e+00 |101  0.00000  0.00000e+00 |102  0.00000  0.00000e+00
103  0.00000  0.00000e+00 |104 -0.45630 -9.12477e-07 |105 -0.52957 -1.14931e-06
106 -0.22220 -3.81109e-07 |107  0.21092 -1.09767e+01 |108 -0.02849 -3.23783e+00
109 -1.09543 -2.11128e-01 |110  0.07879  9.86511e-01 |111 -0.09684  1.01916e+01
112 -0.07531 -2.68946e+00 |113  0.01034  4.82766e+00 |114 -0.23384  1.65586e+00
115 -0.18146  5.59459e+00 |116 -0.13464  1.94424e+00 |117 -0.12113  3.92231e+00
118 -0.35613 -1.63996e+00 |119  0.16562  7.57206e+00 |120 -0.21750 -2.83692e+00
121 -0.95573  2.33271e-02 |122  0.24423  2.53885e+00 |123 -0.95945 -3.39229e+00
124  0.01708 -3.29843e-04 |125  0.92889  4.03290e-03 |126  1.20033  8.90238e-01
127 -0.05013 -1.03810e+01 |128  0.14066  3.21240e+00 |129 -1.56905  9.05749e-01
130  0.11558 -6.81190e-01 |131 -0.02282  3.34848e+01 |132 -0.12271 -2.71773e+00
133 -0.78278  1.68310e+00 |134  0.08123  8.10741e+00 |135  0.12140 -8.23786e+00
136  0.11876 -9.47588e+00 |137 -0.02876  1.65845e+00 |138  0.06787  3.34979e+00
139 -1.03599  6.17552e-02 |140 -0.86726 -3.97064e-02 |141  0.08603  6.31009e-02
142 -0.09257 -9.89881e-01 |143 -0.15295 -5.23775e+00 |144 -0.25595  1.00769e+00
145  0.30433  5.81371e-03 |146  0.59883  1.52891e-02 |
146 variables; iteration 160; function evaluation 212; phase 5
Function value 7.3773399e+03; maximum gradient component mag 5.2390e+01
Var    Value     Gradient |Var    Value     Gradient |Var    Value     Gradient
  1  0.29462 -1.67276e+00 |  2 -0.07879  1.77097e-01 |  3 -0.06753  4.92290e+00
  4  0.15272  3.83903e+00 |  5  0.00038  1.81054e-01 |  6 -0.27188  4.41052e-01
  7 -0.02399  5.23899e+01 |  8  0.04520  8.13471e+00 |  9  0.01762  9.76073e-01
 10 -0.27190  4.38042e-01 | 11 -0.31291  2.58133e+01 | 12 -0.03209  6.30579e-01
 13 -0.03373  5.00542e-01 | 14 -0.03605  1.59506e-01 | 15 -0.03549  7.62979e-01
 16 -0.03628  9.85129e-01 | 17 -0.04019  2.50343e-01 | 18 -0.04128  4.73607e-01
 19 -0.04151  1.01284e+00 | 20 -0.04443  6.67621e-01 | 21 -0.04602  7.28926e-01
 22 -0.04815  5.98275e-01 | 23 -0.05023  3.30467e-01 | 24 -0.04939  9.90985e-01
 25 -0.05128  5.98174e-01 | 26 -0.04979  1.33014e+00 | 27 -0.04979  1.47379e+00
 28 -0.05226  6.71200e-01 | 29 -0.05219  6.29752e-01 | 30 -0.04966  1.40771e+00
 31 -0.04954  1.32471e+00 | 32 -0.04857  1.58441e+00 | 33 -0.05059  9.06783e-01
 34 -0.05018  1.19127e+00 | 35 -0.04896  1.73734e+00 | 36 -0.04983  1.20662e+00
 37 -0.04629  1.35616e+00 | 38 -0.03875  1.18951e+00 | 39 -0.06868  7.85019e-01
 40 -0.04622  7.65111e-01 | 41 -0.01266  5.52818e-01 | 42  0.04304  1.49140e+00
 43  0.05656  1.55466e+00 | 44  0.01850  8.00226e-01 | 45  0.02701  1.85945e+00
 46  0.07091  3.38185e+00 | 47  0.11943  7.23082e-01 | 48  0.04642  1.59856e+00
 49  0.00129  1.08494e+00 | 50 -0.01060  9.28698e-01 | 51  0.04883  1.18277e+00
 52  0.03850  1.44463e+00 | 53  0.04819  1.13080e+00 | 54  0.00728  1.30827e+00
 55  0.04436  1.33233e+00 | 56 -0.04824  1.03335e+00 | 57  0.08188  1.85092e+00
 58  0.14197  3.31941e+00 | 59 -0.18836  1.78372e-01 | 60  0.05806  1.13505e+00
 61 -0.03710  3.76014e-01 | 62 -0.07714 -7.78164e-02 | 63  0.05597  6.93284e-01
 64  0.03735  3.39362e-01 | 65 -0.01513 -2.23445e-01 | 66 -0.00283 -5.41675e-01
 67 -0.01007 -8.78915e-01 | 68  0.02387 -1.43570e+00 | 69  0.04991 -1.83219e+00
 70 -0.02997 -1.51130e+00 | 71  0.06875 -1.95809e+00 | 72 -0.02878 -8.15735e-01
 73  0.03954 -6.15377e-01 | 74  0.06623 -9.50421e-01 | 75 -0.01595  4.97787e-01
 76  0.04245  6.93113e-02 | 77 -0.06698 -5.18805e-01 | 78 -0.02366 -7.86324e-01
 79 -0.06192 -7.64728e-01 | 80  0.00500 -7.88289e-01 | 81  0.01885 -7.32267e-01
 82 -0.00497 -7.71476e-01 | 83 -0.03711 -1.00395e+00 | 84 -0.14653 -1.32910e+00
 85 -0.09671 -1.04715e+00 | 86  0.02862 -1.13411e+00 | 87 -0.08809 -9.67496e-01
 88 -0.05168 -1.19116e+00 | 89  0.05851 -9.20691e-01 | 90 -0.05936 -1.03932e+00
 91  0.00131 -1.43331e+00 | 92 -0.04194 -1.22473e+00 | 93 -0.08032 -1.10271e+00
 94 -0.13026 -2.32287e-01 | 95 -0.09303 -2.37388e-01 | 96 -0.22769 -3.27110e-01
 97 -0.23510 -1.87817e-01 | 98 -0.12741 -6.34271e-02 | 99 -0.09908  8.28396e-02
100  0.00030  7.61397e-02 |101  0.00000  0.00000e+00 |102  0.00000  0.00000e+00
103  0.00000  0.00000e+00 |104 -0.45629 -9.12429e-07 |105 -0.52955 -1.14923e-06
106 -0.22219 -3.81096e-07 |107  0.21261  3.72184e+00 |108 -0.02685 -3.06248e+00
109 -1.01503  6.22633e-02 |110  0.07604  1.33399e+00 |111 -0.09734  2.31626e+00
112 -0.07561 -3.41091e-01 |113  0.01099  1.73028e+00 |114 -0.23575  3.02706e-01
115 -0.18148  1.43909e+00 |116 -0.13523 -4.66521e-01 |117 -0.12162  4.10444e-01
118 -0.35551  9.98362e-01 |119  0.16571  4.56384e-01 |120 -0.21941 -1.75782e-01
121 -0.97911 -4.88094e-02 |122  0.19649  1.41248e-01 |123 -0.95934  4.87155e-01
124  0.01761 -4.38888e-07 |125  0.91374 -8.21883e-05 |126  1.04407  1.12499e-01
127 -0.04739  2.56116e-01 |128  0.14164 -2.81298e-01 |129 -1.56706  1.62764e-02
130  0.11243  6.73639e-01 |131 -0.02804 -4.06229e+00 |132 -0.13736  1.02336e+00
133 -0.98353 -5.71872e-03 |134  0.06321  4.05539e-02 |135  0.12282 -4.23532e-01
136  0.11907  4.72987e-01 |137 -0.02731  1.92935e-01 |138  0.06656 -3.36943e-01
139 -1.06562  1.08432e-02 |140 -0.85130  7.15236e-02 |141  0.08312  2.76806e-01
142 -0.09301 -4.18834e-02 |143 -0.12211  1.83580e-01 |144 -0.19601 -1.62294e-01
145  0.18504  2.50967e-02 |146  0.22282  1.64535e-02 |
146 variables; iteration 180; function evaluation 232; phase 5
Function value 7.3772036e+03; maximum gradient component mag -7.5712e+00
Var    Value     Gradient |Var    Value     Gradient |Var    Value     Gradient
  1  0.29401  3.82779e-01 |  2 -0.07896 -1.03345e-01 |  3 -0.06766 -1.00321e+00
  4  0.15284 -8.81466e-01 |  5  0.00111  8.99460e-03 |  6 -0.27217 -1.02773e-02
  7 -0.02399 -7.57121e+00 |  8  0.04521 -1.43385e+00 |  9  0.01755  4.10391e-03
 10 -0.27206  6.63259e-02 | 11 -0.31531 -6.13337e+00 | 12 -0.03201 -1.43445e-01
 13 -0.03312 -1.37516e-01 | 14 -0.03429 -1.39647e-01 | 15 -0.03554 -1.47234e-01
 16 -0.03694 -1.57426e-01 | 17 -0.03846 -1.54975e-01 | 18 -0.04019 -1.75445e-01
 19 -0.04193 -1.80791e-01 | 20 -0.04363 -1.57421e-01 | 21 -0.04528 -1.55937e-01
 22 -0.04697 -1.77063e-01 | 23 -0.04825 -2.01278e-01 | 24 -0.04920 -2.03408e-01
 25 -0.04981 -1.85468e-01 | 26 -0.05027 -1.79729e-01 | 27 -0.05053 -1.73549e-01
 28 -0.05062 -1.88662e-01 | 29 -0.05031 -1.97002e-01 | 30 -0.04992 -2.17558e-01
 31 -0.04941 -2.13930e-01 | 32 -0.04905 -2.11577e-01 | 33 -0.04903 -2.14781e-01
 34 -0.04935 -2.07888e-01 | 35 -0.04967 -2.15589e-01 | 36 -0.04895 -1.94365e-01
 37 -0.04588 -2.18627e-01 | 38 -0.03783 -2.59645e-01 | 39 -0.06944  1.59943e-01
 40 -0.04691  1.06609e-01 | 41 -0.01170 -2.50629e-02 | 42  0.03890 -3.25467e-01
 43  0.06538 -6.91714e-01 | 44  0.02899 -4.38823e-01 | 45  0.02459 -6.57716e-01
 46  0.02397 -5.31486e-01 | 47  0.15543 -2.18395e+00 | 48  0.01354 -5.64844e-01
 49  0.00210 -1.17047e-01 | 50 -0.00724 -1.87633e-02 | 51  0.05168 -4.05883e-01
 52  0.03604 -3.29627e-01 | 53  0.05125 -4.13252e-01 | 54  0.00610 -7.38723e-02
 55  0.04585 -3.32165e-01 | 56 -0.04840  2.46230e-01 | 57  0.08272 -3.87604e-01
 58  0.14272 -7.91000e-01 | 59 -0.18823  4.84367e-01 | 60  0.05888 -2.69380e-01
 61 -0.03660  1.29560e-01 | 62 -0.07634  2.24256e-01 | 63  0.05664 -2.41942e-01
 64  0.03800 -6.78649e-02 | 65 -0.01447  1.55458e-01 | 66 -0.00213  1.07540e-01
 67 -0.00949  1.23235e-01 | 68  0.02465  2.87185e-01 | 69  0.05064  3.38207e-01
 70 -0.02945  2.51053e-01 | 71  0.06964  6.01068e-01 | 72 -0.02830  2.83906e-01
 73  0.03962  4.17636e-01 | 74  0.06758  6.56284e-01 | 75 -0.01662  3.98637e-01
 76  0.04324 -4.32276e-02 | 77 -0.06664  2.40635e-01 | 78 -0.02289  3.59000e-01
 79 -0.06136  3.39354e-01 | 80  0.00570  3.33729e-01 | 81  0.01951  3.39419e-01
 82 -0.00428  2.21194e-01 | 83 -0.03639  3.52108e-01 | 84 -0.14560  2.55092e-01
 85 -0.09596  1.55372e-01 | 86  0.02939  1.70634e-01 | 87 -0.08730  2.93148e-01
 88 -0.05087  2.58171e-01 | 89  0.05927  2.52470e-01 | 90 -0.05858  3.48039e-01
 91  0.00212  3.43517e-01 | 92 -0.04115  3.12125e-01 | 93 -0.07950  1.98046e-01
 94 -0.12949  2.88068e-02 | 95 -0.09224  8.04552e-02 | 96 -0.22682 -5.18605e-03
 97 -0.23440 -2.85491e-02 | 98 -0.12702 -4.60260e-02 | 99 -0.09918  1.74911e-02
100  0.00013  3.59979e-02 |101  0.00000  0.00000e+00 |102  0.00000  0.00000e+00
103  0.00000  0.00000e+00 |104 -0.45611 -9.11923e-07 |105 -0.52933 -1.14843e-06
106 -0.22212 -3.80960e-07 |107  0.21245 -2.90408e+00 |108 -0.02696  1.50086e+00
109 -1.02664 -3.13632e-02 |110  0.07626 -6.61529e-01 |111 -0.09719 -6.98434e-01
112 -0.07550  9.38258e-02 |113  0.00979 -6.45212e-01 |114 -0.23413 -2.58778e-01
115 -0.18148 -5.24264e-01 |116 -0.13523  3.89816e-02 |117 -0.12166 -2.67450e-01
118 -0.35558 -2.57003e-01 |119  0.16572 -1.05532e-02 |120 -0.21938  2.03946e-02
121 -0.97098 -6.89710e-03 |122  0.19551 -1.18007e-02 |123 -0.95935 -1.54265e-01
124  0.01762  1.38469e-05 |125  0.91457  5.30530e-04 |126  1.02312 -1.74776e-03
127 -0.04774 -2.40189e-01 |128  0.14128  1.37636e-01 |129 -1.57027 -2.02539e-02
130  0.11201 -9.72461e-02 |131 -0.02788 -4.78152e-01 |132 -0.13732  1.69057e-01
133 -0.98291  4.32550e-03 |134  0.06331 -9.23523e-02 |135  0.12276 -8.30372e-02
136  0.11994  1.74909e-01 |137 -0.02749  1.43803e-01 |138  0.06727  2.22312e-02
139 -1.09125 -9.19420e-03 |140 -0.92993  1.01895e-02 |141  0.08253 -4.86529e-02
142 -0.09297 -9.11952e-02 |143 -0.11970 -4.71784e-02 |144 -0.19068 -6.83308e-04
145  0.14322 -5.04138e-03 |146  0.23237 -8.31094e-03 |
146 variables; iteration 200; function evaluation 252; phase 5
Function value 7.3772023e+03; maximum gradient component mag -2.8509e-02
Var    Value     Gradient |Var    Value     Gradient |Var    Value     Gradient
  1  0.29394  4.03522e-04 |  2 -0.07897 -2.32061e-04 |  3 -0.06767 -2.52449e-03
  4  0.15285 -2.82021e-03 |  5  0.00112 -3.22798e-04 |  6 -0.27217 -6.29469e-04
  7 -0.02399 -2.85088e-02 |  8  0.04521 -4.73407e-03 |  9  0.01756 -1.40996e-03
 10 -0.27209 -7.95394e-04 | 11 -0.31557 -7.75206e-03 | 12 -0.03184 -6.09567e-05
 13 -0.03299 -1.52580e-04 | 14 -0.03416 -2.83204e-04 | 15 -0.03540 -1.02920e-04
 16 -0.03679 -6.01895e-05 | 17 -0.03833 -2.31406e-04 | 18 -0.04002 -1.90773e-04
 19 -0.04177 -6.68921e-05 | 20 -0.04355 -1.83198e-04 | 21 -0.04522 -1.69389e-04
 22 -0.04687 -2.69868e-04 | 23 -0.04809 -2.86544e-04 | 24 -0.04906 -1.91347e-04
 25 -0.04974 -2.63470e-04 | 26 -0.05023 -1.26800e-04 | 27 -0.05054 -1.74801e-04
 28 -0.05060 -3.10650e-04 | 29 -0.05029 -4.13964e-04 | 30 -0.04985 -1.25024e-04
 31 -0.04937 -1.01480e-04 | 32 -0.04903 -1.35151e-04 | 33 -0.04901 -2.78544e-04
 34 -0.04934 -3.57220e-04 | 35 -0.04962 -2.02125e-04 | 36 -0.04896 -4.36395e-04
 37 -0.04582 -1.97373e-04 | 38 -0.03768 -2.61147e-04 | 39 -0.06971 -3.81809e-04
 40 -0.04723 -3.15082e-05 | 41 -0.01214  9.20846e-05 | 42  0.03803 -3.27246e-04
 43  0.06748 -1.23828e-03 | 44  0.02783 -2.45836e-04 | 45  0.02538 -5.88599e-04
 46  0.02273 -8.22887e-04 | 47  0.15614 -2.42438e-03 | 48  0.01408 -2.85973e-04
 49  0.00137  4.04280e-05 | 50 -0.00761 -4.14436e-04 | 51  0.05226 -4.36901e-04
 52  0.03571 -4.55295e-04 | 53  0.05169 -4.42493e-04 | 54  0.00572  6.32257e-04
 55  0.04614 -2.60692e-04 | 56 -0.04869  2.00378e-04 | 57  0.08283 -9.53354e-04
 58  0.14280 -2.37083e-03 | 59 -0.18876  7.48255e-04 | 60  0.05900  1.01826e-04
 61 -0.03659  8.35880e-04 | 62 -0.07645  6.08194e-04 | 63  0.05676 -8.68598e-04
 64  0.03806 -8.71404e-04 | 65 -0.01448 -5.42986e-04 | 66 -0.00208 -4.51879e-04
 67 -0.00939  7.40083e-05 | 68  0.02466  9.99866e-04 | 69  0.05065  8.92116e-04
 70 -0.02925  5.64374e-04 | 71  0.06953  6.05957e-04 | 72 -0.02809  1.33708e-04
 73  0.03961 -1.78913e-04 | 74  0.06758 -1.02895e-03 | 75 -0.01674  9.20174e-05
 76  0.04340  1.86368e-03 | 77 -0.06671  6.78095e-04 | 78 -0.02287  4.12001e-04
 79 -0.06135  1.52196e-04 | 80  0.00574  6.76449e-04 | 81  0.01954  4.17645e-04
 82 -0.00423  1.19223e-03 | 83 -0.03637  8.22902e-04 | 84 -0.14556 -1.65966e-04
 85 -0.09589  3.36448e-05 | 86  0.02944  1.95942e-04 | 87 -0.08727  9.19255e-05
 88 -0.05083 -3.83883e-05 | 89  0.05932  1.02281e-03 | 90 -0.05854  2.30167e-04
 91  0.00216  8.87961e-04 | 92 -0.04110  5.58235e-04 | 93 -0.07943 -1.10386e-05
 94 -0.12945  2.22741e-05 | 95 -0.09220 -7.17874e-05 | 96 -0.22676  1.21256e-05
 97 -0.23431  2.03281e-05 | 98 -0.12693  1.23715e-04 | 99 -0.09922 -3.48587e-05
100 -0.00001  4.69014e-05 |101  0.00000  0.00000e+00 |102  0.00000  0.00000e+00
103  0.00000  0.00000e+00 |104 -0.45605 -9.11737e-07 |105 -0.52925 -1.14814e-06
106 -0.22209 -3.80910e-07 |107  0.21249 -2.40819e-03 |108 -0.02693  1.92452e-03
109 -1.02173  8.23560e-06 |110  0.07622 -8.43031e-04 |111 -0.09723 -2.17561e-03
112 -0.07552  4.16033e-04 |113  0.00998 -1.69567e-03 |114 -0.23425 -5.11367e-04
115 -0.18147 -5.17954e-04 |116 -0.13521  9.49365e-05 |117 -0.12165 -3.25999e-04
118 -0.35557 -1.05643e-03 |119  0.16570  1.29449e-04 |120 -0.21944 -1.28873e-04
121 -0.96931 -7.68704e-06 |122  0.19555 -5.60463e-05 |123 -0.95934 -3.61133e-04
124  0.01760  2.80006e-07 |125  0.91361 -1.67229e-06 |126  1.02337 -2.05128e-05
127 -0.04711  1.32910e-03 |128  0.14184  2.45892e-04 |129 -1.56567  1.34874e-04
130  0.11179 -8.58440e-05 |131 -0.02787 -3.07566e-03 |132 -0.13737  1.16662e-03
133 -0.98326  3.62160e-05 |134  0.06330 -2.43112e-05 |135  0.12281  6.82067e-04
136  0.11998  9.54594e-04 |137 -0.02752 -4.09000e-04 |138  0.06729 -3.21789e-04
139 -1.07731  8.84608e-05 |140 -0.93872 -7.73198e-06 |141  0.08248 -4.27717e-05
142 -0.09288 -1.46072e-04 |143 -0.11946  6.16739e-04 |144 -0.19017 -8.36339e-05
145  0.14372 -1.24291e-05 |146  0.23308 -1.12600e-05 |
  ic > imax  in fminim is answer attained ?
Var    Value     Gradient |Var    Value     Gradient |Var    Value     Gradient
  1  0.29394  5.95382e-05 |  2 -0.07897  1.29168e-05 |  3 -0.06767 -2.19451e-04
  4  0.15285 -8.50333e-05 |  5  0.00112 -9.33642e-05 |  6 -0.27217 -1.18095e-04
  7 -0.02399 -1.84292e-03 |  8  0.04521 -2.33559e-04 |  9  0.01756 -1.69720e-04
 10 -0.27209 -9.60294e-05 | 11 -0.31557 -5.43697e-04 | 12 -0.03184 -4.74377e-06
 13 -0.03299 -2.28158e-06 | 14 -0.03416  8.90134e-06 | 15 -0.03540 -1.30733e-05
 16 -0.03679 -1.53463e-05 | 17 -0.03833 -6.26186e-06 | 18 -0.04002 -1.02132e-05
 19 -0.04177 -1.90333e-05 | 20 -0.04355 -1.58919e-05 | 21 -0.04522 -1.89510e-05
 22 -0.04687 -2.42807e-05 | 23 -0.04809 -2.29513e-05 | 24 -0.04906 -1.89934e-05
 25 -0.04974 -6.53322e-06 | 26 -0.05023 -2.15072e-05 | 27 -0.05054 -1.19093e-05
 28 -0.05060  4.65751e-06 | 29 -0.05029  1.21739e-05 | 30 -0.04985 -1.47329e-05
 31 -0.04937 -1.34142e-05 | 32 -0.04903 -1.13341e-05 | 33 -0.04901 -6.21297e-06
 34 -0.04934 -5.49826e-06 | 35 -0.04962 -1.36067e-05 | 36 -0.04896 -2.98900e-05
 37 -0.04582 -4.88491e-05 | 38 -0.03768 -4.62681e-05 | 39 -0.06971 -5.64589e-05
 40 -0.04723 -7.05798e-05 | 41 -0.01214 -8.92030e-05 | 42  0.03803 -5.37068e-05
 43  0.06749 -7.15839e-05 | 44  0.02783 -6.53929e-05 | 45  0.02537 -6.13221e-06
 46  0.02273 -2.54023e-06 | 47  0.15614 -1.67972e-04 | 48  0.01408 -1.23860e-05
 49  0.00137  9.69974e-05 | 50 -0.00761  9.45071e-05 | 51  0.05226 -3.46001e-05
 52  0.03571 -5.59894e-05 | 53  0.05169 -3.99906e-05 | 54  0.00572 -3.47854e-05
 55  0.04614 -7.74704e-05 | 56 -0.04869 -2.14078e-05 | 57  0.08283 -1.18387e-04
 58  0.14280 -2.92023e-04 | 59 -0.18876  7.93405e-06 | 60  0.05900 -8.35729e-05
 61 -0.03660 -2.70102e-05 | 62 -0.07645  3.02911e-06 | 63  0.05676  1.95554e-05
 64  0.03806  9.86834e-05 | 65 -0.01448  1.86581e-04 | 66 -0.00208  1.66554e-04
 67 -0.00939  1.27316e-04 | 68  0.02466  1.61993e-04 | 69  0.05065  4.17077e-05
 70 -0.02925  3.17082e-06 | 71  0.06953 -2.63553e-04 | 72 -0.02809 -8.79969e-05
 73  0.03961 -1.16465e-04 | 74  0.06758 -2.30838e-04 | 75 -0.01674  3.51526e-05
 76  0.04340  7.12971e-05 | 77 -0.06671 -4.58361e-06 | 78 -0.02287 -4.99766e-06
 79 -0.06135  2.70014e-05 | 80  0.00574  8.58949e-05 | 81  0.01954 -1.27772e-06
 82 -0.00423  6.41078e-05 | 83 -0.03637  1.03477e-04 | 84 -0.14556  5.08621e-05
 85 -0.09589  4.23257e-05 | 86  0.02944  3.74574e-05 | 87 -0.08727 -5.06752e-05
 88 -0.05082 -1.01667e-05 | 89  0.05932  6.95399e-05 | 90 -0.05854 -1.77907e-05
 91  0.00216  8.09149e-05 | 92 -0.04110  5.81278e-05 | 93 -0.07943  5.50935e-05
 94 -0.12945  2.90847e-05 | 95 -0.09220 -2.06467e-05 | 96 -0.22676  1.78132e-05
 97 -0.23431  2.02170e-05 | 98 -0.12693 -1.49630e-05 | 99 -0.09922 -1.17863e-05
100 -0.00001 -1.43752e-05 |101  0.00000  0.00000e+00 |102  0.00000  0.00000e+00
103  0.00000  0.00000e+00 |104 -0.45603 -9.11672e-07 |105 -0.52922 -1.14804e-06
106 -0.22208 -3.80893e-07 |107  0.21249 -6.13895e-05 |108 -0.02693  7.17929e-05
109 -1.02173  5.92112e-07 |110  0.07622 -2.33114e-05 |111 -0.09723 -1.44767e-04
112 -0.07552  7.23508e-05 |113  0.00998 -9.10415e-05 |114 -0.23425  4.61218e-06
115 -0.18147 -1.06878e-04 |116 -0.13521  1.06845e-05 |117 -0.12165 -2.58270e-05
118 -0.35557  2.03604e-05 |119  0.16570 -1.85513e-05 |120 -0.21944 -7.55370e-06
121 -0.96931 -4.39164e-07 |122  0.19555  1.88783e-06 |123 -0.95934  7.66146e-05
124  0.01760  2.88364e-08 |125  0.91361 -1.57748e-07 |126  1.02337 -5.95327e-06
127 -0.04712 -5.49875e-05 |128  0.14183  1.33384e-04 |129 -1.56572  2.21326e-06
130  0.11179  4.97202e-05 |131 -0.02787  2.18384e-04 |132 -0.13737 -1.53082e-04
133 -0.98327  1.58764e-05 |134  0.06330 -2.92706e-05 |135  0.12281 -9.14873e-05
136  0.11998 -6.65786e-06 |137 -0.02752  1.75878e-05 |138  0.06729  4.10444e-06
139 -1.07745  1.00506e-07 |140 -0.93872 -9.28832e-06 |141  0.08248  1.96774e-05
142 -0.09288 -1.90735e-05 |143 -0.11947 -4.90880e-05 |144 -0.19018  8.05308e-06
145  0.14375 -1.25648e-06 |146  0.23308 -4.22331e-07 |
Function minimizer not making progress ... is minimum attained?
Minimprove criterion = 0.0000e+00
Warning: the following parameters had issues
  selparm[4] is within 0.1% of lower bound: 0.0000e+00 < 2.6211e-03 < 9.0000e+00
  selparm[22] is within 0.1% of lower bound: 0.0000e+00 < 5.2273e-03 < 9.0000e+00
  selparm[25] is within 1% of lower bound: 1.3001e+01 < 1.3054e+01 < 6.5000e+01
  selparm[28] is within 1% of upper bound: 0.0000e+00 < 8.9586e+00 < 9.0000e+00
  selparm[30] is within 0.1% of upper bound: -5.0000e+00 < 4.9966e+00 < 5.0000e+00
  selparm[40] is within 0.1% of lower bound: 0.0000e+00 < 1.5544e-03 < 9.0000e+00
  selparm[47] is within 1% of lower bound: 0.0000e+00 < 3.3259e-02 < 9.0000e+00
  selparm[48] is within 1% of lower bound: 0.0000e+00 < 2.0835e-02 < 9.0000e+00


 - final statistics:
146 variables; iteration 208; function evaluation 289
Function value 7.3772e+03; maximum gradient component mag -1.8429e-03
Exit code = 1;  converg criter 1.0000e-04
Var    Value     Gradient |Var    Value     Gradient |Var    Value     Gradient
  1  0.29394  5.95382e-05 |  2 -0.07897  1.29168e-05 |  3 -0.06767 -2.19451e-04
  4  0.15285 -8.50333e-05 |  5  0.00112 -9.33642e-05 |  6 -0.27217 -1.18095e-04
  7 -0.02399 -1.84292e-03 |  8  0.04521 -2.33559e-04 |  9  0.01756 -1.69720e-04
 10 -0.27209 -9.60294e-05 | 11 -0.31557 -5.43697e-04 | 12 -0.03184 -4.74377e-06
 13 -0.03299 -2.28158e-06 | 14 -0.03416  8.90134e-06 | 15 -0.03540 -1.30733e-05
 16 -0.03679 -1.53463e-05 | 17 -0.03833 -6.26186e-06 | 18 -0.04002 -1.02132e-05
 19 -0.04177 -1.90333e-05 | 20 -0.04355 -1.58919e-05 | 21 -0.04522 -1.89510e-05
 22 -0.04687 -2.42807e-05 | 23 -0.04809 -2.29513e-05 | 24 -0.04906 -1.89934e-05
 25 -0.04974 -6.53322e-06 | 26 -0.05023 -2.15072e-05 | 27 -0.05054 -1.19093e-05
 28 -0.05060  4.65751e-06 | 29 -0.05029  1.21739e-05 | 30 -0.04985 -1.47329e-05
 31 -0.04937 -1.34142e-05 | 32 -0.04903 -1.13341e-05 | 33 -0.04901 -6.21297e-06
 34 -0.04934 -5.49826e-06 | 35 -0.04962 -1.36067e-05 | 36 -0.04896 -2.98900e-05
 37 -0.04582 -4.88491e-05 | 38 -0.03768 -4.62681e-05 | 39 -0.06971 -5.64589e-05
 40 -0.04723 -7.05798e-05 | 41 -0.01214 -8.92030e-05 | 42  0.03803 -5.37068e-05
 43  0.06749 -7.15839e-05 | 44  0.02783 -6.53929e-05 | 45  0.02537 -6.13221e-06
 46  0.02273 -2.54023e-06 | 47  0.15614 -1.67972e-04 | 48  0.01408 -1.23860e-05
 49  0.00137  9.69974e-05 | 50 -0.00761  9.45071e-05 | 51  0.05226 -3.46001e-05
 52  0.03571 -5.59894e-05 | 53  0.05169 -3.99906e-05 | 54  0.00572 -3.47854e-05
 55  0.04614 -7.74704e-05 | 56 -0.04869 -2.14078e-05 | 57  0.08283 -1.18387e-04
 58  0.14280 -2.92023e-04 | 59 -0.18876  7.93405e-06 | 60  0.05900 -8.35729e-05
 61 -0.03660 -2.70102e-05 | 62 -0.07645  3.02911e-06 | 63  0.05676  1.95554e-05
 64  0.03806  9.86834e-05 | 65 -0.01448  1.86581e-04 | 66 -0.00208  1.66554e-04
 67 -0.00939  1.27316e-04 | 68  0.02466  1.61993e-04 | 69  0.05065  4.17077e-05
 70 -0.02925  3.17082e-06 | 71  0.06953 -2.63553e-04 | 72 -0.02809 -8.79969e-05
 73  0.03961 -1.16465e-04 | 74  0.06758 -2.30838e-04 | 75 -0.01674  3.51526e-05
 76  0.04340  7.12971e-05 | 77 -0.06671 -4.58361e-06 | 78 -0.02287 -4.99766e-06
 79 -0.06135  2.70014e-05 | 80  0.00574  8.58949e-05 | 81  0.01954 -1.27772e-06
 82 -0.00423  6.41078e-05 | 83 -0.03637  1.03477e-04 | 84 -0.14556  5.08621e-05
 85 -0.09589  4.23257e-05 | 86  0.02944  3.74574e-05 | 87 -0.08727 -5.06752e-05
 88 -0.05082 -1.01667e-05 | 89  0.05932  6.95399e-05 | 90 -0.05854 -1.77907e-05
 91  0.00216  8.09149e-05 | 92 -0.04110  5.81278e-05 | 93 -0.07943  5.50935e-05
 94 -0.12945  2.90847e-05 | 95 -0.09220 -2.06467e-05 | 96 -0.22676  1.78132e-05
 97 -0.23431  2.02170e-05 | 98 -0.12693 -1.49630e-05 | 99 -0.09922 -1.17863e-05
100 -0.00001 -1.43752e-05 |101  0.00000  0.00000e+00 |102  0.00000  0.00000e+00
103  0.00000  0.00000e+00 |104 -0.45603 -9.11672e-07 |105 -0.52922 -1.14804e-06
106 -0.22208 -3.80893e-07 |107  0.21249 -6.13895e-05 |108 -0.02693  7.17929e-05
109 -1.02173  5.92112e-07 |110  0.07622 -2.33114e-05 |111 -0.09723 -1.44767e-04
112 -0.07552  7.23508e-05 |113  0.00998 -9.10415e-05 |114 -0.23425  4.61218e-06
115 -0.18147 -1.06878e-04 |116 -0.13521  1.06845e-05 |117 -0.12165 -2.58270e-05
118 -0.35557  2.03604e-05 |119  0.16570 -1.85513e-05 |120 -0.21944 -7.55370e-06
121 -0.96931 -4.39164e-07 |122  0.19555  1.88783e-06 |123 -0.95934  7.66146e-05
124  0.01760  2.88364e-08 |125  0.91361 -1.57748e-07 |126  1.02337 -5.95327e-06
127 -0.04712 -5.49875e-05 |128  0.14183  1.33384e-04 |129 -1.56572  2.21326e-06
130  0.11179  4.97202e-05 |131 -0.02787  2.18384e-04 |132 -0.13737 -1.53082e-04
133 -0.98327  1.58764e-05 |134  0.06330 -2.92706e-05 |135  0.12281 -9.14873e-05
136  0.11998 -6.65786e-06 |137 -0.02752  1.75878e-05 |138  0.06729  4.10444e-06
139 -1.07745  1.00506e-07 |140 -0.93872 -9.28832e-06 |141  0.08248  1.96774e-05
142 -0.09288 -1.90735e-05 |143 -0.11947 -4.90880e-05 |144 -0.19018  8.05308e-06
145  0.14375 -1.25648e-06 |146  0.23308 -4.22331e-07 |
size of file gradfil1.tmp = 0
size of file gradfil2.tmp = 0
size of file varssave.tmp = 0
size of file cmpdiff.tmp = 0
